[0m** WARNING ** io features related to pcap will be disabled[0m
[01m[K/home/mark/thesis/src/slam_1_pc-process/src/6_clustering.cpp:[m[K In function ‘[01m[Kint main()[m[K’:
[01m[K/home/mark/thesis/src/slam_1_pc-process/src/6_clustering.cpp:88:45:[m[K [01;31m[Kerror: [m[Kcannot bind non-const lvalue reference of type ‘[01m[Kstd::string&[m[K’ {aka ‘[01m[Kstd::__cxx11::basic_string<char>&[m[K’} to an rvalue of type ‘[01m[Kstd::filesystem::__cxx11::path::string_type[m[K’ {aka ‘[01m[Kstd::__cxx11::basic_string<char>[m[K’}
   88 |                 export_pcd(cloud_name.str(),[01;31m[Kpath_dir_pcd[m[K,cylinder_cloud);
      |                                             [01;31m[K^~~~~~~~~~~~[m[K
In file included from [01m[K/usr/include/c++/11/filesystem:45[m[K,
                 from [01m[K/home/mark/thesis/src/slam_1_pc-process/src/6_clustering.cpp:2[m[K:
[01m[K/usr/include/c++/11/bits/fs_path.h:412:5:[m[K [01;36m[Knote: [m[K  after user-defined conversion: ‘[01m[Kstd::filesystem::__cxx11::path::operator std::filesystem::__cxx11::path::string_type() const[m[K’
  412 |     [01;36m[Koperator[m[K string_type() const { return _M_pathname; }
      |     [01;36m[K^~~~~~~~[m[K
[01m[K/home/mark/thesis/src/slam_1_pc-process/src/6_clustering.cpp:19:59:[m[K [01;36m[Knote: [m[K  initializing argument 2 of ‘[01m[Kvoid export_pcd(const string&, std::string&, pcl::PointCloud<pcl::PointXYZ>::Ptr)[m[K’
   19 | void export_pcd(const std::string& file_name,[01;36m[Kstd::string& path[m[K, pcl::PointCloud<PointT>::Ptr cloud_arg){
      |                                              [01;36m[K~~~~~~~~~~~~~^~~~[m[K
[01m[K/home/mark/thesis/src/slam_1_pc-process/src/6_clustering.cpp:106:45:[m[K [01;31m[Kerror: [m[K‘[01m[Kexport_cloud[m[K’ was not declared in this scope; did you mean ‘[01m[Kexport_pcd[m[K’?
  106 |     cloud_writer.write<PointT>(path_export,*[01;31m[Kexport_cloud[m[K);
      |                                             [01;31m[K^~~~~~~~~~~~[m[K
      |                                             [32m[Kexport_pcd[m[K
gmake[2]: *** [CMakeFiles/6_clustering.dir/build.make:76: CMakeFiles/6_clustering.dir/src/6_clustering.cpp.o] Error 1
gmake[1]: *** [CMakeFiles/Makefile2:277: CMakeFiles/6_clustering.dir/all] Error 2
gmake: *** [Makefile:146: all] Error 2
