-- Found ament_cmake: 1.3.9 (/opt/ros/humble/share/ament_cmake/cmake)
-- Eigen found (include: /usr/include/eigen3, version: 3.4.0)
-- FLANN found (include: /usr/include, lib: /usr/lib/x86_64-linux-gnu/libflann_cpp.so)
-- OpenNI found (version: 1.5.4.0, include: /usr/include/ni, lib: /usr/lib/libOpenNI.so;libusb::libusb)
-- OpenNI2 found (version: 2.2.0.33, include: /usr/include/openni2, lib: /usr/lib/x86_64-linux-gnu/libOpenNI2.so;libusb::libusb)
[0m** WARNING ** io features related to pcap will be disabled[0m
-- Eigen found (include: /usr/include/eigen3, version: 3.4.0)
-- OpenNI found (version: 1.5.4.0, include: /usr/include/ni, lib: /usr/lib/libOpenNI.so;libusb::libusb)
-- OpenNI2 found (version: 2.2.0.33, include: /usr/include/openni2, lib: /usr/lib/x86_64-linux-gnu/libOpenNI2.so;libusb::libusb)
-- Found Qhull version 8.0.2
-- OpenNI found (version: 1.5.4.0, include: /usr/include/ni, lib: /usr/lib/libOpenNI.so;libusb::libusb)
-- looking for PCL_COMMON
-- looking for PCL_KDTREE
-- looking for PCL_OCTREE
-- looking for PCL_SEARCH
-- looking for PCL_SAMPLE_CONSENSUS
-- looking for PCL_FILTERS
-- looking for PCL_2D
-- looking for PCL_GEOMETRY
-- looking for PCL_IO
-- looking for PCL_FEATURES
-- looking for PCL_ML
-- looking for PCL_SEGMENTATION
-- looking for PCL_VISUALIZATION
-- looking for PCL_SURFACE
-- looking for PCL_REGISTRATION
-- looking for PCL_KEYPOINTS
-- looking for PCL_TRACKING
-- looking for PCL_RECOGNITION
-- looking for PCL_STEREO
-- looking for PCL_APPS
-- looking for PCL_IN_HAND_SCANNER
-- looking for PCL_MODELER
-- looking for PCL_POINT_CLOUD_EDITOR
-- looking for PCL_OUTOFCORE
-- looking for PCL_PEOPLE
-- Found rclcpp: 16.0.9 (/opt/ros/humble/share/rclcpp/cmake)
-- Found rosidl_generator_c: 3.1.5 (/opt/ros/humble/share/rosidl_generator_c/cmake)
-- Found rosidl_adapter: 3.1.5 (/opt/ros/humble/share/rosidl_adapter/cmake)
-- Found rosidl_generator_cpp: 3.1.5 (/opt/ros/humble/share/rosidl_generator_cpp/cmake)
-- Using all available rosidl_typesupport_c: rosidl_typesupport_fastrtps_c;rosidl_typesupport_introspection_c
-- Using all available rosidl_typesupport_cpp: rosidl_typesupport_fastrtps_cpp;rosidl_typesupport_introspection_cpp
-- Found rmw_implementation_cmake: 6.1.2 (/opt/ros/humble/share/rmw_implementation_cmake/cmake)
-- Found rmw_fastrtps_cpp: 6.2.6 (/opt/ros/humble/share/rmw_fastrtps_cpp/cmake)
-- Using RMW implementation 'rmw_fastrtps_cpp' as default
-- Configuring done
-- Generating done
-- Build files have been written to: /home/mark/thesis/build/slam_1_pc-process
[35m[1mConsolidate compiler generated dependencies of target 1_import_pcd[0m
[35m[1mConsolidate compiler generated dependencies of target 3_voxel_grid[0m
[35m[1mConsolidate compiler generated dependencies of target 4_passthrough[0m
[35m[1mConsolidate compiler generated dependencies of target 2_manual_pcd[0m
[  8%] [32mBuilding CXX object CMakeFiles/3_voxel_grid.dir/src/3_voxel_grid.cpp.o[0m
[ 25%] Built target 1_import_pcd
[35m[1mConsolidate compiler generated dependencies of target 5_segmentation[0m
[ 41%] Built target 2_manual_pcd
[ 50%] [32mBuilding CXX object CMakeFiles/4_passthrough.dir/src/4_passthrough.cpp.o[0m
[ 58%] [32mBuilding CXX object CMakeFiles/6_clustering.dir/src/6_clustering.cpp.o[0m
[ 66%] [32mBuilding CXX object CMakeFiles/5_segmentation.dir/src/5_segmentation.cpp.o[0m
[01m[K/home/mark/thesis/src/slam_1_pc-process/src/6_clustering.cpp:[m[K In function ‘[01m[Kint main()[m[K’:
[01m[K/home/mark/thesis/src/slam_1_pc-process/src/6_clustering.cpp:88:45:[m[K [01;31m[Kerror: [m[Kcannot bind non-const lvalue reference of type ‘[01m[Kstd::string&[m[K’ {aka ‘[01m[Kstd::__cxx11::basic_string<char>&[m[K’} to an rvalue of type ‘[01m[Kstd::filesystem::__cxx11::path::string_type[m[K’ {aka ‘[01m[Kstd::__cxx11::basic_string<char>[m[K’}
   88 |                 export_pcd(cloud_name.str(),[01;31m[Kpath_dir_pcd[m[K,cylinder_cloud);
      |                                             [01;31m[K^~~~~~~~~~~~[m[K
In file included from [01m[K/usr/include/c++/11/filesystem:45[m[K,
                 from [01m[K/home/mark/thesis/src/slam_1_pc-process/src/6_clustering.cpp:2[m[K:
[01m[K/usr/include/c++/11/bits/fs_path.h:412:5:[m[K [01;36m[Knote: [m[K  after user-defined conversion: ‘[01m[Kstd::filesystem::__cxx11::path::operator std::filesystem::__cxx11::path::string_type() const[m[K’
  412 |     [01;36m[Koperator[m[K string_type() const { return _M_pathname; }
      |     [01;36m[K^~~~~~~~[m[K
[01m[K/home/mark/thesis/src/slam_1_pc-process/src/6_clustering.cpp:19:59:[m[K [01;36m[Knote: [m[K  initializing argument 2 of ‘[01m[Kvoid export_pcd(const string&, std::string&, pcl::PointCloud<pcl::PointXYZ>::Ptr)[m[K’
   19 | void export_pcd(const std::string& file_name,[01;36m[Kstd::string& path[m[K, pcl::PointCloud<PointT>::Ptr cloud_arg){
      |                                              [01;36m[K~~~~~~~~~~~~~^~~~[m[K
[01m[K/home/mark/thesis/src/slam_1_pc-process/src/6_clustering.cpp:106:45:[m[K [01;31m[Kerror: [m[K‘[01m[Kexport_cloud[m[K’ was not declared in this scope; did you mean ‘[01m[Kexport_pcd[m[K’?
  106 |     cloud_writer.write<PointT>(path_export,*[01;31m[Kexport_cloud[m[K);
      |                                             [01;31m[K^~~~~~~~~~~~[m[K
      |                                             [32m[Kexport_pcd[m[K
[ 75%] [32m[1mLinking CXX executable 4_passthrough[0m
[ 83%] [32m[1mLinking CXX executable 5_segmentation[0m
[ 91%] [32m[1mLinking CXX executable 3_voxel_grid[0m
[ 91%] Built target 4_passthrough
[ 91%] Built target 3_voxel_grid
[ 91%] Built target 5_segmentation
gmake[2]: *** [CMakeFiles/6_clustering.dir/build.make:76: CMakeFiles/6_clustering.dir/src/6_clustering.cpp.o] Error 1
gmake[1]: *** [CMakeFiles/Makefile2:277: CMakeFiles/6_clustering.dir/all] Error 2
gmake: *** [Makefile:146: all] Error 2
