[0.041s] Invoking command in '/home/mark/thesis/build/slam_1_pc-process': CMAKE_PREFIX_PATH=${CMAKE_PREFIX_PATH}:/home/mark/ros_ws/install/my_ros_01:/home/mark/ros_ws/install/my_package:/home/mark/ros_ws/install/lifecycle_py:/opt/ros/humble /usr/bin/cmake --build /home/mark/thesis/build/slam_1_pc-process -- -j4 -l4
[0.126s] -- Found ament_cmake: 1.3.9 (/opt/ros/humble/share/ament_cmake/cmake)
[1.335s] -- Eigen found (include: /usr/include/eigen3, version: 3.4.0)
[1.525s] -- FLANN found (include: /usr/include, lib: /usr/lib/x86_64-linux-gnu/libflann_cpp.so)
[2.919s] -- OpenNI found (version: 1.5.4.0, include: /usr/include/ni, lib: /usr/lib/libOpenNI.so;libusb::libusb)
[2.930s] -- OpenNI2 found (version: 2.2.0.33, include: /usr/include/openni2, lib: /usr/lib/x86_64-linux-gnu/libOpenNI2.so;libusb::libusb)
[2.931s] [0m** WARNING ** io features related to pcap will be disabled[0m
[3.325s] -- Eigen found (include: /usr/include/eigen3, version: 3.4.0)
[3.338s] -- OpenNI found (version: 1.5.4.0, include: /usr/include/ni, lib: /usr/lib/libOpenNI.so;libusb::libusb)
[3.362s] -- OpenNI2 found (version: 2.2.0.33, include: /usr/include/openni2, lib: /usr/lib/x86_64-linux-gnu/libOpenNI2.so;libusb::libusb)
[3.730s] -- Found Qhull version 8.0.2
[4.164s] -- OpenNI found (version: 1.5.4.0, include: /usr/include/ni, lib: /usr/lib/libOpenNI.so;libusb::libusb)
[4.559s] -- looking for PCL_COMMON
[4.560s] -- looking for PCL_KDTREE
[4.561s] -- looking for PCL_OCTREE
[4.562s] -- looking for PCL_SEARCH
[4.562s] -- looking for PCL_SAMPLE_CONSENSUS
[4.563s] -- looking for PCL_FILTERS
[4.564s] -- looking for PCL_2D
[4.565s] -- looking for PCL_GEOMETRY
[4.565s] -- looking for PCL_IO
[4.567s] -- looking for PCL_FEATURES
[4.568s] -- looking for PCL_ML
[4.569s] -- looking for PCL_SEGMENTATION
[4.570s] -- looking for PCL_VISUALIZATION
[4.571s] -- looking for PCL_SURFACE
[4.572s] -- looking for PCL_REGISTRATION
[4.573s] -- looking for PCL_KEYPOINTS
[4.574s] -- looking for PCL_TRACKING
[4.575s] -- looking for PCL_RECOGNITION
[4.576s] -- looking for PCL_STEREO
[4.577s] -- looking for PCL_APPS
[4.579s] -- looking for PCL_IN_HAND_SCANNER
[4.580s] -- looking for PCL_MODELER
[4.580s] -- looking for PCL_POINT_CLOUD_EDITOR
[4.581s] -- looking for PCL_OUTOFCORE
[4.582s] -- looking for PCL_PEOPLE
[4.586s] -- Found rclcpp: 16.0.9 (/opt/ros/humble/share/rclcpp/cmake)
[4.641s] -- Found rosidl_generator_c: 3.1.5 (/opt/ros/humble/share/rosidl_generator_c/cmake)
[4.646s] -- Found rosidl_adapter: 3.1.5 (/opt/ros/humble/share/rosidl_adapter/cmake)
[4.661s] -- Found rosidl_generator_cpp: 3.1.5 (/opt/ros/humble/share/rosidl_generator_cpp/cmake)
[4.689s] -- Using all available rosidl_typesupport_c: rosidl_typesupport_fastrtps_c;rosidl_typesupport_introspection_c
[4.725s] -- Using all available rosidl_typesupport_cpp: rosidl_typesupport_fastrtps_cpp;rosidl_typesupport_introspection_cpp
[4.858s] -- Found rmw_implementation_cmake: 6.1.2 (/opt/ros/humble/share/rmw_implementation_cmake/cmake)
[4.864s] -- Found rmw_fastrtps_cpp: 6.2.6 (/opt/ros/humble/share/rmw_fastrtps_cpp/cmake)
[5.112s] -- Using RMW implementation 'rmw_fastrtps_cpp' as default
[5.405s] -- Found sensor_msgs: 4.2.4 (/opt/ros/humble/share/sensor_msgs/cmake)
[5.634s] -- Found pcl_conversions: 2.4.0 (/opt/ros/humble/share/pcl_conversions/cmake)
[5.873s] [31mCMake Error at /opt/ros/humble/share/ament_cmake_target_dependencies/cmake/ament_target_dependencies.cmake:77 (message):
[5.874s]   ament_target_dependencies() the passed package name 'visualization_msgs'
[5.874s]   was not found before
[5.874s] Call Stack (most recent call first):
[5.874s]   CMakeLists.txt:39 (ament_target_dependencies)
[5.874s] 
[5.875s] [0m
[5.875s] -- Configuring incomplete, errors occurred!
[5.875s] See also "/home/mark/thesis/build/slam_1_pc-process/CMakeFiles/CMakeOutput.log".
[5.899s] gmake: *** [Makefile:513: cmake_check_build_system] Error 1
[5.904s] Invoked command in '/home/mark/thesis/build/slam_1_pc-process' returned '2': CMAKE_PREFIX_PATH=${CMAKE_PREFIX_PATH}:/home/mark/ros_ws/install/my_ros_01:/home/mark/ros_ws/install/my_package:/home/mark/ros_ws/install/lifecycle_py:/opt/ros/humble /usr/bin/cmake --build /home/mark/thesis/build/slam_1_pc-process -- -j4 -l4
