[0.795s] DEBUG:colcon:Command line arguments: ['/usr/bin/colcon', 'list', '-p', '--base-paths', '/home/mark/thesis']
[0.796s] DEBUG:colcon:Parsed command line arguments: Namespace(log_base=None, log_level=None, verb_name='list', build_base='build', ignore_user_meta=False, metas=['./colcon.meta'], base_paths=['/home/mark/thesis'], packages_ignore=None, packages_ignore_regex=None, paths=None, packages_up_to=None, packages_up_to_regex=None, packages_above=None, packages_above_and_dependencies=None, packages_above_depth=None, packages_select_by_dep=None, packages_skip_by_dep=None, packages_skip_up_to=None, packages_select_build_failed=False, packages_skip_build_finished=False, packages_select_test_failures=False, packages_skip_test_passed=False, packages_select=None, packages_skip=None, packages_select_regex=None, packages_skip_regex=None, packages_start=None, packages_end=None, allow_overriding=[], topological_order=False, names_only=False, paths_only=True, topological_graph=False, topological_graph_dot=False, topological_graph_density=False, topological_graph_legend=False, topological_graph_dot_cluster=False, topological_graph_dot_include_skipped=False, verb_parser=<colcon_defaults.argument_parser.defaults.DefaultArgumentsDecorator object at 0x7440885a21a0>, verb_extension=<colcon_package_information.verb.list.ListVerb object at 0x7440885a11b0>, main=<bound method ListVerb.main of <colcon_package_information.verb.list.ListVerb object at 0x7440885a11b0>>)
[1.154s] Level 1:colcon.colcon_core.package_discovery:discover_packages(colcon_meta) check parameters
[1.154s] Level 1:colcon.colcon_core.package_discovery:discover_packages(recursive) check parameters
[1.154s] Level 1:colcon.colcon_core.package_discovery:discover_packages(ignore) check parameters
[1.154s] Level 1:colcon.colcon_core.package_discovery:discover_packages(path) check parameters
[1.154s] Level 1:colcon.colcon_core.package_discovery:discover_packages(recursive) discover
[1.154s] INFO:colcon.colcon_core.package_discovery:Crawling recursively for packages in '/home/mark/thesis'
[1.155s] Level 1:colcon.colcon_core.package_identification:_identify(/home/mark/thesis) by extensions ['ignore', 'ignore_ament_install']
[1.157s] Level 1:colcon.colcon_core.package_identification:_identify(/home/mark/thesis) by extension 'ignore'
[1.157s] Level 1:colcon.colcon_core.package_identification:_identify(/home/mark/thesis) by extension 'ignore_ament_install'
[1.157s] Level 1:colcon.colcon_core.package_identification:_identify(/home/mark/thesis) by extensions ['colcon_pkg']
[1.157s] Level 1:colcon.colcon_core.package_identification:_identify(/home/mark/thesis) by extension 'colcon_pkg'
[1.157s] Level 1:colcon.colcon_core.package_identification:_identify(/home/mark/thesis) by extensions ['colcon_meta']
[1.157s] Level 1:colcon.colcon_core.package_identification:_identify(/home/mark/thesis) by extension 'colcon_meta'
[1.158s] Level 1:colcon.colcon_core.package_identification:_identify(/home/mark/thesis) by extensions ['ros']
[1.158s] Level 1:colcon.colcon_core.package_identification:_identify(/home/mark/thesis) by extension 'ros'
[1.279s] Level 1:colcon.colcon_core.package_identification:_identify(/home/mark/thesis) by extensions ['cmake', 'python']
[1.280s] Level 1:colcon.colcon_core.package_identification:_identify(/home/mark/thesis) by extension 'cmake'
[1.280s] Level 1:colcon.colcon_core.package_identification:_identify(/home/mark/thesis) by extension 'python'
[1.280s] Level 1:colcon.colcon_core.package_identification:_identify(/home/mark/thesis) by extensions ['python_setup_py']
[1.280s] Level 1:colcon.colcon_core.package_identification:_identify(/home/mark/thesis) by extension 'python_setup_py'
[1.281s] Level 1:colcon.colcon_core.package_identification:_identify(/home/mark/thesis/build) by extensions ['ignore', 'ignore_ament_install']
[1.282s] Level 1:colcon.colcon_core.package_identification:_identify(/home/mark/thesis/build) by extension 'ignore'
[1.282s] Level 1:colcon.colcon_core.package_identification:_identify(/home/mark/thesis/build) ignored
[1.282s] Level 1:colcon.colcon_core.package_identification:_identify(/home/mark/thesis/install) by extensions ['ignore', 'ignore_ament_install']
[1.283s] Level 1:colcon.colcon_core.package_identification:_identify(/home/mark/thesis/install) by extension 'ignore'
[1.283s] Level 1:colcon.colcon_core.package_identification:_identify(/home/mark/thesis/install) ignored
[1.283s] Level 1:colcon.colcon_core.package_identification:_identify(/home/mark/thesis/log) by extensions ['ignore', 'ignore_ament_install']
[1.283s] Level 1:colcon.colcon_core.package_identification:_identify(/home/mark/thesis/log) by extension 'ignore'
[1.284s] Level 1:colcon.colcon_core.package_identification:_identify(/home/mark/thesis/log) ignored
[1.285s] Level 1:colcon.colcon_core.package_identification:_identify(/home/mark/thesis/src) by extensions ['ignore', 'ignore_ament_install']
[1.286s] Level 1:colcon.colcon_core.package_identification:_identify(/home/mark/thesis/src) by extension 'ignore'
[1.287s] Level 1:colcon.colcon_core.package_identification:_identify(/home/mark/thesis/src) by extension 'ignore_ament_install'
[1.287s] Level 1:colcon.colcon_core.package_identification:_identify(/home/mark/thesis/src) by extensions ['colcon_pkg']
[1.287s] Level 1:colcon.colcon_core.package_identification:_identify(/home/mark/thesis/src) by extension 'colcon_pkg'
[1.287s] Level 1:colcon.colcon_core.package_identification:_identify(/home/mark/thesis/src) by extensions ['colcon_meta']
[1.287s] Level 1:colcon.colcon_core.package_identification:_identify(/home/mark/thesis/src) by extension 'colcon_meta'
[1.288s] Level 1:colcon.colcon_core.package_identification:_identify(/home/mark/thesis/src) by extensions ['ros']
[1.288s] Level 1:colcon.colcon_core.package_identification:_identify(/home/mark/thesis/src) by extension 'ros'
[1.298s] Level 1:colcon.colcon_core.package_identification:_identify(/home/mark/thesis/src) by extensions ['cmake', 'python']
[1.298s] Level 1:colcon.colcon_core.package_identification:_identify(/home/mark/thesis/src) by extension 'cmake'
[1.298s] Level 1:colcon.colcon_core.package_identification:_identify(/home/mark/thesis/src) by extension 'python'
[1.300s] Level 1:colcon.colcon_core.package_identification:_identify(/home/mark/thesis/src) by extensions ['python_setup_py']
[1.300s] Level 1:colcon.colcon_core.package_identification:_identify(/home/mark/thesis/src) by extension 'python_setup_py'
[1.300s] Level 1:colcon.colcon_core.package_identification:_identify(/home/mark/thesis/src/slam_1_pc-process) by extensions ['ignore', 'ignore_ament_install']
[1.301s] Level 1:colcon.colcon_core.package_identification:_identify(/home/mark/thesis/src/slam_1_pc-process) by extension 'ignore'
[1.301s] Level 1:colcon.colcon_core.package_identification:_identify(/home/mark/thesis/src/slam_1_pc-process) by extension 'ignore_ament_install'
[1.301s] Level 1:colcon.colcon_core.package_identification:_identify(/home/mark/thesis/src/slam_1_pc-process) by extensions ['colcon_pkg']
[1.301s] Level 1:colcon.colcon_core.package_identification:_identify(/home/mark/thesis/src/slam_1_pc-process) by extension 'colcon_pkg'
[1.301s] Level 1:colcon.colcon_core.package_identification:_identify(/home/mark/thesis/src/slam_1_pc-process) by extensions ['colcon_meta']
[1.301s] Level 1:colcon.colcon_core.package_identification:_identify(/home/mark/thesis/src/slam_1_pc-process) by extension 'colcon_meta'
[1.302s] Level 1:colcon.colcon_core.package_identification:_identify(/home/mark/thesis/src/slam_1_pc-process) by extensions ['ros']
[1.302s] Level 1:colcon.colcon_core.package_identification:_identify(/home/mark/thesis/src/slam_1_pc-process) by extension 'ros'
[1.312s] DEBUG:colcon.colcon_core.package_identification:Package '/home/mark/thesis/src/slam_1_pc-process' with type 'ros.ament_cmake' and name 'slam_1_pc-process'
[1.313s] Level 1:colcon.colcon_core.package_discovery:discover_packages(recursive) using defaults
