[0.075s] Invoking command in '/home/mark/thesis/build/slam_0_bringup': CMAKE_PREFIX_PATH=${CMAKE_PREFIX_PATH}:/home/mark/ros_ws/install/my_ros_01:/home/mark/ros_ws/install/my_package:/home/mark/ros_ws/install/lifecycle_py:/opt/ros/humble /usr/bin/cmake --build /home/mark/thesis/build/slam_0_bringup -- -j4 -l4
[0.321s] Invoked command in '/home/mark/thesis/build/slam_0_bringup' returned '0': CMAKE_PREFIX_PATH=${CMAKE_PREFIX_PATH}:/home/mark/ros_ws/install/my_ros_01:/home/mark/ros_ws/install/my_package:/home/mark/ros_ws/install/lifecycle_py:/opt/ros/humble /usr/bin/cmake --build /home/mark/thesis/build/slam_0_bringup -- -j4 -l4
[0.511s] Invoking command in '/home/mark/thesis/build/slam_0_bringup': CMAKE_PREFIX_PATH=${CMAKE_PREFIX_PATH}:/home/mark/ros_ws/install/my_ros_01:/home/mark/ros_ws/install/my_package:/home/mark/ros_ws/install/lifecycle_py:/opt/ros/humble /usr/bin/cmake --install /home/mark/thesis/build/slam_0_bringup
[0.603s] -- Install configuration: ""
[0.606s] -- Up-to-date: /home/mark/thesis/install/slam_0_bringup/share/slam_0_bringup//launch
[0.607s] -- Up-to-date: /home/mark/thesis/install/slam_0_bringup/share/slam_0_bringup//launch/publish_kitti.launch.py
[0.608s] -- Up-to-date: /home/mark/thesis/install/slam_0_bringup/share/slam_0_bringup//launch/my_rviz.launch.py
[0.608s] -- Up-to-date: /home/mark/thesis/install/slam_0_bringup/share/slam_0_bringup//launch/rtab_mapping.launch.py
[0.610s] -- Up-to-date: /home/mark/thesis/install/slam_0_bringup/share/slam_0_bringup//rviz
[0.614s] -- Installing: /home/mark/thesis/install/slam_0_bringup/share/slam_0_bringup//rviz/kitti_viz.rviz
[0.614s] -- Up-to-date: /home/mark/thesis/install/slam_0_bringup/share/ament_index/resource_index/package_run_dependencies/slam_0_bringup
[0.615s] -- Up-to-date: /home/mark/thesis/install/slam_0_bringup/share/ament_index/resource_index/parent_prefix_path/slam_0_bringup
[0.615s] -- Up-to-date: /home/mark/thesis/install/slam_0_bringup/share/slam_0_bringup/environment/ament_prefix_path.sh
[0.615s] -- Up-to-date: /home/mark/thesis/install/slam_0_bringup/share/slam_0_bringup/environment/ament_prefix_path.dsv
[0.620s] -- Up-to-date: /home/mark/thesis/install/slam_0_bringup/share/slam_0_bringup/environment/path.sh
[0.622s] -- Up-to-date: /home/mark/thesis/install/slam_0_bringup/share/slam_0_bringup/environment/path.dsv
[0.624s] -- Up-to-date: /home/mark/thesis/install/slam_0_bringup/share/slam_0_bringup/local_setup.bash
[0.626s] -- Up-to-date: /home/mark/thesis/install/slam_0_bringup/share/slam_0_bringup/local_setup.sh
[0.627s] -- Up-to-date: /home/mark/thesis/install/slam_0_bringup/share/slam_0_bringup/local_setup.zsh
[0.627s] -- Up-to-date: /home/mark/thesis/install/slam_0_bringup/share/slam_0_bringup/local_setup.dsv
[0.628s] -- Installing: /home/mark/thesis/install/slam_0_bringup/share/slam_0_bringup/package.dsv
[0.631s] -- Up-to-date: /home/mark/thesis/install/slam_0_bringup/share/ament_index/resource_index/packages/slam_0_bringup
[0.634s] -- Up-to-date: /home/mark/thesis/install/slam_0_bringup/share/slam_0_bringup/cmake/slam_0_bringupConfig.cmake
[0.640s] -- Up-to-date: /home/mark/thesis/install/slam_0_bringup/share/slam_0_bringup/cmake/slam_0_bringupConfig-version.cmake
[0.640s] -- Up-to-date: /home/mark/thesis/install/slam_0_bringup/share/slam_0_bringup/package.xml
[0.650s] Invoked command in '/home/mark/thesis/build/slam_0_bringup' returned '0': CMAKE_PREFIX_PATH=${CMAKE_PREFIX_PATH}:/home/mark/ros_ws/install/my_ros_01:/home/mark/ros_ws/install/my_package:/home/mark/ros_ws/install/lifecycle_py:/opt/ros/humble /usr/bin/cmake --install /home/mark/thesis/build/slam_0_bringup
