[0.037s] Invoking command in '/home/mark/thesis/build/slam_1_pc-process': CMAKE_PREFIX_PATH=${CMAKE_PREFIX_PATH}:/home/mark/ros_ws/install/my_ros_01:/home/mark/ros_ws/install/my_package:/home/mark/ros_ws/install/lifecycle_py:/opt/ros/humble /usr/bin/cmake /home/mark/thesis/src/slam_1_pc-process -DCMAKE_INSTALL_PREFIX=/home/mark/thesis/install/slam_1_pc-process
[0.180s] -- The C compiler identification is GNU 11.4.0
[0.364s] -- The CXX compiler identification is GNU 11.4.0
[0.391s] -- Detecting C compiler ABI info
[0.671s] -- Detecting C compiler ABI info - done
[0.691s] -- Check for working C compiler: /usr/bin/cc - skipped
[0.692s] -- Detecting C compile features
[0.694s] -- Detecting C compile features - done
[0.700s] -- Detecting CXX compiler ABI info
[0.947s] -- Detecting CXX compiler ABI info - done
[0.969s] -- Check for working CXX compiler: /usr/bin/c++ - skipped
[0.970s] -- Detecting CXX compile features
[0.972s] -- Detecting CXX compile features - done
[0.981s] -- Found ament_cmake: 1.3.9 (/opt/ros/humble/share/ament_cmake/cmake)
[2.555s] -- Found Python3: /usr/bin/python3 (found version "3.10.12") found components: Interpreter 
[2.974s] -- Checking for module 'eigen3'
[3.017s] --   Found eigen3, version 3.4.0
[3.177s] -- Found Eigen: /usr/include/eigen3 (Required is at least version "3.1") 
[3.179s] -- Eigen found (include: /usr/include/eigen3, version: 3.4.0)
[3.269s] -- Found Boost: /usr/lib/x86_64-linux-gnu/cmake/Boost-1.74.0/BoostConfig.cmake (found suitable version "1.74.0", minimum required is "1.65.0") found components: system filesystem date_time iostreams serialization 
[3.334s] -- Checking for module 'flann'
[3.434s] --   Found flann, version 1.9.1
[3.579s] -- Found FLANN: /usr/lib/x86_64-linux-gnu/libflann_cpp.so  
[3.580s] -- FLANN found (include: /usr/include, lib: /usr/lib/x86_64-linux-gnu/libflann_cpp.so)
[3.663s] -- Looking for pthread.h
[3.850s] -- Looking for pthread.h - found
[3.851s] -- Performing Test CMAKE_HAVE_LIBC_PTHREAD
[4.072s] -- Performing Test CMAKE_HAVE_LIBC_PTHREAD - Success
[4.074s] -- Found Threads: TRUE  
[4.087s] -- Found GLEW: /usr/lib/x86_64-linux-gnu/libGLEW.so  
[4.112s] -- Found OpenGL: /usr/lib/x86_64-linux-gnu/libOpenGL.so  found components: OpenGL GLX 
[4.525s] -- Found MPI_C: /usr/lib/x86_64-linux-gnu/libmpi.so (found version "3.1") 
[4.526s] -- Found MPI: TRUE (found version "3.1") found components: C 
[4.541s] -- Found JsonCpp: /usr/lib/x86_64-linux-gnu/libjsoncpp.so (found suitable version "1.9.5", minimum required is "0.7.0") 
[4.567s] -- Found ZLIB: /usr/lib/x86_64-linux-gnu/libz.so (found version "1.2.11") 
[4.628s] -- Found PNG: /usr/lib/x86_64-linux-gnu/libpng.so (found version "1.6.37") 
[4.680s] -- Found Eigen3: /usr/include/eigen3 (found version "3.4.0") 
[5.007s] -- Found X11: /usr/include   
[5.008s] -- Looking for XOpenDisplay in /usr/lib/x86_64-linux-gnu/libX11.so;/usr/lib/x86_64-linux-gnu/libXext.so
[5.196s] -- Looking for XOpenDisplay in /usr/lib/x86_64-linux-gnu/libX11.so;/usr/lib/x86_64-linux-gnu/libXext.so - found
[5.196s] -- Looking for gethostbyname
[5.407s] -- Looking for gethostbyname - found
[5.408s] -- Looking for connect
[5.606s] -- Looking for connect - found
[5.606s] -- Looking for remove
[6.070s] -- Looking for remove - found
[6.071s] -- Looking for shmat
[6.311s] -- Looking for shmat - found
[6.311s] -- Looking for IceConnectionNumber in ICE
[6.489s] -- Looking for IceConnectionNumber in ICE - found
[6.728s] -- Found EXPAT: /usr/lib/x86_64-linux-gnu/libexpat.so (found version "2.4.7") 
[6.741s] -- Found double-conversion: /usr/lib/x86_64-linux-gnu/libdouble-conversion.so  
[6.751s] -- Found LZ4: /usr/lib/x86_64-linux-gnu/liblz4.so (found version "1.9.3") 
[6.762s] -- Found LZMA: /usr/lib/x86_64-linux-gnu/liblzma.so (found version "5.2.5") 
[6.849s] -- Found JPEG: /usr/lib/x86_64-linux-gnu/libjpeg.so (found version "80") 
[6.872s] -- Found TIFF: /usr/lib/x86_64-linux-gnu/libtiff.so (found version "4.3.0")  
[6.884s] -- Found Freetype: /usr/lib/x86_64-linux-gnu/libfreetype.so (found version "2.11.1") 
[6.901s] -- Found utf8cpp: /usr/include/utf8cpp  
[7.155s] -- Checking for module 'libusb-1.0'
[7.198s] --   Found libusb-1.0, version 1.0.25
[7.304s] -- Found libusb: /usr/lib/x86_64-linux-gnu/libusb-1.0.so  
[7.309s] -- Found OpenNI: /usr/lib/libOpenNI.so;libusb::libusb (found version "1.5.4.0") 
[7.310s] -- OpenNI found (version: 1.5.4.0, include: /usr/include/ni, lib: /usr/lib/libOpenNI.so;libusb::libusb)
[7.474s] -- Found OpenNI2: /usr/lib/x86_64-linux-gnu/libOpenNI2.so;libusb::libusb (found version "2.2.0.33") 
[7.475s] -- OpenNI2 found (version: 2.2.0.33, include: /usr/include/openni2, lib: /usr/lib/x86_64-linux-gnu/libOpenNI2.so;libusb::libusb)
[7.477s] [0m** WARNING ** io features related to pcap will be disabled[0m
[7.936s] -- Eigen found (include: /usr/include/eigen3, version: 3.4.0)
[7.952s] -- OpenNI found (version: 1.5.4.0, include: /usr/include/ni, lib: /usr/lib/libOpenNI.so;libusb::libusb)
[7.969s] -- OpenNI2 found (version: 2.2.0.33, include: /usr/include/openni2, lib: /usr/lib/x86_64-linux-gnu/libOpenNI2.so;libusb::libusb)
[8.416s] -- Found Qhull version 8.0.2
[8.870s] -- OpenNI found (version: 1.5.4.0, include: /usr/include/ni, lib: /usr/lib/libOpenNI.so;libusb::libusb)
[9.315s] -- looking for PCL_COMMON
[9.318s] -- Found PCL_COMMON: /usr/lib/x86_64-linux-gnu/libpcl_common.so  
[9.319s] -- looking for PCL_KDTREE
[9.322s] -- Found PCL_KDTREE: /usr/lib/x86_64-linux-gnu/libpcl_kdtree.so  
[9.323s] -- looking for PCL_OCTREE
[9.325s] -- Found PCL_OCTREE: /usr/lib/x86_64-linux-gnu/libpcl_octree.so  
[9.327s] -- looking for PCL_SEARCH
[9.330s] -- Found PCL_SEARCH: /usr/lib/x86_64-linux-gnu/libpcl_search.so  
[9.331s] -- looking for PCL_SAMPLE_CONSENSUS
[9.334s] -- Found PCL_SAMPLE_CONSENSUS: /usr/lib/x86_64-linux-gnu/libpcl_sample_consensus.so  
[9.336s] -- looking for PCL_FILTERS
[9.340s] -- Found PCL_FILTERS: /usr/lib/x86_64-linux-gnu/libpcl_filters.so  
[9.345s] -- looking for PCL_2D
[9.348s] -- Found PCL_2D: /usr/include/pcl-1.12  
[9.350s] -- looking for PCL_GEOMETRY
[9.352s] -- Found PCL_GEOMETRY: /usr/include/pcl-1.12  
[9.353s] -- looking for PCL_IO
[9.357s] -- Found PCL_IO: /usr/lib/x86_64-linux-gnu/libpcl_io.so  
[9.358s] -- looking for PCL_FEATURES
[9.361s] -- Found PCL_FEATURES: /usr/lib/x86_64-linux-gnu/libpcl_features.so  
[9.362s] -- looking for PCL_ML
[9.365s] -- Found PCL_ML: /usr/lib/x86_64-linux-gnu/libpcl_ml.so  
[9.366s] -- looking for PCL_SEGMENTATION
[9.369s] -- Found PCL_SEGMENTATION: /usr/lib/x86_64-linux-gnu/libpcl_segmentation.so  
[9.371s] -- looking for PCL_VISUALIZATION
[9.373s] -- Found PCL_VISUALIZATION: /usr/lib/x86_64-linux-gnu/libpcl_visualization.so  
[9.373s] -- looking for PCL_SURFACE
[9.376s] -- Found PCL_SURFACE: /usr/lib/x86_64-linux-gnu/libpcl_surface.so  
[9.377s] -- looking for PCL_REGISTRATION
[9.380s] -- Found PCL_REGISTRATION: /usr/lib/x86_64-linux-gnu/libpcl_registration.so  
[9.380s] -- looking for PCL_KEYPOINTS
[9.383s] -- Found PCL_KEYPOINTS: /usr/lib/x86_64-linux-gnu/libpcl_keypoints.so  
[9.384s] -- looking for PCL_TRACKING
[9.389s] -- Found PCL_TRACKING: /usr/lib/x86_64-linux-gnu/libpcl_tracking.so  
[9.391s] -- looking for PCL_RECOGNITION
[9.392s] -- Found PCL_RECOGNITION: /usr/lib/x86_64-linux-gnu/libpcl_recognition.so  
[9.393s] -- looking for PCL_STEREO
[9.397s] -- Found PCL_STEREO: /usr/lib/x86_64-linux-gnu/libpcl_stereo.so  
[9.397s] -- looking for PCL_APPS
[9.400s] -- Found PCL_APPS: /usr/lib/x86_64-linux-gnu/libpcl_apps.so  
[9.402s] -- looking for PCL_IN_HAND_SCANNER
[9.403s] -- Found PCL_IN_HAND_SCANNER: /usr/include/pcl-1.12  
[9.403s] -- looking for PCL_MODELER
[9.404s] -- Found PCL_MODELER: /usr/include/pcl-1.12  
[9.404s] -- looking for PCL_POINT_CLOUD_EDITOR
[9.405s] -- Found PCL_POINT_CLOUD_EDITOR: /usr/include/pcl-1.12  
[9.405s] -- looking for PCL_OUTOFCORE
[9.408s] -- Found PCL_OUTOFCORE: /usr/lib/x86_64-linux-gnu/libpcl_outofcore.so  
[9.408s] -- looking for PCL_PEOPLE
[9.412s] -- Found PCL_PEOPLE: /usr/lib/x86_64-linux-gnu/libpcl_people.so  
[9.414s] -- Found PCL: pcl_common;pcl_kdtree;pcl_octree;pcl_search;pcl_sample_consensus;pcl_filters;pcl_io;pcl_features;pcl_ml;pcl_segmentation;pcl_visualization;pcl_surface;pcl_registration;pcl_keypoints;pcl_tracking;pcl_recognition;pcl_stereo;pcl_apps;pcl_outofcore;pcl_people;Boost::system;Boost::filesystem;Boost::date_time;Boost::iostreams;Boost::serialization;/usr/lib/libOpenNI.so;libusb::libusb;/usr/lib/x86_64-linux-gnu/libOpenNI2.so;libusb::libusb;VTK::ChartsCore;VTK::CommonColor;VTK::CommonComputationalGeometry;VTK::CommonCore;VTK::CommonDataModel;VTK::CommonExecutionModel;VTK::CommonMath;VTK::CommonMisc;VTK::CommonTransforms;VTK::FiltersCore;VTK::FiltersExtraction;VTK::FiltersGeneral;VTK::FiltersGeometry;VTK::FiltersModeling;VTK::FiltersSources;VTK::ImagingCore;VTK::ImagingSources;VTK::InteractionImage;VTK::InteractionStyle;VTK::InteractionWidgets;VTK::IOCore;VTK::IOGeometry;VTK::IOImage;VTK::IOLegacy;VTK::IOPLY;VTK::RenderingAnnotation;VTK::RenderingCore;VTK::RenderingContext2D;VTK::RenderingLOD;VTK::RenderingFreeType;VTK::ViewsCore;VTK::ViewsContext2D;VTK::RenderingOpenGL2;VTK::GUISupportQt;FLANN::FLANN;QHULL::QHULL  
[9.421s] -- Found rclcpp: 16.0.9 (/opt/ros/humble/share/rclcpp/cmake)
[9.555s] -- Found rosidl_generator_c: 3.1.5 (/opt/ros/humble/share/rosidl_generator_c/cmake)
[9.573s] -- Found rosidl_adapter: 3.1.5 (/opt/ros/humble/share/rosidl_adapter/cmake)
[9.619s] -- Found rosidl_generator_cpp: 3.1.5 (/opt/ros/humble/share/rosidl_generator_cpp/cmake)
[9.665s] -- Using all available rosidl_typesupport_c: rosidl_typesupport_fastrtps_c;rosidl_typesupport_introspection_c
[9.723s] -- Using all available rosidl_typesupport_cpp: rosidl_typesupport_fastrtps_cpp;rosidl_typesupport_introspection_cpp
[9.942s] -- Found rmw_implementation_cmake: 6.1.2 (/opt/ros/humble/share/rmw_implementation_cmake/cmake)
[9.952s] -- Found rmw_fastrtps_cpp: 6.2.6 (/opt/ros/humble/share/rmw_fastrtps_cpp/cmake)
[10.734s] -- Found OpenSSL: /usr/lib/x86_64-linux-gnu/libcrypto.so (found version "3.0.2")  
[10.927s] -- Found FastRTPS: /opt/ros/humble/include  
[11.210s] -- Using RMW implementation 'rmw_fastrtps_cpp' as default
[12.412s] -- Found sensor_msgs: 4.2.4 (/opt/ros/humble/share/sensor_msgs/cmake)
[13.493s] -- Found pcl_conversions: 2.4.0 (/opt/ros/humble/share/pcl_conversions/cmake)
[14.178s] -- Found visualization_msgs: 4.2.4 (/opt/ros/humble/share/visualization_msgs/cmake)
[15.017s] -- Configuring done
[15.881s] -- Generating done
[15.901s] -- Build files have been written to: /home/mark/thesis/build/slam_1_pc-process
[16.022s] Invoked command in '/home/mark/thesis/build/slam_1_pc-process' returned '0': CMAKE_PREFIX_PATH=${CMAKE_PREFIX_PATH}:/home/mark/ros_ws/install/my_ros_01:/home/mark/ros_ws/install/my_package:/home/mark/ros_ws/install/lifecycle_py:/opt/ros/humble /usr/bin/cmake /home/mark/thesis/src/slam_1_pc-process -DCMAKE_INSTALL_PREFIX=/home/mark/thesis/install/slam_1_pc-process
[16.048s] Invoking command in '/home/mark/thesis/build/slam_1_pc-process': CMAKE_PREFIX_PATH=${CMAKE_PREFIX_PATH}:/home/mark/ros_ws/install/my_ros_01:/home/mark/ros_ws/install/my_package:/home/mark/ros_ws/install/lifecycle_py:/opt/ros/humble /usr/bin/cmake --build /home/mark/thesis/build/slam_1_pc-process -- -j4 -l4
[16.410s] [  7%] [32mBuilding CXX object CMakeFiles/2_manual_pcd.dir/src/2_manual_pcd.cpp.o[0m
[16.449s] [ 14%] [32mBuilding CXX object CMakeFiles/4_passthrough.dir/src/4_passthrough.cpp.o[0m
[16.526s] [ 28%] [32mBuilding CXX object CMakeFiles/3_voxel_grid.dir/src/3_voxel_grid.cpp.o[0m
[16.538s] [ 28%] [32mBuilding CXX object CMakeFiles/1_import_pcd.dir/src/1_import_pcd.cpp.o[0m
[38.041s] [ 35%] [32m[1mLinking CXX executable 2_manual_pcd[0m
[41.960s] [ 35%] Built target 2_manual_pcd
[42.228s] [ 42%] [32m[1mLinking CXX executable 1_import_pcd[0m
[45.607s] [ 42%] Built target 1_import_pcd
[46.549s] [ 50%] [32m[1mLinking CXX executable 4_passthrough[0m
[48.352s] [ 57%] [32m[1mLinking CXX executable 3_voxel_grid[0m
[50.774s] [ 57%] Built target 4_passthrough
[53.040s] [ 57%] Built target 3_voxel_grid
[53.253s] [ 64%] [32mBuilding CXX object CMakeFiles/main.dir/src/main.cpp.o[0m
[113.512s] [ 71%] [32m[1mLinking CXX executable main[0m
[118.495s] [ 71%] Built target main
[118.528s] [ 78%] [32mBuilding CXX object CMakeFiles/6_clustering.dir/src/6_clustering.cpp.o[0m
[127.039s] [ 85%] [32m[1mLinking CXX executable 6_clustering[0m
[128.711s] [ 85%] Built target 6_clustering
[128.750s] [ 92%] [32mBuilding CXX object CMakeFiles/5_segmentation.dir/src/5_segmentation.cpp.o[0m
[138.521s] [100%] [32m[1mLinking CXX executable 5_segmentation[0m
[141.570s] [100%] Built target 5_segmentation
[141.588s] Invoked command in '/home/mark/thesis/build/slam_1_pc-process' returned '0': CMAKE_PREFIX_PATH=${CMAKE_PREFIX_PATH}:/home/mark/ros_ws/install/my_ros_01:/home/mark/ros_ws/install/my_package:/home/mark/ros_ws/install/lifecycle_py:/opt/ros/humble /usr/bin/cmake --build /home/mark/thesis/build/slam_1_pc-process -- -j4 -l4
[141.666s] Invoking command in '/home/mark/thesis/build/slam_1_pc-process': CMAKE_PREFIX_PATH=${CMAKE_PREFIX_PATH}:/home/mark/ros_ws/install/my_ros_01:/home/mark/ros_ws/install/my_package:/home/mark/ros_ws/install/lifecycle_py:/opt/ros/humble /usr/bin/cmake --install /home/mark/thesis/build/slam_1_pc-process
[141.679s] -- Install configuration: ""
[141.679s] -- Installing: /home/mark/thesis/install/slam_1_pc-process/lib/slam_1_pc-process/1_import_pcd
[141.680s] -- Installing: /home/mark/thesis/install/slam_1_pc-process/lib/slam_1_pc-process/2_manual_pcd
[141.680s] -- Installing: /home/mark/thesis/install/slam_1_pc-process/lib/slam_1_pc-process/3_voxel_grid
[141.681s] -- Installing: /home/mark/thesis/install/slam_1_pc-process/lib/slam_1_pc-process/4_passthrough
[141.681s] -- Installing: /home/mark/thesis/install/slam_1_pc-process/lib/slam_1_pc-process/5_segmentation
[141.683s] -- Installing: /home/mark/thesis/install/slam_1_pc-process/lib/slam_1_pc-process/6_clustering
[141.683s] -- Installing: /home/mark/thesis/install/slam_1_pc-process/lib/slam_1_pc-process/main
[141.692s] -- Set runtime path of "/home/mark/thesis/install/slam_1_pc-process/lib/slam_1_pc-process/main" to ""
[141.692s] -- Installing: /home/mark/thesis/install/slam_1_pc-process/share/slam_1_pc-process/
[141.692s] -- Installing: /home/mark/thesis/install/slam_1_pc-process/share/ament_index/resource_index/package_run_dependencies/slam_1_pc-process
[141.692s] -- Installing: /home/mark/thesis/install/slam_1_pc-process/share/ament_index/resource_index/parent_prefix_path/slam_1_pc-process
[141.693s] -- Installing: /home/mark/thesis/install/slam_1_pc-process/share/slam_1_pc-process/environment/ament_prefix_path.sh
[141.693s] -- Installing: /home/mark/thesis/install/slam_1_pc-process/share/slam_1_pc-process/environment/ament_prefix_path.dsv
[141.694s] -- Installing: /home/mark/thesis/install/slam_1_pc-process/share/slam_1_pc-process/environment/path.sh
[141.694s] -- Installing: /home/mark/thesis/install/slam_1_pc-process/share/slam_1_pc-process/environment/path.dsv
[141.694s] -- Installing: /home/mark/thesis/install/slam_1_pc-process/share/slam_1_pc-process/local_setup.bash
[141.695s] -- Installing: /home/mark/thesis/install/slam_1_pc-process/share/slam_1_pc-process/local_setup.sh
[141.695s] -- Installing: /home/mark/thesis/install/slam_1_pc-process/share/slam_1_pc-process/local_setup.zsh
[141.695s] -- Installing: /home/mark/thesis/install/slam_1_pc-process/share/slam_1_pc-process/local_setup.dsv
[141.696s] -- Installing: /home/mark/thesis/install/slam_1_pc-process/share/slam_1_pc-process/package.dsv
[141.696s] -- Installing: /home/mark/thesis/install/slam_1_pc-process/share/ament_index/resource_index/packages/slam_1_pc-process
[141.696s] -- Installing: /home/mark/thesis/install/slam_1_pc-process/share/slam_1_pc-process/cmake/slam_1_pc-processConfig.cmake
[141.697s] -- Installing: /home/mark/thesis/install/slam_1_pc-process/share/slam_1_pc-process/cmake/slam_1_pc-processConfig-version.cmake
[141.698s] -- Installing: /home/mark/thesis/install/slam_1_pc-process/share/slam_1_pc-process/package.xml
[141.701s] Invoked command in '/home/mark/thesis/build/slam_1_pc-process' returned '0': CMAKE_PREFIX_PATH=${CMAKE_PREFIX_PATH}:/home/mark/ros_ws/install/my_ros_01:/home/mark/ros_ws/install/my_package:/home/mark/ros_ws/install/lifecycle_py:/opt/ros/humble /usr/bin/cmake --install /home/mark/thesis/build/slam_1_pc-process
