[0.040s] Invoking command in '/home/mark/thesis/build/turtlebot3_gazebo': CMAKE_PREFIX_PATH=${CMAKE_PREFIX_PATH}:/home/mark/ros_ws/install/my_ros_01:/home/mark/ros_ws/install/my_package:/home/mark/ros_ws/install/lifecycle_py:/opt/ros/humble /usr/bin/cmake /home/mark/thesis/src/turtlebot3_gazebo -DCMAKE_INSTALL_PREFIX=/home/mark/thesis/install/turtlebot3_gazebo
[0.290s] -- The C compiler identification is GNU 11.4.0
[0.605s] -- The CXX compiler identification is GNU 11.4.0
[0.641s] -- Detecting C compiler ABI info
[0.921s] -- Detecting C compiler ABI info - done
[0.947s] -- Check for working C compiler: /usr/bin/cc - skipped
[0.948s] -- Detecting C compile features
[0.950s] -- Detecting C compile features - done
[0.959s] -- Detecting CXX compiler ABI info
[1.261s] -- Detecting CXX compiler ABI info - done
[1.307s] -- Check for working CXX compiler: /usr/bin/c++ - skipped
[1.311s] -- Detecting CXX compile features
[1.311s] -- Detecting CXX compile features - done
[1.348s] -- Found ament_cmake: 1.3.9 (/opt/ros/humble/share/ament_cmake/cmake)
[2.936s] -- Found Python3: /usr/bin/python3 (found version "3.10.12") found components: Interpreter 
[3.324s] [33mCMake Warning (dev) at /usr/share/cmake-3.22/Modules/FindPackageHandleStandardArgs.cmake:438 (message):
[3.324s]   The package name passed to `find_package_handle_standard_args` (PkgConfig)
[3.324s]   does not match the name of the calling package (gazebo).  This can lead to
[3.325s]   problems in calling code that expects `find_package` result variables
[3.325s]   (e.g., `_FOUND`) to follow a certain pattern.
[3.325s] Call Stack (most recent call first):
[3.325s]   /usr/share/cmake-3.22/Modules/FindPkgConfig.cmake:99 (find_package_handle_standard_args)
[3.325s]   /usr/lib/x86_64-linux-gnu/cmake/gazebo/gazebo-config.cmake:72 (include)
[3.326s]   CMakeLists.txt:23 (find_package)
[3.326s] This warning is for project developers.  Use -Wno-dev to suppress it.
[3.326s] [0m
[3.326s] -- Found PkgConfig: /usr/bin/pkg-config (found version "0.29.2") 
[3.343s] -- Checking for module 'bullet>=2.82'
[3.395s] --   Found bullet, version 3.05
[3.919s] -- Found fcl: /usr/include (found suitable version "0.7.0", minimum required is "0.5.0") 
[4.081s] -- Found assimp: /usr/include (found version "5.2.0") 
[4.232s] -- Found DART: /usr/include (Required is at least version "6.6") found components: dart 
