[0.604s] DEBUG:colcon:Command line arguments: ['/usr/bin/colcon', 'list', '-p', '--base-paths', '/home/mark/thesis']
[0.604s] DEBUG:colcon:Parsed command line arguments: Namespace(log_base=None, log_level=None, verb_name='list', build_base='build', ignore_user_meta=False, metas=['./colcon.meta'], base_paths=['/home/mark/thesis'], packages_ignore=None, packages_ignore_regex=None, paths=None, packages_up_to=None, packages_up_to_regex=None, packages_above=None, packages_above_and_dependencies=None, packages_above_depth=None, packages_select_by_dep=None, packages_skip_by_dep=None, packages_skip_up_to=None, packages_select_build_failed=False, packages_skip_build_finished=False, packages_select_test_failures=False, packages_skip_test_passed=False, packages_select=None, packages_skip=None, packages_select_regex=None, packages_skip_regex=None, packages_start=None, packages_end=None, allow_overriding=[], topological_order=False, names_only=False, paths_only=True, topological_graph=False, topological_graph_dot=False, topological_graph_density=False, topological_graph_legend=False, topological_graph_dot_cluster=False, topological_graph_dot_include_skipped=False, verb_parser=<colcon_defaults.argument_parser.defaults.DefaultArgumentsDecorator object at 0x71afc19021a0>, verb_extension=<colcon_package_information.verb.list.ListVerb object at 0x71afc19011b0>, main=<bound method ListVerb.main of <colcon_package_information.verb.list.ListVerb object at 0x71afc19011b0>>)
[0.852s] Level 1:colcon.colcon_core.package_discovery:discover_packages(colcon_meta) check parameters
[0.852s] Level 1:colcon.colcon_core.package_discovery:discover_packages(recursive) check parameters
[0.852s] Level 1:colcon.colcon_core.package_discovery:discover_packages(ignore) check parameters
[0.853s] Level 1:colcon.colcon_core.package_discovery:discover_packages(path) check parameters
[0.853s] Level 1:colcon.colcon_core.package_discovery:discover_packages(recursive) discover
[0.853s] INFO:colcon.colcon_core.package_discovery:Crawling recursively for packages in '/home/mark/thesis'
[0.853s] Level 1:colcon.colcon_core.package_identification:_identify(/home/mark/thesis) by extensions ['ignore', 'ignore_ament_install']
[0.854s] Level 1:colcon.colcon_core.package_identification:_identify(/home/mark/thesis) by extension 'ignore'
[0.858s] Level 1:colcon.colcon_core.package_identification:_identify(/home/mark/thesis) by extension 'ignore_ament_install'
[0.858s] Level 1:colcon.colcon_core.package_identification:_identify(/home/mark/thesis) by extensions ['colcon_pkg']
[0.858s] Level 1:colcon.colcon_core.package_identification:_identify(/home/mark/thesis) by extension 'colcon_pkg'
[0.858s] Level 1:colcon.colcon_core.package_identification:_identify(/home/mark/thesis) by extensions ['colcon_meta']
[0.858s] Level 1:colcon.colcon_core.package_identification:_identify(/home/mark/thesis) by extension 'colcon_meta'
[0.859s] Level 1:colcon.colcon_core.package_identification:_identify(/home/mark/thesis) by extensions ['ros']
[0.859s] Level 1:colcon.colcon_core.package_identification:_identify(/home/mark/thesis) by extension 'ros'
[0.931s] Level 1:colcon.colcon_core.package_identification:_identify(/home/mark/thesis) by extensions ['cmake', 'python']
[0.931s] Level 1:colcon.colcon_core.package_identification:_identify(/home/mark/thesis) by extension 'cmake'
[0.931s] Level 1:colcon.colcon_core.package_identification:_identify(/home/mark/thesis) by extension 'python'
[0.931s] Level 1:colcon.colcon_core.package_identification:_identify(/home/mark/thesis) by extensions ['python_setup_py']
[0.931s] Level 1:colcon.colcon_core.package_identification:_identify(/home/mark/thesis) by extension 'python_setup_py'
[0.940s] Level 1:colcon.colcon_core.package_identification:_identify(/home/mark/thesis/build) by extensions ['ignore', 'ignore_ament_install']
[0.941s] Level 1:colcon.colcon_core.package_identification:_identify(/home/mark/thesis/build) by extension 'ignore'
[0.942s] Level 1:colcon.colcon_core.package_identification:_identify(/home/mark/thesis/build) ignored
[0.942s] Level 1:colcon.colcon_core.package_identification:_identify(/home/mark/thesis/install) by extensions ['ignore', 'ignore_ament_install']
[0.943s] Level 1:colcon.colcon_core.package_identification:_identify(/home/mark/thesis/install) by extension 'ignore'
[0.943s] Level 1:colcon.colcon_core.package_identification:_identify(/home/mark/thesis/install) ignored
[0.943s] Level 1:colcon.colcon_core.package_identification:_identify(/home/mark/thesis/log) by extensions ['ignore', 'ignore_ament_install']
[0.943s] Level 1:colcon.colcon_core.package_identification:_identify(/home/mark/thesis/log) by extension 'ignore'
[0.944s] Level 1:colcon.colcon_core.package_identification:_identify(/home/mark/thesis/log) ignored
[0.944s] Level 1:colcon.colcon_core.package_identification:_identify(/home/mark/thesis/src) by extensions ['ignore', 'ignore_ament_install']
[0.945s] Level 1:colcon.colcon_core.package_identification:_identify(/home/mark/thesis/src) by extension 'ignore'
[0.945s] Level 1:colcon.colcon_core.package_identification:_identify(/home/mark/thesis/src) by extension 'ignore_ament_install'
[0.945s] Level 1:colcon.colcon_core.package_identification:_identify(/home/mark/thesis/src) by extensions ['colcon_pkg']
[0.945s] Level 1:colcon.colcon_core.package_identification:_identify(/home/mark/thesis/src) by extension 'colcon_pkg'
[0.945s] Level 1:colcon.colcon_core.package_identification:_identify(/home/mark/thesis/src) by extensions ['colcon_meta']
[0.945s] Level 1:colcon.colcon_core.package_identification:_identify(/home/mark/thesis/src) by extension 'colcon_meta'
[0.946s] Level 1:colcon.colcon_core.package_identification:_identify(/home/mark/thesis/src) by extensions ['ros']
[0.946s] Level 1:colcon.colcon_core.package_identification:_identify(/home/mark/thesis/src) by extension 'ros'
[0.946s] Level 1:colcon.colcon_core.package_identification:_identify(/home/mark/thesis/src) by extensions ['cmake', 'python']
[0.946s] Level 1:colcon.colcon_core.package_identification:_identify(/home/mark/thesis/src) by extension 'cmake'
[0.946s] Level 1:colcon.colcon_core.package_identification:_identify(/home/mark/thesis/src) by extension 'python'
[0.947s] Level 1:colcon.colcon_core.package_identification:_identify(/home/mark/thesis/src) by extensions ['python_setup_py']
[0.947s] Level 1:colcon.colcon_core.package_identification:_identify(/home/mark/thesis/src) by extension 'python_setup_py'
[0.947s] Level 1:colcon.colcon_core.package_identification:_identify(/home/mark/thesis/src/slam_1_pc-process) by extensions ['ignore', 'ignore_ament_install']
[0.947s] Level 1:colcon.colcon_core.package_identification:_identify(/home/mark/thesis/src/slam_1_pc-process) by extension 'ignore'
[0.947s] Level 1:colcon.colcon_core.package_identification:_identify(/home/mark/thesis/src/slam_1_pc-process) by extension 'ignore_ament_install'
[0.948s] Level 1:colcon.colcon_core.package_identification:_identify(/home/mark/thesis/src/slam_1_pc-process) by extensions ['colcon_pkg']
[0.948s] Level 1:colcon.colcon_core.package_identification:_identify(/home/mark/thesis/src/slam_1_pc-process) by extension 'colcon_pkg'
[0.948s] Level 1:colcon.colcon_core.package_identification:_identify(/home/mark/thesis/src/slam_1_pc-process) by extensions ['colcon_meta']
[0.948s] Level 1:colcon.colcon_core.package_identification:_identify(/home/mark/thesis/src/slam_1_pc-process) by extension 'colcon_meta'
[0.948s] Level 1:colcon.colcon_core.package_identification:_identify(/home/mark/thesis/src/slam_1_pc-process) by extensions ['ros']
[0.948s] Level 1:colcon.colcon_core.package_identification:_identify(/home/mark/thesis/src/slam_1_pc-process) by extension 'ros'
[0.954s] DEBUG:colcon.colcon_core.package_identification:Package '/home/mark/thesis/src/slam_1_pc-process' with type 'ros.ament_cmake' and name 'slam_1_pc-process'
[0.954s] Level 1:colcon.colcon_core.package_discovery:discover_packages(recursive) using defaults
