[0.034s] Invoking command in '/home/mark/thesis/build/slam_0_bringup': CMAKE_PREFIX_PATH=${CMAKE_PREFIX_PATH}:/home/mark/ros_ws/install/my_ros_01:/home/mark/ros_ws/install/my_package:/home/mark/ros_ws/install/lifecycle_py:/opt/ros/humble /usr/bin/cmake /home/mark/thesis/src/slam_0_bringup -DCMAKE_INSTALL_PREFIX=/home/mark/thesis/install/slam_0_bringup
[0.064s] -- Found ament_cmake: 1.3.9 (/opt/ros/humble/share/ament_cmake/cmake)
[0.670s] -- Configuring done
[0.675s] -- Generating done
[0.676s] -- Build files have been written to: /home/mark/thesis/build/slam_0_bringup
[0.680s] Invoked command in '/home/mark/thesis/build/slam_0_bringup' returned '0': CMAKE_PREFIX_PATH=${CMAKE_PREFIX_PATH}:/home/mark/ros_ws/install/my_ros_01:/home/mark/ros_ws/install/my_package:/home/mark/ros_ws/install/lifecycle_py:/opt/ros/humble /usr/bin/cmake /home/mark/thesis/src/slam_0_bringup -DCMAKE_INSTALL_PREFIX=/home/mark/thesis/install/slam_0_bringup
[0.682s] Invoking command in '/home/mark/thesis/build/slam_0_bringup': CMAKE_PREFIX_PATH=${CMAKE_PREFIX_PATH}:/home/mark/ros_ws/install/my_ros_01:/home/mark/ros_ws/install/my_package:/home/mark/ros_ws/install/lifecycle_py:/opt/ros/humble /usr/bin/cmake --build /home/mark/thesis/build/slam_0_bringup -- -j4 -l4
[0.736s] Invoked command in '/home/mark/thesis/build/slam_0_bringup' returned '0': CMAKE_PREFIX_PATH=${CMAKE_PREFIX_PATH}:/home/mark/ros_ws/install/my_ros_01:/home/mark/ros_ws/install/my_package:/home/mark/ros_ws/install/lifecycle_py:/opt/ros/humble /usr/bin/cmake --build /home/mark/thesis/build/slam_0_bringup -- -j4 -l4
[0.767s] Invoking command in '/home/mark/thesis/build/slam_0_bringup': CMAKE_PREFIX_PATH=${CMAKE_PREFIX_PATH}:/home/mark/ros_ws/install/my_ros_01:/home/mark/ros_ws/install/my_package:/home/mark/ros_ws/install/lifecycle_py:/opt/ros/humble /usr/bin/cmake --install /home/mark/thesis/build/slam_0_bringup
[0.778s] -- Install configuration: ""
[0.778s] -- Installing: /home/mark/thesis/install/slam_0_bringup/share/slam_0_bringup//launch
[0.778s] -- Installing: /home/mark/thesis/install/slam_0_bringup/share/slam_0_bringup//launch/rtab_mapping.launch.py
[0.779s] -- Installing: /home/mark/thesis/install/slam_0_bringup/share/ament_index/resource_index/package_run_dependencies/slam_0_bringup
[0.779s] -- Installing: /home/mark/thesis/install/slam_0_bringup/share/ament_index/resource_index/parent_prefix_path/slam_0_bringup
[0.780s] -- Installing: /home/mark/thesis/install/slam_0_bringup/share/slam_0_bringup/environment/ament_prefix_path.sh
[0.780s] -- Installing: /home/mark/thesis/install/slam_0_bringup/share/slam_0_bringup/environment/ament_prefix_path.dsv
[0.780s] -- Installing: /home/mark/thesis/install/slam_0_bringup/share/slam_0_bringup/environment/path.sh
[0.780s] -- Installing: /home/mark/thesis/install/slam_0_bringup/share/slam_0_bringup/environment/path.dsv
[0.781s] -- Installing: /home/mark/thesis/install/slam_0_bringup/share/slam_0_bringup/local_setup.bash
[0.781s] -- Installing: /home/mark/thesis/install/slam_0_bringup/share/slam_0_bringup/local_setup.sh
[0.781s] -- Installing: /home/mark/thesis/install/slam_0_bringup/share/slam_0_bringup/local_setup.zsh
[0.781s] -- Installing: /home/mark/thesis/install/slam_0_bringup/share/slam_0_bringup/local_setup.dsv
[0.782s] -- Installing: /home/mark/thesis/install/slam_0_bringup/share/slam_0_bringup/package.dsv
[0.782s] -- Installing: /home/mark/thesis/install/slam_0_bringup/share/ament_index/resource_index/packages/slam_0_bringup
[0.782s] -- Installing: /home/mark/thesis/install/slam_0_bringup/share/slam_0_bringup/cmake/slam_0_bringupConfig.cmake
[0.782s] -- Installing: /home/mark/thesis/install/slam_0_bringup/share/slam_0_bringup/cmake/slam_0_bringupConfig-version.cmake
[0.783s] -- Installing: /home/mark/thesis/install/slam_0_bringup/share/slam_0_bringup/package.xml
[0.787s] Invoked command in '/home/mark/thesis/build/slam_0_bringup' returned '0': CMAKE_PREFIX_PATH=${CMAKE_PREFIX_PATH}:/home/mark/ros_ws/install/my_ros_01:/home/mark/ros_ws/install/my_package:/home/mark/ros_ws/install/lifecycle_py:/opt/ros/humble /usr/bin/cmake --install /home/mark/thesis/build/slam_0_bringup
