[0.031s] Invoking command in '/home/mark/thesis/build/turtlebot3_gazebo': CMAKE_PREFIX_PATH=${CMAKE_PREFIX_PATH}:/home/mark/ros_ws/install/my_ros_01:/home/mark/ros_ws/install/my_package:/home/mark/ros_ws/install/lifecycle_py:/opt/ros/humble /usr/bin/cmake --build /home/mark/thesis/build/turtlebot3_gazebo -- -j4 -l4
[0.168s] -- Found ament_cmake: 1.3.9 (/opt/ros/humble/share/ament_cmake/cmake)
[0.665s] [33mCMake Warning (dev) at /usr/share/cmake-3.22/Modules/FindPackageHandleStandardArgs.cmake:438 (message):
[0.666s]   The package name passed to `find_package_handle_standard_args` (PkgConfig)
[0.666s]   does not match the name of the calling package (gazebo).  This can lead to
[0.666s]   problems in calling code that expects `find_package` result variables
[0.666s]   (e.g., `_FOUND`) to follow a certain pattern.
[0.666s] Call Stack (most recent call first):
[0.666s]   /usr/share/cmake-3.22/Modules/FindPkgConfig.cmake:99 (find_package_handle_standard_args)
[0.666s]   /usr/lib/x86_64-linux-gnu/cmake/gazebo/gazebo-config.cmake:72 (include)
[0.667s]   CMakeLists.txt:23 (find_package)
[0.667s] This warning is for project developers.  Use -Wno-dev to suppress it.
[0.667s] [0m
[0.716s] -- Found DART: /usr/include (Required is at least version "6.6") found components: dart 
[0.804s] -- Found Protobuf: /usr/lib/x86_64-linux-gnu/libprotobuf.so (found version "3.12.4") 
[0.807s] -- Looking for ignition-math6 -- found version 6.15.1
[0.821s] -- Searching for dependencies of ignition-math6
[0.825s] -- Looking for OGRE...
[0.836s] -- Found Ogre Ghadamon (1.9.0)
[0.837s] -- Found OGRE: optimized;/usr/lib/x86_64-linux-gnu/libOgreMain.so;debug;/usr/lib/x86_64-linux-gnu/libOgreMain.so
[0.855s] -- Looking for OGRE_Paging...
[0.855s] -- Found OGRE_Paging: optimized;/usr/lib/x86_64-linux-gnu/libOgrePaging.so;debug;/usr/lib/x86_64-linux-gnu/libOgrePaging.so
[0.856s] -- Looking for OGRE_Terrain...
[0.856s] -- Found OGRE_Terrain: optimized;/usr/lib/x86_64-linux-gnu/libOgreTerrain.so;debug;/usr/lib/x86_64-linux-gnu/libOgreTerrain.so
[0.856s] -- Looking for OGRE_Property...
[0.856s] -- Found OGRE_Property: optimized;/usr/lib/x86_64-linux-gnu/libOgreProperty.so;debug;/usr/lib/x86_64-linux-gnu/libOgreProperty.so
[0.857s] -- Looking for OGRE_RTShaderSystem...
[0.857s] -- Found OGRE_RTShaderSystem: optimized;/usr/lib/x86_64-linux-gnu/libOgreRTShaderSystem.so;debug;/usr/lib/x86_64-linux-gnu/libOgreRTShaderSystem.so
[0.857s] -- Looking for OGRE_Volume...
[0.858s] -- Found OGRE_Volume: optimized;/usr/lib/x86_64-linux-gnu/libOgreVolume.so;debug;/usr/lib/x86_64-linux-gnu/libOgreVolume.so
[0.858s] -- Looking for OGRE_Overlay...
[0.858s] -- Found OGRE_Overlay: optimized;/usr/lib/x86_64-linux-gnu/libOgreOverlay.so;debug;/usr/lib/x86_64-linux-gnu/libOgreOverlay.so
[1.212s] -- Looking for ignition-math6 -- found version 6.15.1
[1.213s] -- Looking for ignition-transport8 -- found version 8.2.1
[1.214s] -- Searching for dependencies of ignition-transport8
[1.242s] -- Found Protobuf: /usr/lib/x86_64-linux-gnu/libprotobuf.so (found suitable version "3.12.4", minimum required is "3") 
[1.260s] -- Config-file not installed for ZeroMQ -- checking for pkg-config
[1.267s] -- Checking for module 'libzmq >= 4'
[1.293s] --   Found libzmq , version 4.3.4
[1.359s] -- Checking for module 'uuid'
[1.381s] --   Found uuid, version 2.37.2
[1.434s] -- Looking for ignition-msgs5 -- found version 5.8.1
[1.435s] -- Searching for dependencies of ignition-msgs5
[1.464s] -- Looking for ignition-math6 -- found version 6.15.1
[1.472s] -- Checking for module 'tinyxml2'
[1.494s] --   Found tinyxml2, version 9.0.0
[1.544s] -- Looking for ignition-msgs5 -- found version 5.8.1
[1.545s] -- Looking for ignition-common3 -- found version 3.14.0
[1.546s] -- Searching for dependencies of ignition-common3
[1.547s] -- Looking for dlfcn.h - found
[1.547s] -- Looking for libdl - found
[1.570s] -- Searching for <ignition-common3> component [graphics]
[1.572s] -- Looking for ignition-common3-graphics -- found version 3.14.0
[1.573s] -- Searching for dependencies of ignition-common3-graphics
[1.573s] -- Looking for ignition-math6 -- found version 6.15.1
[1.576s] -- Looking for ignition-fuel_tools4 -- found version 4.4.0
[1.577s] -- Searching for dependencies of ignition-fuel_tools4
[1.650s] -- Checking for module 'jsoncpp'
[1.671s] --   Found jsoncpp, version 1.9.5
[1.736s] -- Checking for module 'libzip'
[1.758s] --   Found libzip, version 1.7.3
[1.809s] -- Looking for ignition-common3 -- found version 3.14.0
[1.810s] -- Looking for ignition-math6 -- found version 6.15.1
[1.810s] -- Looking for ignition-msgs5 -- found version 5.8.1
[1.815s] -- Found gazebo_ros_pkgs: 3.7.0 (/opt/ros/humble/share/gazebo_ros_pkgs/cmake)
[1.816s] -- Found geometry_msgs: 4.2.4 (/opt/ros/humble/share/geometry_msgs/cmake)
[1.859s] -- Found rosidl_generator_c: 3.1.5 (/opt/ros/humble/share/rosidl_generator_c/cmake)
[1.864s] -- Found rosidl_adapter: 3.1.5 (/opt/ros/humble/share/rosidl_adapter/cmake)
[1.880s] -- Found rosidl_generator_cpp: 3.1.5 (/opt/ros/humble/share/rosidl_generator_cpp/cmake)
[1.907s] -- Using all available rosidl_typesupport_c: rosidl_typesupport_fastrtps_c;rosidl_typesupport_introspection_c
[1.938s] -- Using all available rosidl_typesupport_cpp: rosidl_typesupport_fastrtps_cpp;rosidl_typesupport_introspection_cpp
[2.152s] -- Found nav_msgs: 4.2.4 (/opt/ros/humble/share/nav_msgs/cmake)
[2.300s] -- Found rclcpp: 16.0.9 (/opt/ros/humble/share/rclcpp/cmake)
[2.407s] -- Found rmw_implementation_cmake: 6.1.2 (/opt/ros/humble/share/rmw_implementation_cmake/cmake)
[2.411s] -- Found rmw_fastrtps_cpp: 6.2.6 (/opt/ros/humble/share/rmw_fastrtps_cpp/cmake)
[2.609s] -- Using RMW implementation 'rmw_fastrtps_cpp' as default
[2.847s] -- Found sensor_msgs: 4.2.4 (/opt/ros/humble/share/sensor_msgs/cmake)
[2.980s] -- Found tf2: 0.25.7 (/opt/ros/humble/share/tf2/cmake)
[3.135s] -- Configuring done
[3.247s] -- Generating done
[3.254s] -- Build files have been written to: /home/mark/thesis/build/turtlebot3_gazebo
[3.318s] [35m[1mConsolidate compiler generated dependencies of target obstacle1[0m
[3.319s] [35m[1mConsolidate compiler generated dependencies of target turtlebot3_drive[0m
[3.324s] [35m[1mConsolidate compiler generated dependencies of target obstacle2[0m
[3.368s] [35m[1mConsolidate compiler generated dependencies of target obstacles[0m
[3.442s] [ 12%] [32mBuilding CXX object CMakeFiles/turtlebot3_drive.dir/src/turtlebot3_drive.cpp.o[0m
[3.503s] [ 25%] [32mBuilding CXX object CMakeFiles/obstacle2.dir/models/turtlebot3_dqn_world/obstacle_plugin/obstacle2.cc.o[0m
[3.503s] [ 37%] [32mBuilding CXX object CMakeFiles/obstacle1.dir/models/turtlebot3_dqn_world/obstacle_plugin/obstacle1.cc.o[0m
[3.597s] [ 50%] [32mBuilding CXX object CMakeFiles/obstacles.dir/models/turtlebot3_dqn_world/obstacle_plugin/obstacles.cc.o[0m
