[0.038s] Invoking command in '/home/mark/thesis/build/slam_1_pc-process': CMAKE_PREFIX_PATH=${CMAKE_PREFIX_PATH}:/home/mark/ros_ws/install/my_ros_01:/home/mark/ros_ws/install/my_package:/home/mark/ros_ws/install/lifecycle_py:/opt/ros/humble /usr/bin/cmake --build /home/mark/thesis/build/slam_1_pc-process -- -j4 -l4
[0.119s] -- Found ament_cmake: 1.3.9 (/opt/ros/humble/share/ament_cmake/cmake)
[0.739s] -- Eigen found (include: /usr/include/eigen3, version: 3.4.0)
[0.838s] -- FLANN found (include: /usr/include, lib: /usr/lib/x86_64-linux-gnu/libflann_cpp.so)
[1.428s] -- OpenNI found (version: 1.5.4.0, include: /usr/include/ni, lib: /usr/lib/libOpenNI.so;libusb::libusb)
[1.439s] -- OpenNI2 found (version: 2.2.0.33, include: /usr/include/openni2, lib: /usr/lib/x86_64-linux-gnu/libOpenNI2.so;libusb::libusb)
[1.439s] [0m** WARNING ** io features related to pcap will be disabled[0m
[1.795s] -- Eigen found (include: /usr/include/eigen3, version: 3.4.0)
[1.808s] -- OpenNI found (version: 1.5.4.0, include: /usr/include/ni, lib: /usr/lib/libOpenNI.so;libusb::libusb)
[1.821s] -- OpenNI2 found (version: 2.2.0.33, include: /usr/include/openni2, lib: /usr/lib/x86_64-linux-gnu/libOpenNI2.so;libusb::libusb)
[2.141s] -- Found Qhull version 8.0.2
[2.566s] -- OpenNI found (version: 1.5.4.0, include: /usr/include/ni, lib: /usr/lib/libOpenNI.so;libusb::libusb)
[2.964s] -- looking for PCL_COMMON
[2.965s] -- looking for PCL_KDTREE
[2.967s] -- looking for PCL_OCTREE
[2.968s] -- looking for PCL_SEARCH
[2.969s] -- looking for PCL_SAMPLE_CONSENSUS
[2.969s] -- looking for PCL_FILTERS
[2.970s] -- looking for PCL_2D
[2.971s] -- looking for PCL_GEOMETRY
[2.972s] -- looking for PCL_IO
[2.973s] -- looking for PCL_FEATURES
[2.974s] -- looking for PCL_ML
[2.975s] -- looking for PCL_SEGMENTATION
[2.977s] -- looking for PCL_VISUALIZATION
[2.978s] -- looking for PCL_SURFACE
[2.979s] -- looking for PCL_REGISTRATION
[2.980s] -- looking for PCL_KEYPOINTS
[2.981s] -- looking for PCL_TRACKING
[2.982s] -- looking for PCL_RECOGNITION
[2.984s] -- looking for PCL_STEREO
[2.985s] -- looking for PCL_APPS
[2.987s] -- looking for PCL_IN_HAND_SCANNER
[2.987s] -- looking for PCL_MODELER
[2.990s] -- looking for PCL_POINT_CLOUD_EDITOR
[2.991s] -- looking for PCL_OUTOFCORE
[2.992s] -- looking for PCL_PEOPLE
[2.998s] -- Found rclcpp: 16.0.9 (/opt/ros/humble/share/rclcpp/cmake)
[3.045s] -- Found rosidl_generator_c: 3.1.5 (/opt/ros/humble/share/rosidl_generator_c/cmake)
[3.051s] -- Found rosidl_adapter: 3.1.5 (/opt/ros/humble/share/rosidl_adapter/cmake)
[3.066s] -- Found rosidl_generator_cpp: 3.1.5 (/opt/ros/humble/share/rosidl_generator_cpp/cmake)
[3.085s] -- Using all available rosidl_typesupport_c: rosidl_typesupport_fastrtps_c;rosidl_typesupport_introspection_c
[3.109s] -- Using all available rosidl_typesupport_cpp: rosidl_typesupport_fastrtps_cpp;rosidl_typesupport_introspection_cpp
[3.192s] -- Found rmw_implementation_cmake: 6.1.2 (/opt/ros/humble/share/rmw_implementation_cmake/cmake)
[3.195s] -- Found rmw_fastrtps_cpp: 6.2.6 (/opt/ros/humble/share/rmw_fastrtps_cpp/cmake)
[3.371s] -- Using RMW implementation 'rmw_fastrtps_cpp' as default
[3.588s] -- Found sensor_msgs: 4.2.4 (/opt/ros/humble/share/sensor_msgs/cmake)
[3.755s] -- Found pcl_conversions: 2.4.0 (/opt/ros/humble/share/pcl_conversions/cmake)
[3.924s] -- Found visualization_msgs: 4.2.4 (/opt/ros/humble/share/visualization_msgs/cmake)
[4.428s] -- Configuring done
[4.670s] -- Generating done
[4.679s] -- Build files have been written to: /home/mark/thesis/build/slam_1_pc-process
[4.766s] [35m[1mConsolidate compiler generated dependencies of target 1_import_pcd[0m
[4.773s] [35m[1mConsolidate compiler generated dependencies of target 3_voxel_grid[0m
[4.798s] [35m[1mConsolidate compiler generated dependencies of target 2_manual_pcd[0m
[4.816s] [35m[1mConsolidate compiler generated dependencies of target 4_passthrough[0m
[4.919s] [ 14%] Built target 1_import_pcd
[4.929s] [ 28%] Built target 4_passthrough
[4.963s] [ 42%] Built target 3_voxel_grid
[4.970s] [35m[1mConsolidate compiler generated dependencies of target 5_segmentation[0m
[4.999s] [ 57%] Built target 2_manual_pcd
[5.030s] [35m[1mConsolidate compiler generated dependencies of target 6_clustering[0m
[5.058s] [ 71%] Built target 5_segmentation
[5.066s] [ 78%] [32mBuilding CXX object CMakeFiles/main.dir/src/main.cpp.o[0m
[5.100s] [ 92%] Built target 6_clustering
[31.951s] [100%] [32m[1mLinking CXX executable main[0m
[37.639s] [100%] Built target main
[37.661s] Invoked command in '/home/mark/thesis/build/slam_1_pc-process' returned '0': CMAKE_PREFIX_PATH=${CMAKE_PREFIX_PATH}:/home/mark/ros_ws/install/my_ros_01:/home/mark/ros_ws/install/my_package:/home/mark/ros_ws/install/lifecycle_py:/opt/ros/humble /usr/bin/cmake --build /home/mark/thesis/build/slam_1_pc-process -- -j4 -l4
[37.740s] Invoking command in '/home/mark/thesis/build/slam_1_pc-process': CMAKE_PREFIX_PATH=${CMAKE_PREFIX_PATH}:/home/mark/ros_ws/install/my_ros_01:/home/mark/ros_ws/install/my_package:/home/mark/ros_ws/install/lifecycle_py:/opt/ros/humble /usr/bin/cmake --install /home/mark/thesis/build/slam_1_pc-process
[37.753s] -- Install configuration: ""
[37.756s] -- Up-to-date: /home/mark/thesis/install/slam_1_pc-process/lib/slam_1_pc-process/1_import_pcd
[37.757s] -- Up-to-date: /home/mark/thesis/install/slam_1_pc-process/lib/slam_1_pc-process/2_manual_pcd
[37.759s] -- Up-to-date: /home/mark/thesis/install/slam_1_pc-process/lib/slam_1_pc-process/3_voxel_grid
[37.761s] -- Up-to-date: /home/mark/thesis/install/slam_1_pc-process/lib/slam_1_pc-process/4_passthrough
[37.762s] -- Up-to-date: /home/mark/thesis/install/slam_1_pc-process/lib/slam_1_pc-process/5_segmentation
[37.764s] -- Up-to-date: /home/mark/thesis/install/slam_1_pc-process/lib/slam_1_pc-process/6_clustering
[37.764s] -- Installing: /home/mark/thesis/install/slam_1_pc-process/lib/slam_1_pc-process/main
[37.776s] -- Set runtime path of "/home/mark/thesis/install/slam_1_pc-process/lib/slam_1_pc-process/main" to ""
[37.776s] -- Up-to-date: /home/mark/thesis/install/slam_1_pc-process/share/slam_1_pc-process/
[37.777s] -- Up-to-date: /home/mark/thesis/install/slam_1_pc-process/share/ament_index/resource_index/package_run_dependencies/slam_1_pc-process
[37.778s] -- Up-to-date: /home/mark/thesis/install/slam_1_pc-process/share/ament_index/resource_index/parent_prefix_path/slam_1_pc-process
[37.779s] -- Up-to-date: /home/mark/thesis/install/slam_1_pc-process/share/slam_1_pc-process/environment/ament_prefix_path.sh
[37.779s] -- Installing: /home/mark/thesis/install/slam_1_pc-process/share/slam_1_pc-process/environment/ament_prefix_path.dsv
[37.781s] -- Up-to-date: /home/mark/thesis/install/slam_1_pc-process/share/slam_1_pc-process/environment/path.sh
[37.781s] -- Installing: /home/mark/thesis/install/slam_1_pc-process/share/slam_1_pc-process/environment/path.dsv
[37.782s] -- Up-to-date: /home/mark/thesis/install/slam_1_pc-process/share/slam_1_pc-process/local_setup.bash
[37.782s] -- Up-to-date: /home/mark/thesis/install/slam_1_pc-process/share/slam_1_pc-process/local_setup.sh
[37.783s] -- Up-to-date: /home/mark/thesis/install/slam_1_pc-process/share/slam_1_pc-process/local_setup.zsh
[37.783s] -- Installing: /home/mark/thesis/install/slam_1_pc-process/share/slam_1_pc-process/local_setup.dsv
[37.784s] -- Installing: /home/mark/thesis/install/slam_1_pc-process/share/slam_1_pc-process/package.dsv
[37.785s] -- Up-to-date: /home/mark/thesis/install/slam_1_pc-process/share/ament_index/resource_index/packages/slam_1_pc-process
[37.786s] -- Up-to-date: /home/mark/thesis/install/slam_1_pc-process/share/slam_1_pc-process/cmake/slam_1_pc-processConfig.cmake
[37.786s] -- Up-to-date: /home/mark/thesis/install/slam_1_pc-process/share/slam_1_pc-process/cmake/slam_1_pc-processConfig-version.cmake
[37.786s] -- Up-to-date: /home/mark/thesis/install/slam_1_pc-process/share/slam_1_pc-process/package.xml
[37.791s] Invoked command in '/home/mark/thesis/build/slam_1_pc-process' returned '0': CMAKE_PREFIX_PATH=${CMAKE_PREFIX_PATH}:/home/mark/ros_ws/install/my_ros_01:/home/mark/ros_ws/install/my_package:/home/mark/ros_ws/install/lifecycle_py:/opt/ros/humble /usr/bin/cmake --install /home/mark/thesis/build/slam_1_pc-process
