[35m[1mConsolidate compiler generated dependencies of target 2_manual_pcd[0m
[35m[1mConsolidate compiler generated dependencies of target 3_voxel[0m
[ 33%] Built target 1_import_pcd
[ 50%] [32mBuilding CXX object CMakeFiles/3_voxel.dir/src/3_voxel.cpp.o[0m
[ 66%] [32mBuilding CXX object CMakeFiles/2_manual_pcd.dir/src/2_manual_pcd.cpp.o[0m
[01m[K/home/mark/thesis/src/slam_1_pc-process/src/2_manual_pcd.cpp:[m[K In function ‘[01m[Kint main()[m[K’:
[01m[K/home/mark/thesis/src/slam_1_pc-process/src/2_manual_pcd.cpp:25:51:[m[K [01;31m[Kerror: [m[Kno match for ‘[01m[Koperator*[m[K’ (operand type is ‘[01m[Kpcl::PointCloud<pcl::PointXYZ>[m[K’)
   25 |     cloud_writer.write<pcl::PointXYZ>(path_export,[01;31m[K*cloud[m[K)
      |                                                   [01;31m[K^~~~~~[m[K
[01m[K/home/mark/thesis/src/slam_1_pc-process/src/3_voxel.cpp:[m[K In function ‘[01m[Kint main()[m[K’:
[01m[K/home/mark/thesis/src/slam_1_pc-process/src/3_voxel.cpp:45:57:[m[K [01;31m[Kerror: [m[Kexpected ‘[01m[K;[m[K’ before ‘[01m[Kreturn[m[K’
   45 |     cloud_writer.write<PointT>(path_export,*voxel_cloud)
      |                                                         [01;31m[K^[m[K
      |                                                         [32m[K;[m[K
   46 | 
   47 |   [32m[Kreturn[m[K 0;
      |   [32m[K~~~~~~[m[K                                                 
gmake[2]: *** [CMakeFiles/2_manual_pcd.dir/build.make:76: CMakeFiles/2_manual_pcd.dir/src/2_manual_pcd.cpp.o] Error 1
gmake[1]: *** [CMakeFiles/Makefile2:167: CMakeFiles/2_manual_pcd.dir/all] Error 2
gmake[1]: *** Waiting for unfinished jobs....
gmake[2]: *** [CMakeFiles/3_voxel.dir/build.make:76: CMakeFiles/3_voxel.dir/src/3_voxel.cpp.o] Error 1
gmake[1]: *** [CMakeFiles/Makefile2:193: CMakeFiles/3_voxel.dir/all] Error 2
gmake: *** [Makefile:146: all] Error 2
