[35m[1mConsolidate compiler generated dependencies of target 3_voxel[0m
[ 16%] [32mBuilding CXX object CMakeFiles/1_import_pcd.dir/src/1_import_pcd.cpp.o[0m
[ 33%] [32mBuilding CXX object CMakeFiles/3_voxel.dir/src/3_voxel.cpp.o[0m
[ 66%] Built target 2_manual_pcd
[01m[K/home/mark/thesis/src/slam_1_pc-process/src/3_voxel.cpp:[m[K In function ‘[01m[Kint main()[m[K’:
[01m[K/home/mark/thesis/src/slam_1_pc-process/src/3_voxel.cpp:38:32:[m[K [01;31m[Kerror: [m[Kcannot convert ‘[01m[Kpcl::PCLPointCloud2::Ptr[m[K’ {aka ‘[01m[Kstd::shared_ptr<pcl::PCLPointCloud2>[m[K’} to ‘[01m[Kconst PointCloudConstPtr&[m[K’ {aka ‘[01m[Kconst std::shared_ptr<const pcl::PointCloud<pcl::PointXYZ> >&[m[K’}
   38 |     voxel_filter.setInputCloud([01;31m[Kcloud[m[K);
      |                                [01;31m[K^~~~~[m[K
      |                                [01;31m[K|[m[K
      |                                [01;31m[Kpcl::PCLPointCloud2::Ptr {aka std::shared_ptr<pcl::PCLPointCloud2>}[m[K
In file included from [01m[K/usr/include/pcl-1.12/pcl/filters/filter.h:42[m[K,
                 from [01m[K/usr/include/pcl-1.12/pcl/filters/voxel_grid.h:42[m[K,
                 from [01m[K/home/mark/thesis/src/slam_1_pc-process/src/3_voxel.cpp:6[m[K:
[01m[K/usr/include/pcl-1.12/pcl/pcl_base.h:92:48:[m[K [01;36m[Knote: [m[K  initializing argument 1 of ‘[01m[Kvoid pcl::PCLBase<PointT>::setInputCloud(const PointCloudConstPtr&) [with PointT = pcl::PointXYZ; pcl::PCLBase<PointT>::PointCloudConstPtr = std::shared_ptr<const pcl::PointCloud<pcl::PointXYZ> >][m[K’
   92 |       setInputCloud ([01;36m[Kconst PointCloudConstPtr &cloud[m[K);
      |                      [01;36m[K~~~~~~~~~~~~~~~~~~~~~~~~~~^~~~~[m[K
[01m[K/home/mark/thesis/src/slam_1_pc-process/src/3_voxel.cpp:44:57:[m[K [01;31m[Kerror: [m[Kexpected ‘[01m[K;[m[K’ before ‘[01m[Kreturn[m[K’
   44 |     cloud_writer.write<PointT>(path_export,*voxel_cloud)
      |                                                         [01;31m[K^[m[K
      |                                                         [32m[K;[m[K
   45 | 
   46 |   [32m[Kreturn[m[K 0;
      |   [32m[K~~~~~~[m[K                                                 
[ 83%] [32m[1mLinking CXX executable 1_import_pcd[0m
[ 83%] Built target 1_import_pcd
gmake[2]: *** [CMakeFiles/3_voxel.dir/build.make:76: CMakeFiles/3_voxel.dir/src/3_voxel.cpp.o] Error 1
gmake[1]: *** [CMakeFiles/Makefile2:193: CMakeFiles/3_voxel.dir/all] Error 2
gmake: *** [Makefile:146: all] Error 2
