[0.024s] Invoking command in '/home/mark/thesis/build/slam_1_pc-process': CMAKE_PREFIX_PATH=${CMAKE_PREFIX_PATH}:/home/mark/ros_ws/install/my_ros_01:/home/mark/ros_ws/install/my_package:/home/mark/ros_ws/install/lifecycle_py:/opt/ros/humble /usr/bin/cmake /home/mark/thesis/src/slam_1_pc-process -DCMAKE_INSTALL_PREFIX=/home/mark/thesis/install/slam_1_pc-process
[0.047s] -- Found ament_cmake: 1.3.9 (/opt/ros/humble/share/ament_cmake/cmake)
[0.286s] -- Eigen found (include: /usr/include/eigen3, version: 3.4.0)
[0.349s] -- FLANN found (include: /usr/include, lib: /usr/lib/x86_64-linux-gnu/libflann_cpp.so)
[0.899s] -- OpenNI found (version: 1.5.4.0, include: /usr/include/ni, lib: /usr/lib/libOpenNI.so;libusb::libusb)
[0.910s] -- OpenNI2 found (version: 2.2.0.33, include: /usr/include/openni2, lib: /usr/lib/x86_64-linux-gnu/libOpenNI2.so;libusb::libusb)
[0.911s] [0m** WARNING ** io features related to pcap will be disabled[0m
[1.240s] -- Eigen found (include: /usr/include/eigen3, version: 3.4.0)
[1.251s] -- OpenNI found (version: 1.5.4.0, include: /usr/include/ni, lib: /usr/lib/libOpenNI.so;libusb::libusb)
[1.261s] -- OpenNI2 found (version: 2.2.0.33, include: /usr/include/openni2, lib: /usr/lib/x86_64-linux-gnu/libOpenNI2.so;libusb::libusb)
[1.533s] -- Found Qhull version 8.0.2
[1.793s] -- OpenNI found (version: 1.5.4.0, include: /usr/include/ni, lib: /usr/lib/libOpenNI.so;libusb::libusb)
[2.047s] -- looking for PCL_COMMON
[2.048s] -- looking for PCL_KDTREE
[2.049s] -- looking for PCL_OCTREE
[2.049s] -- looking for PCL_SEARCH
[2.050s] -- looking for PCL_SAMPLE_CONSENSUS
[2.051s] -- looking for PCL_FILTERS
[2.052s] -- looking for PCL_2D
[2.053s] -- looking for PCL_GEOMETRY
[2.053s] -- looking for PCL_IO
[2.054s] -- looking for PCL_FEATURES
[2.055s] -- looking for PCL_ML
[2.056s] -- looking for PCL_SEGMENTATION
[2.057s] -- looking for PCL_VISUALIZATION
[2.058s] -- looking for PCL_SURFACE
[2.059s] -- looking for PCL_REGISTRATION
[2.060s] -- looking for PCL_KEYPOINTS
[2.061s] -- looking for PCL_TRACKING
[2.062s] -- looking for PCL_RECOGNITION
[2.063s] -- looking for PCL_STEREO
[2.064s] -- looking for PCL_APPS
[2.066s] -- looking for PCL_IN_HAND_SCANNER
[2.066s] -- looking for PCL_MODELER
[2.067s] -- looking for PCL_POINT_CLOUD_EDITOR
[2.068s] -- looking for PCL_OUTOFCORE
[2.069s] -- looking for PCL_PEOPLE
[2.072s] -- Found rclcpp: 16.0.9 (/opt/ros/humble/share/rclcpp/cmake)
[2.113s] -- Found rosidl_generator_c: 3.1.5 (/opt/ros/humble/share/rosidl_generator_c/cmake)
[2.117s] -- Found rosidl_adapter: 3.1.5 (/opt/ros/humble/share/rosidl_adapter/cmake)
[2.126s] -- Found rosidl_generator_cpp: 3.1.5 (/opt/ros/humble/share/rosidl_generator_cpp/cmake)
[2.145s] -- Using all available rosidl_typesupport_c: rosidl_typesupport_fastrtps_c;rosidl_typesupport_introspection_c
[2.171s] -- Using all available rosidl_typesupport_cpp: rosidl_typesupport_fastrtps_cpp;rosidl_typesupport_introspection_cpp
[2.262s] -- Found rmw_implementation_cmake: 6.1.2 (/opt/ros/humble/share/rmw_implementation_cmake/cmake)
[2.265s] -- Found rmw_fastrtps_cpp: 6.2.6 (/opt/ros/humble/share/rmw_fastrtps_cpp/cmake)
[2.475s] -- Using RMW implementation 'rmw_fastrtps_cpp' as default
[2.716s] [31mCMake Error at CMakeLists.txt:21 (install):
[2.716s]   install TARGETS given target "pcd_import" which does not exist.
[2.716s] 
[2.716s] [0m
[2.852s] -- Configuring incomplete, errors occurred!
[2.853s] See also "/home/mark/thesis/build/slam_1_pc-process/CMakeFiles/CMakeOutput.log".
[2.876s] Invoked command in '/home/mark/thesis/build/slam_1_pc-process' returned '1': CMAKE_PREFIX_PATH=${CMAKE_PREFIX_PATH}:/home/mark/ros_ws/install/my_ros_01:/home/mark/ros_ws/install/my_package:/home/mark/ros_ws/install/lifecycle_py:/opt/ros/humble /usr/bin/cmake /home/mark/thesis/src/slam_1_pc-process -DCMAKE_INSTALL_PREFIX=/home/mark/thesis/install/slam_1_pc-process
