[0.032s] Invoking command in '/home/mark/thesis/build/slam_1_pc-process': CMAKE_PREFIX_PATH=${CMAKE_PREFIX_PATH}:/home/mark/ros_ws/install/my_ros_01:/home/mark/ros_ws/install/my_package:/home/mark/ros_ws/install/lifecycle_py:/opt/ros/humble /usr/bin/cmake --build /home/mark/thesis/build/slam_1_pc-process -- -j4 -l4
[0.098s] -- Found ament_cmake: 1.3.9 (/opt/ros/humble/share/ament_cmake/cmake)
[0.614s] -- Eigen found (include: /usr/include/eigen3, version: 3.4.0)
[0.683s] -- FLANN found (include: /usr/include, lib: /usr/lib/x86_64-linux-gnu/libflann_cpp.so)
[1.301s] -- OpenNI found (version: 1.5.4.0, include: /usr/include/ni, lib: /usr/lib/libOpenNI.so;libusb::libusb)
[1.309s] -- OpenNI2 found (version: 2.2.0.33, include: /usr/include/openni2, lib: /usr/lib/x86_64-linux-gnu/libOpenNI2.so;libusb::libusb)
[1.309s] [0m** WARNING ** io features related to pcap will be disabled[0m
[1.521s] -- Eigen found (include: /usr/include/eigen3, version: 3.4.0)
[1.531s] -- OpenNI found (version: 1.5.4.0, include: /usr/include/ni, lib: /usr/lib/libOpenNI.so;libusb::libusb)
[1.540s] -- OpenNI2 found (version: 2.2.0.33, include: /usr/include/openni2, lib: /usr/lib/x86_64-linux-gnu/libOpenNI2.so;libusb::libusb)
[1.744s] -- Found Qhull version 8.0.2
[1.956s] -- OpenNI found (version: 1.5.4.0, include: /usr/include/ni, lib: /usr/lib/libOpenNI.so;libusb::libusb)
[2.178s] -- looking for PCL_COMMON
[2.178s] -- looking for PCL_KDTREE
[2.179s] -- looking for PCL_OCTREE
[2.180s] -- looking for PCL_SEARCH
[2.180s] -- looking for PCL_SAMPLE_CONSENSUS
[2.181s] -- looking for PCL_FILTERS
[2.182s] -- looking for PCL_2D
[2.183s] -- looking for PCL_GEOMETRY
[2.183s] -- looking for PCL_IO
[2.184s] -- looking for PCL_FEATURES
[2.185s] -- looking for PCL_ML
[2.186s] -- looking for PCL_SEGMENTATION
[2.187s] -- looking for PCL_VISUALIZATION
[2.188s] -- looking for PCL_SURFACE
[2.188s] -- looking for PCL_REGISTRATION
[2.189s] -- looking for PCL_KEYPOINTS
[2.190s] -- looking for PCL_TRACKING
[2.190s] -- looking for PCL_RECOGNITION
[2.191s] -- looking for PCL_STEREO
[2.192s] -- looking for PCL_APPS
[2.193s] -- looking for PCL_IN_HAND_SCANNER
[2.193s] -- looking for PCL_MODELER
[2.194s] -- looking for PCL_POINT_CLOUD_EDITOR
[2.194s] -- looking for PCL_OUTOFCORE
[2.195s] -- looking for PCL_PEOPLE
[2.197s] -- Found rclcpp: 16.0.9 (/opt/ros/humble/share/rclcpp/cmake)
[2.255s] -- Found rosidl_generator_c: 3.1.5 (/opt/ros/humble/share/rosidl_generator_c/cmake)
[2.260s] -- Found rosidl_adapter: 3.1.5 (/opt/ros/humble/share/rosidl_adapter/cmake)
[2.274s] -- Found rosidl_generator_cpp: 3.1.5 (/opt/ros/humble/share/rosidl_generator_cpp/cmake)
[2.295s] -- Using all available rosidl_typesupport_c: rosidl_typesupport_fastrtps_c;rosidl_typesupport_introspection_c
[2.324s] -- Using all available rosidl_typesupport_cpp: rosidl_typesupport_fastrtps_cpp;rosidl_typesupport_introspection_cpp
[2.427s] -- Found rmw_implementation_cmake: 6.1.2 (/opt/ros/humble/share/rmw_implementation_cmake/cmake)
[2.431s] -- Found rmw_fastrtps_cpp: 6.2.6 (/opt/ros/humble/share/rmw_fastrtps_cpp/cmake)
[2.621s] -- Using RMW implementation 'rmw_fastrtps_cpp' as default
[3.027s] -- Configuring done
[3.135s] -- Generating done
[3.139s] -- Build files have been written to: /home/mark/thesis/build/slam_1_pc-process
[3.182s] [35m[1mConsolidate compiler generated dependencies of target 2_manual_pcd[0m
[3.188s] [35m[1mConsolidate compiler generated dependencies of target 1_import_pcd[0m
[3.208s] [ 16%] [32mBuilding CXX object CMakeFiles/3_voxel.dir/src/3_voxel.cpp.o[0m
[3.233s] [ 50%] Built target 2_manual_pcd
[3.246s] [ 83%] Built target 1_import_pcd
[10.114s] [01m[K/home/mark/thesis/src/slam_1_pc-process/src/3_voxel.cpp:[m[K In function ‘[01m[Kint main()[m[K’:
[10.114s] [01m[K/home/mark/thesis/src/slam_1_pc-process/src/3_voxel.cpp:37:32:[m[K [01;31m[Kerror: [m[Kcannot convert ‘[01m[Kpcl::PCLPointCloud2::Ptr[m[K’ {aka ‘[01m[Kstd::shared_ptr<pcl::PCLPointCloud2>[m[K’} to ‘[01m[Kconst PointCloudConstPtr&[m[K’ {aka ‘[01m[Kconst std::shared_ptr<const pcl::PointCloud<pcl::PointXYZ> >&[m[K’}
[10.115s]    37 |     voxel_filter.setInputCloud([01;31m[Kcloud[m[K);
[10.115s]       |                                [01;31m[K^~~~~[m[K
[10.115s]       |                                [01;31m[K|[m[K
[10.115s]       |                                [01;31m[Kpcl::PCLPointCloud2::Ptr {aka std::shared_ptr<pcl::PCLPointCloud2>}[m[K
[10.115s] In file included from [01m[K/usr/include/pcl-1.12/pcl/filters/filter.h:42[m[K,
[10.115s]                  from [01m[K/usr/include/pcl-1.12/pcl/filters/voxel_grid.h:42[m[K,
[10.116s]                  from [01m[K/home/mark/thesis/src/slam_1_pc-process/src/3_voxel.cpp:6[m[K:
[10.116s] [01m[K/usr/include/pcl-1.12/pcl/pcl_base.h:92:48:[m[K [01;36m[Knote: [m[K  initializing argument 1 of ‘[01m[Kvoid pcl::PCLBase<PointT>::setInputCloud(const PointCloudConstPtr&) [with PointT = pcl::PointXYZ; pcl::PCLBase<PointT>::PointCloudConstPtr = std::shared_ptr<const pcl::PointCloud<pcl::PointXYZ> >][m[K’
[10.116s]    92 |       setInputCloud ([01;36m[Kconst PointCloudConstPtr &cloud[m[K);
[10.116s]       |                      [01;36m[K~~~~~~~~~~~~~~~~~~~~~~~~~~^~~~~[m[K
[10.116s] [01m[K/home/mark/thesis/src/slam_1_pc-process/src/3_voxel.cpp:43:30:[m[K [01;31m[Kerror: [m[Kno matching function for call to ‘[01m[KsavePCDFileASCII(std::string&, pcl::PCLPointCloud2::Ptr&)[m[K’
[10.116s]    43 |     [01;31m[Kpcl::io::savePCDFileASCII(path_export,cloud)[m[K;
[10.117s]       |     [01;31m[K~~~~~~~~~~~~~~~~~~~~~~~~~^~~~~~~~~~~~~~~~~~~[m[K
[10.117s] In file included from [01m[K/home/mark/thesis/src/slam_1_pc-process/src/3_voxel.cpp:4[m[K:
[10.117s] [01m[K/usr/include/pcl-1.12/pcl/io/pcd_io.h:719:5:[m[K [01;36m[Knote: [m[Kcandidate: ‘[01m[Ktemplate<class PointT> int pcl::io::savePCDFileASCII(const string&, const pcl::PointCloud<PointT>&)[m[K’
[10.117s]   719 |     [01;36m[KsavePCDFileASCII[m[K (const std::string &file_name, const pcl::PointCloud<PointT> &cloud)
[10.117s]       |     [01;36m[K^~~~~~~~~~~~~~~~[m[K
[10.117s] [01m[K/usr/include/pcl-1.12/pcl/io/pcd_io.h:719:5:[m[K [01;36m[Knote: [m[K  template argument deduction/substitution failed:
[10.117s] [01m[K/home/mark/thesis/src/slam_1_pc-process/src/3_voxel.cpp:43:30:[m[K [01;36m[Knote: [m[K  ‘[01m[Kpcl::PCLPointCloud2::Ptr[m[K’ {aka ‘[01m[Kstd::shared_ptr<pcl::PCLPointCloud2>[m[K’} is not derived from ‘[01m[Kconst pcl::PointCloud<PointT>[m[K’
[10.118s]    43 |     [01;36m[Kpcl::io::savePCDFileASCII(path_export,cloud)[m[K;
[10.118s]       |     [01;36m[K~~~~~~~~~~~~~~~~~~~~~~~~~^~~~~~~~~~~~~~~~~~~[m[K
[11.222s] gmake[2]: *** [CMakeFiles/3_voxel.dir/build.make:76: CMakeFiles/3_voxel.dir/src/3_voxel.cpp.o] Error 1
[11.222s] gmake[1]: *** [CMakeFiles/Makefile2:193: CMakeFiles/3_voxel.dir/all] Error 2
[11.222s] gmake: *** [Makefile:146: all] Error 2
[11.232s] Invoked command in '/home/mark/thesis/build/slam_1_pc-process' returned '2': CMAKE_PREFIX_PATH=${CMAKE_PREFIX_PATH}:/home/mark/ros_ws/install/my_ros_01:/home/mark/ros_ws/install/my_package:/home/mark/ros_ws/install/lifecycle_py:/opt/ros/humble /usr/bin/cmake --build /home/mark/thesis/build/slam_1_pc-process -- -j4 -l4
