[0.058s] Invoking command in '/home/mark/thesis/build/slam_1_pc-process': CMAKE_PREFIX_PATH=${CMAKE_PREFIX_PATH}:/home/mark/ros_ws/install/my_ros_01:/home/mark/ros_ws/install/my_package:/home/mark/ros_ws/install/lifecycle_py:/opt/ros/humble /usr/bin/cmake /home/mark/thesis/src/slam_1_pc-process -DCMAKE_INSTALL_PREFIX=/home/mark/thesis/install/slam_1_pc-process
[0.153s] -- Found ament_cmake: 1.3.9 (/opt/ros/humble/share/ament_cmake/cmake)
[0.721s] -- Eigen found (include: /usr/include/eigen3, version: 3.4.0)
[0.829s] -- FLANN found (include: /usr/include, lib: /usr/lib/x86_64-linux-gnu/libflann_cpp.so)
[1.255s] -- OpenNI found (version: 1.5.4.0, include: /usr/include/ni, lib: /usr/lib/libOpenNI.so;libusb::libusb)
[1.263s] -- OpenNI2 found (version: 2.2.0.33, include: /usr/include/openni2, lib: /usr/lib/x86_64-linux-gnu/libOpenNI2.so;libusb::libusb)
[1.263s] [0m** WARNING ** io features related to pcap will be disabled[0m
[1.494s] -- Eigen found (include: /usr/include/eigen3, version: 3.4.0)
[1.502s] -- OpenNI found (version: 1.5.4.0, include: /usr/include/ni, lib: /usr/lib/libOpenNI.so;libusb::libusb)
[1.510s] -- OpenNI2 found (version: 2.2.0.33, include: /usr/include/openni2, lib: /usr/lib/x86_64-linux-gnu/libOpenNI2.so;libusb::libusb)
[1.707s] -- Found Qhull version 8.0.2
[1.913s] -- OpenNI found (version: 1.5.4.0, include: /usr/include/ni, lib: /usr/lib/libOpenNI.so;libusb::libusb)
[2.107s] -- looking for PCL_COMMON
[2.108s] -- looking for PCL_KDTREE
[2.108s] -- looking for PCL_OCTREE
[2.109s] -- looking for PCL_SEARCH
[2.109s] -- looking for PCL_SAMPLE_CONSENSUS
[2.110s] -- looking for PCL_FILTERS
[2.110s] -- looking for PCL_2D
[2.111s] -- looking for PCL_GEOMETRY
[2.111s] -- looking for PCL_IO
[2.112s] -- looking for PCL_FEATURES
[2.112s] -- looking for PCL_ML
[2.113s] -- looking for PCL_SEGMENTATION
[2.114s] -- looking for PCL_VISUALIZATION
[2.115s] -- looking for PCL_SURFACE
[2.115s] -- looking for PCL_REGISTRATION
[2.116s] -- looking for PCL_KEYPOINTS
[2.116s] -- looking for PCL_TRACKING
[2.117s] -- looking for PCL_RECOGNITION
[2.118s] -- looking for PCL_STEREO
[2.118s] -- looking for PCL_APPS
[2.119s] -- looking for PCL_IN_HAND_SCANNER
[2.120s] -- looking for PCL_MODELER
[2.120s] -- looking for PCL_POINT_CLOUD_EDITOR
[2.121s] -- looking for PCL_OUTOFCORE
[2.122s] -- looking for PCL_PEOPLE
[2.123s] -- Found rclcpp: 16.0.9 (/opt/ros/humble/share/rclcpp/cmake)
[2.155s] -- Found rosidl_generator_c: 3.1.5 (/opt/ros/humble/share/rosidl_generator_c/cmake)
[2.158s] -- Found rosidl_adapter: 3.1.5 (/opt/ros/humble/share/rosidl_adapter/cmake)
[2.166s] -- Found rosidl_generator_cpp: 3.1.5 (/opt/ros/humble/share/rosidl_generator_cpp/cmake)
[2.182s] -- Using all available rosidl_typesupport_c: rosidl_typesupport_fastrtps_c;rosidl_typesupport_introspection_c
[2.202s] -- Using all available rosidl_typesupport_cpp: rosidl_typesupport_fastrtps_cpp;rosidl_typesupport_introspection_cpp
[2.283s] -- Found rmw_implementation_cmake: 6.1.2 (/opt/ros/humble/share/rmw_implementation_cmake/cmake)
[2.285s] -- Found rmw_fastrtps_cpp: 6.2.6 (/opt/ros/humble/share/rmw_fastrtps_cpp/cmake)
[2.453s] -- Using RMW implementation 'rmw_fastrtps_cpp' as default
[2.769s] -- Configuring done
[2.775s] [31mCMake Error at CMakeLists.txt:16 (add_executable):
[2.775s]   Cannot find source file:
[2.775s] 
[2.775s]     src/0_import_pcd.cpp
[2.775s] 
[2.776s]   Tried extensions .c .C .c++ .cc .cpp .cxx .cu .mpp .m .M .mm .ixx .cppm .h
[2.776s]   .hh .h++ .hm .hpp .hxx .in .txx .f .F .for .f77 .f90 .f95 .f03 .hip .ispc
[2.776s] 
[2.776s] [0m
[2.777s] [31mCMake Error at CMakeLists.txt:16 (add_executable):
[2.777s]   No SOURCES given to target: import_pcd
[2.777s] 
[2.777s] [0m
[2.777s] [0mCMake Generate step failed.  Build files cannot be regenerated correctly.[0m
[2.800s] Invoked command in '/home/mark/thesis/build/slam_1_pc-process' returned '1': CMAKE_PREFIX_PATH=${CMAKE_PREFIX_PATH}:/home/mark/ros_ws/install/my_ros_01:/home/mark/ros_ws/install/my_package:/home/mark/ros_ws/install/lifecycle_py:/opt/ros/humble /usr/bin/cmake /home/mark/thesis/src/slam_1_pc-process -DCMAKE_INSTALL_PREFIX=/home/mark/thesis/install/slam_1_pc-process
