[35m[1mConsolidate compiler generated dependencies of target import_pcd[0m
[ 50%] [32mBuilding CXX object CMakeFiles/import_pcd.dir/src/1_import_pcd.cpp.o[0m
[100%] [32m[1mLinking CXX executable import_pcd[0m
[100%] Built target import_pcd
-- Install configuration: ""
-- Installing: /home/mark/thesis/install/slam_1_pc-process/lib/slam_1_pc-process/import_pcd
-- Up-to-date: /home/mark/thesis/install/slam_1_pc-process/share/slam_1_pc-process/
-- Installing: /home/mark/thesis/install/slam_1_pc-process/share/ament_index/resource_index/package_run_dependencies/slam_1_pc-process
-- Installing: /home/mark/thesis/install/slam_1_pc-process/share/ament_index/resource_index/parent_prefix_path/slam_1_pc-process
-- Installing: /home/mark/thesis/install/slam_1_pc-process/share/slam_1_pc-process/environment/ament_prefix_path.sh
-- Installing: /home/mark/thesis/install/slam_1_pc-process/share/slam_1_pc-process/environment/ament_prefix_path.dsv
-- Installing: /home/mark/thesis/install/slam_1_pc-process/share/slam_1_pc-process/environment/path.sh
-- Installing: /home/mark/thesis/install/slam_1_pc-process/share/slam_1_pc-process/environment/path.dsv
-- Installing: /home/mark/thesis/install/slam_1_pc-process/share/slam_1_pc-process/local_setup.bash
-- Installing: /home/mark/thesis/install/slam_1_pc-process/share/slam_1_pc-process/local_setup.sh
-- Installing: /home/mark/thesis/install/slam_1_pc-process/share/slam_1_pc-process/local_setup.zsh
-- Installing: /home/mark/thesis/install/slam_1_pc-process/share/slam_1_pc-process/local_setup.dsv
-- Installing: /home/mark/thesis/install/slam_1_pc-process/share/slam_1_pc-process/package.dsv
-- Installing: /home/mark/thesis/install/slam_1_pc-process/share/ament_index/resource_index/packages/slam_1_pc-process
-- Installing: /home/mark/thesis/install/slam_1_pc-process/share/slam_1_pc-process/cmake/slam_1_pc-processConfig.cmake
-- Installing: /home/mark/thesis/install/slam_1_pc-process/share/slam_1_pc-process/cmake/slam_1_pc-processConfig-version.cmake
-- Installing: /home/mark/thesis/install/slam_1_pc-process/share/slam_1_pc-process/package.xml
