[0.041s] Invoking command in '/home/mark/thesis/build/rtabmap_python': /usr/bin/cmake /home/mark/thesis/src/rtabmap_ros/rtabmap_python -DCATKIN_INSTALL_INTO_PREFIX_ROOT=0 -DCMAKE_INSTALL_PREFIX=/home/mark/thesis/install/rtabmap_python
[0.279s] -- The C compiler identification is GNU 11.4.0
[0.424s] -- The CXX compiler identification is GNU 11.4.0
[0.444s] -- Detecting C compiler ABI info
[0.728s] -- Detecting C compiler ABI info - done
[0.752s] -- Check for working C compiler: /usr/bin/cc - skipped
[0.752s] -- Detecting C compile features
[0.753s] -- Detecting C compile features - done
[0.763s] -- Detecting CXX compiler ABI info
[1.009s] -- Detecting CXX compiler ABI info - done
[1.033s] -- Check for working CXX compiler: /usr/bin/c++ - skipped
[1.034s] -- Detecting CXX compile features
[1.035s] -- Detecting CXX compile features - done
[1.063s] [31mCMake Error at CMakeLists.txt:4 (find_package):
[1.063s]   By not providing "Findcatkin.cmake" in CMAKE_MODULE_PATH this project has
[1.063s]   asked CMake to find a package configuration file provided by "catkin", but
[1.063s]   CMake did not find one.
[1.064s] 
[1.064s]   Could not find a package configuration file provided by "catkin" with any
[1.064s]   of the following names:
[1.064s] 
[1.065s]     catkinConfig.cmake
[1.065s]     catkin-config.cmake
[1.065s] 
[1.065s]   Add the installation prefix of "catkin" to CMAKE_PREFIX_PATH or set
[1.065s]   "catkin_DIR" to a directory containing one of the above files.  If "catkin"
[1.065s]   provides a separate development package or SDK, be sure it has been
[1.066s]   installed.
[1.066s] 
[1.066s] [0m
[1.067s] -- Configuring incomplete, errors occurred!
[1.067s] See also "/home/mark/thesis/build/rtabmap_python/CMakeFiles/CMakeOutput.log".
[1.081s] Invoked command in '/home/mark/thesis/build/rtabmap_python' returned '1': /usr/bin/cmake /home/mark/thesis/src/rtabmap_ros/rtabmap_python -DCATKIN_INSTALL_INTO_PREFIX_ROOT=0 -DCMAKE_INSTALL_PREFIX=/home/mark/thesis/install/rtabmap_python
