-- Install configuration: ""
-- Up-to-date: /home/mark/thesis/install/slam_0_bringup/share/slam_0_bringup//launch
-- Up-to-date: /home/mark/thesis/install/slam_0_bringup/share/slam_0_bringup//launch/publish_kitti.launch.py
-- Up-to-date: /home/mark/thesis/install/slam_0_bringup/share/slam_0_bringup//launch/my_rviz.launch.py
-- Up-to-date: /home/mark/thesis/install/slam_0_bringup/share/slam_0_bringup//launch/rtab_mapping.launch.py
-- Up-to-date: /home/mark/thesis/install/slam_0_bringup/share/slam_0_bringup//rviz
-- Installing: /home/mark/thesis/install/slam_0_bringup/share/slam_0_bringup//rviz/rviz_kitti.rviz
-- Up-to-date: /home/mark/thesis/install/slam_0_bringup/share/ament_index/resource_index/package_run_dependencies/slam_0_bringup
-- Up-to-date: /home/mark/thesis/install/slam_0_bringup/share/ament_index/resource_index/parent_prefix_path/slam_0_bringup
-- Up-to-date: /home/mark/thesis/install/slam_0_bringup/share/slam_0_bringup/environment/ament_prefix_path.sh
-- Up-to-date: /home/mark/thesis/install/slam_0_bringup/share/slam_0_bringup/environment/ament_prefix_path.dsv
-- Up-to-date: /home/mark/thesis/install/slam_0_bringup/share/slam_0_bringup/environment/path.sh
-- Up-to-date: /home/mark/thesis/install/slam_0_bringup/share/slam_0_bringup/environment/path.dsv
-- Up-to-date: /home/mark/thesis/install/slam_0_bringup/share/slam_0_bringup/local_setup.bash
-- Up-to-date: /home/mark/thesis/install/slam_0_bringup/share/slam_0_bringup/local_setup.sh
-- Up-to-date: /home/mark/thesis/install/slam_0_bringup/share/slam_0_bringup/local_setup.zsh
-- Up-to-date: /home/mark/thesis/install/slam_0_bringup/share/slam_0_bringup/local_setup.dsv
-- Installing: /home/mark/thesis/install/slam_0_bringup/share/slam_0_bringup/package.dsv
-- Up-to-date: /home/mark/thesis/install/slam_0_bringup/share/ament_index/resource_index/packages/slam_0_bringup
-- Up-to-date: /home/mark/thesis/install/slam_0_bringup/share/slam_0_bringup/cmake/slam_0_bringupConfig.cmake
-- Up-to-date: /home/mark/thesis/install/slam_0_bringup/share/slam_0_bringup/cmake/slam_0_bringupConfig-version.cmake
-- Up-to-date: /home/mark/thesis/install/slam_0_bringup/share/slam_0_bringup/package.xml
