[0.174s] DEBUG:colcon:Command line arguments: ['/usr/bin/colcon', 'build']
[0.174s] DEBUG:colcon:Parsed command line arguments: Namespace(log_base=None, log_level=None, verb_name='build', build_base='build', install_base='install', merge_install=False, symlink_install=False, test_result_base=None, continue_on_error=False, executor='parallel', parallel_workers=4, event_handlers=None, ignore_user_meta=False, metas=['./colcon.meta'], base_paths=['.'], packages_ignore=None, packages_ignore_regex=None, paths=None, packages_up_to=None, packages_up_to_regex=None, packages_above=None, packages_above_and_dependencies=None, packages_above_depth=None, packages_select_by_dep=None, packages_skip_by_dep=None, packages_skip_up_to=None, packages_select_build_failed=False, packages_skip_build_finished=False, packages_select_test_failures=False, packages_skip_test_passed=False, packages_select=None, packages_skip=None, packages_select_regex=None, packages_skip_regex=None, packages_start=None, packages_end=None, allow_overriding=[], cmake_args=None, cmake_target=None, cmake_target_skip_unavailable=False, cmake_clean_cache=False, cmake_clean_first=False, cmake_force_configure=False, ament_cmake_args=None, catkin_cmake_args=None, catkin_skip_building_tests=False, verb_parser=<colcon_defaults.argument_parser.defaults.DefaultArgumentsDecorator object at 0x7c53cfc9d0f0>, verb_extension=<colcon_core.verb.build.BuildVerb object at 0x7c53cfc9caf0>, main=<bound method BuildVerb.main of <colcon_core.verb.build.BuildVerb object at 0x7c53cfc9caf0>>)
[0.252s] Level 1:colcon.colcon_core.package_discovery:discover_packages(colcon_meta) check parameters
[0.252s] Level 1:colcon.colcon_core.package_discovery:discover_packages(recursive) check parameters
[0.253s] Level 1:colcon.colcon_core.package_discovery:discover_packages(ignore) check parameters
[0.253s] Level 1:colcon.colcon_core.package_discovery:discover_packages(path) check parameters
[0.253s] Level 1:colcon.colcon_core.package_discovery:discover_packages(colcon_meta) discover
[0.254s] Level 1:colcon.colcon_core.package_discovery:discover_packages(recursive) discover
[0.254s] INFO:colcon.colcon_core.package_discovery:Crawling recursively for packages in '/home/mark/thesis'
[0.254s] Level 1:colcon.colcon_core.package_identification:_identify(.) by extensions ['ignore', 'ignore_ament_install']
[0.255s] Level 1:colcon.colcon_core.package_identification:_identify(.) by extension 'ignore'
[0.255s] Level 1:colcon.colcon_core.package_identification:_identify(.) by extension 'ignore_ament_install'
[0.255s] Level 1:colcon.colcon_core.package_identification:_identify(.) by extensions ['colcon_pkg']
[0.256s] Level 1:colcon.colcon_core.package_identification:_identify(.) by extension 'colcon_pkg'
[0.256s] Level 1:colcon.colcon_core.package_identification:_identify(.) by extensions ['colcon_meta']
[0.256s] Level 1:colcon.colcon_core.package_identification:_identify(.) by extension 'colcon_meta'
[0.257s] Level 1:colcon.colcon_core.package_identification:_identify(.) by extensions ['ros']
[0.257s] Level 1:colcon.colcon_core.package_identification:_identify(.) by extension 'ros'
[0.300s] Level 1:colcon.colcon_core.package_identification:_identify(.) by extensions ['cmake', 'python']
[0.300s] Level 1:colcon.colcon_core.package_identification:_identify(.) by extension 'cmake'
[0.301s] Level 1:colcon.colcon_core.package_identification:_identify(.) by extension 'python'
[0.305s] Level 1:colcon.colcon_core.package_identification:_identify(.) by extensions ['python_setup_py']
[0.306s] Level 1:colcon.colcon_core.package_identification:_identify(.) by extension 'python_setup_py'
[0.306s] Level 1:colcon.colcon_core.package_identification:_identify(build) by extensions ['ignore', 'ignore_ament_install']
[0.307s] Level 1:colcon.colcon_core.package_identification:_identify(build) by extension 'ignore'
[0.307s] Level 1:colcon.colcon_core.package_identification:_identify(build) ignored
[0.307s] Level 1:colcon.colcon_core.package_identification:_identify(install) by extensions ['ignore', 'ignore_ament_install']
[0.307s] Level 1:colcon.colcon_core.package_identification:_identify(install) by extension 'ignore'
[0.307s] Level 1:colcon.colcon_core.package_identification:_identify(install) ignored
[0.308s] Level 1:colcon.colcon_core.package_identification:_identify(log) by extensions ['ignore', 'ignore_ament_install']
[0.308s] Level 1:colcon.colcon_core.package_identification:_identify(log) by extension 'ignore'
[0.308s] Level 1:colcon.colcon_core.package_identification:_identify(log) ignored
[0.308s] Level 1:colcon.colcon_core.package_identification:_identify(src) by extensions ['ignore', 'ignore_ament_install']
[0.308s] Level 1:colcon.colcon_core.package_identification:_identify(src) by extension 'ignore'
[0.308s] Level 1:colcon.colcon_core.package_identification:_identify(src) by extension 'ignore_ament_install'
[0.309s] Level 1:colcon.colcon_core.package_identification:_identify(src) by extensions ['colcon_pkg']
[0.309s] Level 1:colcon.colcon_core.package_identification:_identify(src) by extension 'colcon_pkg'
[0.309s] Level 1:colcon.colcon_core.package_identification:_identify(src) by extensions ['colcon_meta']
[0.309s] Level 1:colcon.colcon_core.package_identification:_identify(src) by extension 'colcon_meta'
[0.309s] Level 1:colcon.colcon_core.package_identification:_identify(src) by extensions ['ros']
[0.309s] Level 1:colcon.colcon_core.package_identification:_identify(src) by extension 'ros'
[0.309s] Level 1:colcon.colcon_core.package_identification:_identify(src) by extensions ['cmake', 'python']
[0.309s] Level 1:colcon.colcon_core.package_identification:_identify(src) by extension 'cmake'
[0.309s] Level 1:colcon.colcon_core.package_identification:_identify(src) by extension 'python'
[0.309s] Level 1:colcon.colcon_core.package_identification:_identify(src) by extensions ['python_setup_py']
[0.309s] Level 1:colcon.colcon_core.package_identification:_identify(src) by extension 'python_setup_py'
[0.310s] Level 1:colcon.colcon_core.package_identification:_identify(src/slam_1_pc-process) by extensions ['ignore', 'ignore_ament_install']
[0.310s] Level 1:colcon.colcon_core.package_identification:_identify(src/slam_1_pc-process) by extension 'ignore'
[0.310s] Level 1:colcon.colcon_core.package_identification:_identify(src/slam_1_pc-process) by extension 'ignore_ament_install'
[0.310s] Level 1:colcon.colcon_core.package_identification:_identify(src/slam_1_pc-process) by extensions ['colcon_pkg']
[0.310s] Level 1:colcon.colcon_core.package_identification:_identify(src/slam_1_pc-process) by extension 'colcon_pkg'
[0.310s] Level 1:colcon.colcon_core.package_identification:_identify(src/slam_1_pc-process) by extensions ['colcon_meta']
[0.310s] Level 1:colcon.colcon_core.package_identification:_identify(src/slam_1_pc-process) by extension 'colcon_meta'
[0.310s] Level 1:colcon.colcon_core.package_identification:_identify(src/slam_1_pc-process) by extensions ['ros']
[0.311s] Level 1:colcon.colcon_core.package_identification:_identify(src/slam_1_pc-process) by extension 'ros'
[0.327s] DEBUG:colcon.colcon_core.package_identification:Package 'src/slam_1_pc-process' with type 'ros.ament_cmake' and name 'slam_1_pc-process'
[0.327s] Level 1:colcon.colcon_core.package_discovery:discover_packages(recursive) using defaults
[0.328s] Level 1:colcon.colcon_core.package_discovery:discover_packages(ignore) discover
[0.328s] Level 1:colcon.colcon_core.package_discovery:discover_packages(ignore) using defaults
[0.328s] Level 1:colcon.colcon_core.package_discovery:discover_packages(path) discover
[0.328s] Level 1:colcon.colcon_core.package_discovery:discover_packages(path) using defaults
[0.395s] Level 1:colcon.colcon_core.package_discovery:discover_packages(prefix_path) check parameters
[0.396s] Level 1:colcon.colcon_core.package_discovery:discover_packages(prefix_path) discover
[0.402s] DEBUG:colcon.colcon_installed_package_information.package_discovery:Found 8 installed packages in /home/mark/ros_ws/install
[0.404s] DEBUG:colcon.colcon_installed_package_information.package_discovery:Found 3 installed packages in /home/mark/temp/install
[0.405s] DEBUG:colcon.colcon_installed_package_information.package_discovery:Found 4 installed packages in /home/mark/thesis/install
[0.410s] DEBUG:colcon.colcon_installed_package_information.package_discovery:Found 412 installed packages in /opt/ros/humble
[0.416s] Level 1:colcon.colcon_core.package_discovery:discover_packages(prefix_path) using defaults
[0.527s] Level 5:colcon.colcon_core.verb:set package 'slam_1_pc-process' build argument 'cmake_args' from command line to 'None'
[0.527s] Level 5:colcon.colcon_core.verb:set package 'slam_1_pc-process' build argument 'cmake_target' from command line to 'None'
[0.527s] Level 5:colcon.colcon_core.verb:set package 'slam_1_pc-process' build argument 'cmake_target_skip_unavailable' from command line to 'False'
[0.527s] Level 5:colcon.colcon_core.verb:set package 'slam_1_pc-process' build argument 'cmake_clean_cache' from command line to 'False'
[0.527s] Level 5:colcon.colcon_core.verb:set package 'slam_1_pc-process' build argument 'cmake_clean_first' from command line to 'False'
[0.527s] Level 5:colcon.colcon_core.verb:set package 'slam_1_pc-process' build argument 'cmake_force_configure' from command line to 'False'
[0.527s] Level 5:colcon.colcon_core.verb:set package 'slam_1_pc-process' build argument 'ament_cmake_args' from command line to 'None'
[0.528s] Level 5:colcon.colcon_core.verb:set package 'slam_1_pc-process' build argument 'catkin_cmake_args' from command line to 'None'
[0.528s] Level 5:colcon.colcon_core.verb:set package 'slam_1_pc-process' build argument 'catkin_skip_building_tests' from command line to 'False'
[0.528s] DEBUG:colcon.colcon_core.verb:Building package 'slam_1_pc-process' with the following arguments: {'ament_cmake_args': None, 'build_base': '/home/mark/thesis/build/slam_1_pc-process', 'catkin_cmake_args': None, 'catkin_skip_building_tests': False, 'cmake_args': None, 'cmake_clean_cache': False, 'cmake_clean_first': False, 'cmake_force_configure': False, 'cmake_target': None, 'cmake_target_skip_unavailable': False, 'install_base': '/home/mark/thesis/install/slam_1_pc-process', 'merge_install': False, 'path': '/home/mark/thesis/src/slam_1_pc-process', 'symlink_install': False, 'test_result_base': None}
[0.528s] INFO:colcon.colcon_core.executor:Executing jobs using 'parallel' executor
[0.530s] DEBUG:colcon.colcon_parallel_executor.executor.parallel:run_until_complete
[0.530s] INFO:colcon.colcon_ros.task.ament_cmake.build:Building ROS package in '/home/mark/thesis/src/slam_1_pc-process' with build type 'ament_cmake'
[0.530s] INFO:colcon.colcon_cmake.task.cmake.build:Building CMake package in '/home/mark/thesis/src/slam_1_pc-process'
[0.533s] INFO:colcon.colcon_core.plugin_system:Skipping extension 'colcon_core.shell.bat': Not used on non-Windows systems
[0.533s] INFO:colcon.colcon_core.shell:Skip shell extension 'powershell' for command environment: Not usable outside of PowerShell
[0.534s] DEBUG:colcon.colcon_core.shell:Skip shell extension 'dsv' for command environment
[0.551s] DEBUG:colcon.colcon_core.event_handler.log_command:Invoking command in '/home/mark/thesis/build/slam_1_pc-process': CMAKE_PREFIX_PATH=${CMAKE_PREFIX_PATH}:/home/mark/ros_ws/install/my_ros_01:/home/mark/ros_ws/install/my_package:/home/mark/ros_ws/install/lifecycle_py:/opt/ros/humble /usr/bin/cmake --build /home/mark/thesis/build/slam_1_pc-process -- -j4 -l4
[0.716s] DEBUG:colcon.colcon_core.event_handler.log_command:Invoked command in '/home/mark/thesis/build/slam_1_pc-process' returned '0': CMAKE_PREFIX_PATH=${CMAKE_PREFIX_PATH}:/home/mark/ros_ws/install/my_ros_01:/home/mark/ros_ws/install/my_package:/home/mark/ros_ws/install/lifecycle_py:/opt/ros/humble /usr/bin/cmake --build /home/mark/thesis/build/slam_1_pc-process -- -j4 -l4
[0.820s] DEBUG:colcon.colcon_core.event_handler.log_command:Invoking command in '/home/mark/thesis/build/slam_1_pc-process': CMAKE_PREFIX_PATH=${CMAKE_PREFIX_PATH}:/home/mark/ros_ws/install/my_ros_01:/home/mark/ros_ws/install/my_package:/home/mark/ros_ws/install/lifecycle_py:/opt/ros/humble /usr/bin/cmake --install /home/mark/thesis/build/slam_1_pc-process
[0.836s] Level 1:colcon.colcon_core.environment:create_environment_scripts_only(slam_1_pc-process)
[0.837s] DEBUG:colcon.colcon_core.event_handler.log_command:Invoked command in '/home/mark/thesis/build/slam_1_pc-process' returned '0': CMAKE_PREFIX_PATH=${CMAKE_PREFIX_PATH}:/home/mark/ros_ws/install/my_ros_01:/home/mark/ros_ws/install/my_package:/home/mark/ros_ws/install/lifecycle_py:/opt/ros/humble /usr/bin/cmake --install /home/mark/thesis/build/slam_1_pc-process
[0.840s] Level 1:colcon.colcon_core.environment:checking '/home/mark/thesis/install/slam_1_pc-process' for CMake module files
[0.841s] Level 1:colcon.colcon_core.environment:checking '/home/mark/thesis/install/slam_1_pc-process' for CMake config files
[0.842s] Level 1:colcon.colcon_core.shell:create_environment_hook('slam_1_pc-process', 'cmake_prefix_path')
[0.842s] INFO:colcon.colcon_core.shell:Creating environment hook '/home/mark/thesis/install/slam_1_pc-process/share/slam_1_pc-process/hook/cmake_prefix_path.ps1'
[0.843s] INFO:colcon.colcon_core.shell:Creating environment descriptor '/home/mark/thesis/install/slam_1_pc-process/share/slam_1_pc-process/hook/cmake_prefix_path.dsv'
[0.843s] INFO:colcon.colcon_core.shell:Creating environment hook '/home/mark/thesis/install/slam_1_pc-process/share/slam_1_pc-process/hook/cmake_prefix_path.sh'
[0.844s] Level 1:colcon.colcon_core.environment:checking '/home/mark/thesis/install/slam_1_pc-process/lib'
[0.845s] Level 1:colcon.colcon_core.environment:checking '/home/mark/thesis/install/slam_1_pc-process/bin'
[0.845s] Level 1:colcon.colcon_core.environment:checking '/home/mark/thesis/install/slam_1_pc-process/lib/pkgconfig/slam_1_pc-process.pc'
[0.845s] Level 1:colcon.colcon_core.environment:checking '/home/mark/thesis/install/slam_1_pc-process/lib/python3.10/site-packages'
[0.846s] Level 1:colcon.colcon_core.environment:checking '/home/mark/thesis/install/slam_1_pc-process/bin'
[0.846s] INFO:colcon.colcon_core.shell:Creating package script '/home/mark/thesis/install/slam_1_pc-process/share/slam_1_pc-process/package.ps1'
[0.847s] INFO:colcon.colcon_core.shell:Creating package descriptor '/home/mark/thesis/install/slam_1_pc-process/share/slam_1_pc-process/package.dsv'
[0.848s] INFO:colcon.colcon_core.shell:Creating package script '/home/mark/thesis/install/slam_1_pc-process/share/slam_1_pc-process/package.sh'
[0.849s] INFO:colcon.colcon_core.shell:Creating package script '/home/mark/thesis/install/slam_1_pc-process/share/slam_1_pc-process/package.bash'
[0.850s] INFO:colcon.colcon_core.shell:Creating package script '/home/mark/thesis/install/slam_1_pc-process/share/slam_1_pc-process/package.zsh'
[0.851s] Level 1:colcon.colcon_core.environment:create_file_with_runtime_dependencies(/home/mark/thesis/install/slam_1_pc-process/share/colcon-core/packages/slam_1_pc-process)
[0.913s] Level 1:colcon.colcon_core.environment:create_environment_scripts_only(slam_1_pc-process)
[0.914s] Level 1:colcon.colcon_core.environment:checking '/home/mark/thesis/install/slam_1_pc-process' for CMake module files
[0.915s] Level 1:colcon.colcon_core.environment:checking '/home/mark/thesis/install/slam_1_pc-process' for CMake config files
[0.916s] Level 1:colcon.colcon_core.shell:create_environment_hook('slam_1_pc-process', 'cmake_prefix_path')
[0.916s] INFO:colcon.colcon_core.shell:Creating environment hook '/home/mark/thesis/install/slam_1_pc-process/share/slam_1_pc-process/hook/cmake_prefix_path.ps1'
[0.917s] INFO:colcon.colcon_core.shell:Creating environment descriptor '/home/mark/thesis/install/slam_1_pc-process/share/slam_1_pc-process/hook/cmake_prefix_path.dsv'
[0.918s] INFO:colcon.colcon_core.shell:Creating environment hook '/home/mark/thesis/install/slam_1_pc-process/share/slam_1_pc-process/hook/cmake_prefix_path.sh'
[0.919s] Level 1:colcon.colcon_core.environment:checking '/home/mark/thesis/install/slam_1_pc-process/lib'
[0.919s] Level 1:colcon.colcon_core.environment:checking '/home/mark/thesis/install/slam_1_pc-process/bin'
[0.919s] Level 1:colcon.colcon_core.environment:checking '/home/mark/thesis/install/slam_1_pc-process/lib/pkgconfig/slam_1_pc-process.pc'
[0.920s] Level 1:colcon.colcon_core.environment:checking '/home/mark/thesis/install/slam_1_pc-process/lib/python3.10/site-packages'
[0.920s] Level 1:colcon.colcon_core.environment:checking '/home/mark/thesis/install/slam_1_pc-process/bin'
[0.921s] INFO:colcon.colcon_core.shell:Creating package script '/home/mark/thesis/install/slam_1_pc-process/share/slam_1_pc-process/package.ps1'
[0.922s] INFO:colcon.colcon_core.shell:Creating package descriptor '/home/mark/thesis/install/slam_1_pc-process/share/slam_1_pc-process/package.dsv'
[0.923s] INFO:colcon.colcon_core.shell:Creating package script '/home/mark/thesis/install/slam_1_pc-process/share/slam_1_pc-process/package.sh'
[0.924s] INFO:colcon.colcon_core.shell:Creating package script '/home/mark/thesis/install/slam_1_pc-process/share/slam_1_pc-process/package.bash'
[0.925s] INFO:colcon.colcon_core.shell:Creating package script '/home/mark/thesis/install/slam_1_pc-process/share/slam_1_pc-process/package.zsh'
[0.926s] Level 1:colcon.colcon_core.environment:create_file_with_runtime_dependencies(/home/mark/thesis/install/slam_1_pc-process/share/colcon-core/packages/slam_1_pc-process)
[0.927s] DEBUG:colcon.colcon_parallel_executor.executor.parallel:closing loop
[0.927s] DEBUG:colcon.colcon_parallel_executor.executor.parallel:loop closed
[0.927s] DEBUG:colcon.colcon_parallel_executor.executor.parallel:run_until_complete finished with '0'
[0.928s] DEBUG:colcon.colcon_core.event_reactor:joining thread
[0.942s] INFO:colcon.colcon_core.plugin_system:Skipping extension 'colcon_notification.desktop_notification.terminal_notifier': Not used on non-Darwin systems
[0.942s] INFO:colcon.colcon_core.plugin_system:Skipping extension 'colcon_notification.desktop_notification.win32': Not used on non-Windows systems
[0.942s] INFO:colcon.colcon_notification.desktop_notification:Sending desktop notification using 'notify2'
[0.971s] DEBUG:colcon.colcon_core.event_reactor:joined thread
[0.972s] INFO:colcon.colcon_core.shell:Creating prefix script '/home/mark/thesis/install/local_setup.ps1'
[0.974s] INFO:colcon.colcon_core.shell:Creating prefix util module '/home/mark/thesis/install/_local_setup_util_ps1.py'
[0.976s] INFO:colcon.colcon_core.shell:Creating prefix chain script '/home/mark/thesis/install/setup.ps1'
[0.978s] INFO:colcon.colcon_core.shell:Creating prefix script '/home/mark/thesis/install/local_setup.sh'
[0.978s] INFO:colcon.colcon_core.shell:Creating prefix util module '/home/mark/thesis/install/_local_setup_util_sh.py'
[0.979s] INFO:colcon.colcon_core.shell:Creating prefix chain script '/home/mark/thesis/install/setup.sh'
[0.981s] INFO:colcon.colcon_core.shell:Creating prefix script '/home/mark/thesis/install/local_setup.bash'
[0.982s] INFO:colcon.colcon_core.shell:Creating prefix chain script '/home/mark/thesis/install/setup.bash'
[0.986s] INFO:colcon.colcon_core.shell:Creating prefix script '/home/mark/thesis/install/local_setup.zsh'
[0.987s] INFO:colcon.colcon_core.shell:Creating prefix chain script '/home/mark/thesis/install/setup.zsh'
