[0.018s] Invoking command in '/home/mark/thesis/build/turtlebot3_gazebo': CMAKE_PREFIX_PATH=${CMAKE_PREFIX_PATH}:/home/mark/ros_ws/install/my_ros_01:/home/mark/ros_ws/install/my_package:/home/mark/ros_ws/install/lifecycle_py:/opt/ros/humble /usr/bin/cmake /home/mark/thesis/src/turtlebot3_gazebo -DCMAKE_INSTALL_PREFIX=/home/mark/thesis/install/turtlebot3_gazebo
[0.116s] -- The C compiler identification is GNU 11.4.0
[0.204s] -- The CXX compiler identification is GNU 11.4.0
[0.218s] -- Detecting C compiler ABI info
[0.374s] -- Detecting C compiler ABI info - done
[0.385s] -- Check for working C compiler: /usr/bin/cc - skipped
[0.386s] -- Detecting C compile features
[0.386s] -- Detecting C compile features - done
[0.391s] -- Detecting CXX compiler ABI info
[0.507s] -- Detecting CXX compiler ABI info - done
[0.526s] -- Check for working CXX compiler: /usr/bin/c++ - skipped
[0.527s] -- Detecting CXX compile features
[0.528s] -- Detecting CXX compile features - done
[0.533s] -- Found ament_cmake: 1.3.9 (/opt/ros/humble/share/ament_cmake/cmake)
[1.187s] -- Found Python3: /usr/bin/python3 (found version "3.10.12") found components: Interpreter 
[1.371s] [33mCMake Warning (dev) at /usr/share/cmake-3.22/Modules/FindPackageHandleStandardArgs.cmake:438 (message):
[1.371s]   The package name passed to `find_package_handle_standard_args` (PkgConfig)
[1.371s]   does not match the name of the calling package (gazebo).  This can lead to
[1.371s]   problems in calling code that expects `find_package` result variables
[1.371s]   (e.g., `_FOUND`) to follow a certain pattern.
[1.372s] Call Stack (most recent call first):
[1.372s]   /usr/share/cmake-3.22/Modules/FindPkgConfig.cmake:99 (find_package_handle_standard_args)
[1.372s]   /usr/lib/x86_64-linux-gnu/cmake/gazebo/gazebo-config.cmake:72 (include)
[1.372s]   CMakeLists.txt:23 (find_package)
[1.372s] This warning is for project developers.  Use -Wno-dev to suppress it.
[1.372s] [0m
[1.372s] -- Found PkgConfig: /usr/bin/pkg-config (found version "0.29.2") 
[1.379s] -- Checking for module 'bullet>=2.82'
[1.399s] --   Found bullet, version 3.05
[1.569s] -- Found fcl: /usr/include (found suitable version "0.7.0", minimum required is "0.5.0") 
[1.641s] -- Found assimp: /usr/include (found version "5.2.0") 
[1.674s] -- Found DART: /usr/include (Required is at least version "6.6") found components: dart 
[1.984s] -- Found Boost: /usr/lib/x86_64-linux-gnu/cmake/Boost-1.74.0/BoostConfig.cmake (found suitable version "1.74.0", minimum required is "1.40.0") found components: thread system filesystem program_options regex iostreams date_time 
[2.029s] -- Found Protobuf: /usr/lib/x86_64-linux-gnu/libprotobuf.so (found version "3.12.4") 
[2.039s] -- Looking for ignition-math6 -- found version 6.15.1
[2.053s] -- Searching for dependencies of ignition-math6
[2.057s] -- Looking for OGRE...
[2.057s] -- OGRE_PREFIX_WATCH changed.
[2.066s] -- Checking for module 'OGRE'
[2.084s] --   Found OGRE, version 1.9.0
[2.133s] -- Found Ogre Ghadamon (1.9.0)
[2.154s] -- Found OGRE: optimized;/usr/lib/x86_64-linux-gnu/libOgreMain.so;debug;/usr/lib/x86_64-linux-gnu/libOgreMain.so
[2.168s] -- Looking for OGRE_Paging...
[2.180s] -- Found OGRE_Paging: optimized;/usr/lib/x86_64-linux-gnu/libOgrePaging.so;debug;/usr/lib/x86_64-linux-gnu/libOgrePaging.so
[2.180s] -- Looking for OGRE_Terrain...
[2.192s] -- Found OGRE_Terrain: optimized;/usr/lib/x86_64-linux-gnu/libOgreTerrain.so;debug;/usr/lib/x86_64-linux-gnu/libOgreTerrain.so
[2.192s] -- Looking for OGRE_Property...
[2.205s] -- Found OGRE_Property: optimized;/usr/lib/x86_64-linux-gnu/libOgreProperty.so;debug;/usr/lib/x86_64-linux-gnu/libOgreProperty.so
[2.205s] -- Looking for OGRE_RTShaderSystem...
[2.217s] -- Found OGRE_RTShaderSystem: optimized;/usr/lib/x86_64-linux-gnu/libOgreRTShaderSystem.so;debug;/usr/lib/x86_64-linux-gnu/libOgreRTShaderSystem.so
[2.218s] -- Looking for OGRE_Volume...
[2.233s] -- Found OGRE_Volume: optimized;/usr/lib/x86_64-linux-gnu/libOgreVolume.so;debug;/usr/lib/x86_64-linux-gnu/libOgreVolume.so
[2.234s] -- Looking for OGRE_Overlay...
[2.246s] -- Found OGRE_Overlay: optimized;/usr/lib/x86_64-linux-gnu/libOgreOverlay.so;debug;/usr/lib/x86_64-linux-gnu/libOgreOverlay.so
[2.556s] -- Looking for ignition-math6 -- found version 6.15.1
[2.561s] -- Looking for ignition-transport8 -- found version 8.2.1
[2.561s] -- Searching for dependencies of ignition-transport8
[2.587s] -- Found Protobuf: /usr/lib/x86_64-linux-gnu/libprotobuf.so (found suitable version "3.12.4", minimum required is "3") 
[2.603s] -- Config-file not installed for ZeroMQ -- checking for pkg-config
[2.609s] -- Checking for module 'libzmq >= 4'
[2.634s] --   Found libzmq , version 4.3.4
[2.688s] -- Found ZeroMQ: TRUE (Required is at least version "4") 
[2.696s] -- Checking for module 'uuid'
[2.716s] --   Found uuid, version 2.37.2
[2.768s] -- Found UUID: TRUE  
[2.773s] -- Looking for ignition-msgs5 -- found version 5.8.1
[2.773s] -- Searching for dependencies of ignition-msgs5
[2.800s] -- Looking for ignition-math6 -- found version 6.15.1
[2.808s] -- Checking for module 'tinyxml2'
[2.829s] --   Found tinyxml2, version 9.0.0
[2.879s] -- Looking for ignition-msgs5 -- found version 5.8.1
[2.884s] -- Looking for ignition-common3 -- found version 3.14.0
[2.885s] -- Searching for dependencies of ignition-common3
[2.885s] -- Looking for dlfcn.h - found
[2.887s] -- Looking for libdl - found
[2.890s] -- Found DL: TRUE  
[2.908s] -- Found tinyobjloader: /usr/lib/x86_64-linux-gnu/cmake/tinyobjloader/tinyobjloader-config.cmake (found version "2.0.0") 
[2.909s] -- Searching for <ignition-common3> component [graphics]
[2.914s] -- Looking for ignition-common3-graphics -- found version 3.14.0
[2.914s] -- Searching for dependencies of ignition-common3-graphics
[2.915s] -- Looking for ignition-math6 -- found version 6.15.1
[2.921s] -- Looking for ignition-fuel_tools4 -- found version 4.4.0
[2.922s] -- Searching for dependencies of ignition-fuel_tools4
[3.048s] -- Found CURL: /usr/lib/x86_64-linux-gnu/libcurl.so (found version "7.81.0")  
[3.062s] -- Checking for module 'jsoncpp'
[3.080s] --   Found jsoncpp, version 1.9.5
[3.129s] -- Found JSONCPP: TRUE  
[3.143s] -- Checking for module 'libzip'
[3.170s] --   Found libzip, version 1.7.3
[3.242s] -- Found ZIP: TRUE  
[3.243s] -- Looking for ignition-common3 -- found version 3.14.0
[3.244s] -- Looking for ignition-math6 -- found version 6.15.1
[3.244s] -- Looking for ignition-msgs5 -- found version 5.8.1
[3.261s] -- Found gazebo_ros_pkgs: 3.7.0 (/opt/ros/humble/share/gazebo_ros_pkgs/cmake)
[3.271s] -- Found geometry_msgs: 4.2.4 (/opt/ros/humble/share/geometry_msgs/cmake)
[3.391s] -- Found rosidl_generator_c: 3.1.5 (/opt/ros/humble/share/rosidl_generator_c/cmake)
[3.402s] -- Found rosidl_adapter: 3.1.5 (/opt/ros/humble/share/rosidl_adapter/cmake)
[3.420s] -- Found rosidl_generator_cpp: 3.1.5 (/opt/ros/humble/share/rosidl_generator_cpp/cmake)
[3.451s] -- Using all available rosidl_typesupport_c: rosidl_typesupport_fastrtps_c;rosidl_typesupport_introspection_c
[3.495s] -- Using all available rosidl_typesupport_cpp: rosidl_typesupport_fastrtps_cpp;rosidl_typesupport_introspection_cpp
[3.746s] -- Found nav_msgs: 4.2.4 (/opt/ros/humble/share/nav_msgs/cmake)
[3.954s] -- Found rclcpp: 16.0.9 (/opt/ros/humble/share/rclcpp/cmake)
[4.148s] -- Found rmw_implementation_cmake: 6.1.2 (/opt/ros/humble/share/rmw_implementation_cmake/cmake)
[4.156s] -- Found rmw_fastrtps_cpp: 6.2.6 (/opt/ros/humble/share/rmw_fastrtps_cpp/cmake)
[4.353s] -- Found OpenSSL: /usr/lib/x86_64-linux-gnu/libcrypto.so (found version "3.0.2")  
[4.394s] -- Found FastRTPS: /opt/ros/humble/include  
[4.468s] -- Using RMW implementation 'rmw_fastrtps_cpp' as default
[4.487s] -- Found Threads: TRUE  
[4.698s] -- Found sensor_msgs: 4.2.4 (/opt/ros/humble/share/sensor_msgs/cmake)
[4.858s] -- Found tf2: 0.25.7 (/opt/ros/humble/share/tf2/cmake)
[5.053s] -- Configuring done
[5.130s] -- Generating done
[5.136s] -- Build files have been written to: /home/mark/thesis/build/turtlebot3_gazebo
[5.167s] Invoked command in '/home/mark/thesis/build/turtlebot3_gazebo' returned '0': CMAKE_PREFIX_PATH=${CMAKE_PREFIX_PATH}:/home/mark/ros_ws/install/my_ros_01:/home/mark/ros_ws/install/my_package:/home/mark/ros_ws/install/lifecycle_py:/opt/ros/humble /usr/bin/cmake /home/mark/thesis/src/turtlebot3_gazebo -DCMAKE_INSTALL_PREFIX=/home/mark/thesis/install/turtlebot3_gazebo
[5.170s] Invoking command in '/home/mark/thesis/build/turtlebot3_gazebo': CMAKE_PREFIX_PATH=${CMAKE_PREFIX_PATH}:/home/mark/ros_ws/install/my_ros_01:/home/mark/ros_ws/install/my_package:/home/mark/ros_ws/install/lifecycle_py:/opt/ros/humble /usr/bin/cmake --build /home/mark/thesis/build/turtlebot3_gazebo -- -j4 -l4
[5.305s] [ 12%] [32mBuilding CXX object CMakeFiles/obstacle2.dir/models/turtlebot3_dqn_world/obstacle_plugin/obstacle2.cc.o[0m
[5.305s] [ 25%] [32mBuilding CXX object CMakeFiles/obstacle1.dir/models/turtlebot3_dqn_world/obstacle_plugin/obstacle1.cc.o[0m
[5.326s] [ 37%] [32mBuilding CXX object CMakeFiles/obstacles.dir/models/turtlebot3_dqn_world/obstacle_plugin/obstacles.cc.o[0m
[5.331s] [ 50%] [32mBuilding CXX object CMakeFiles/turtlebot3_drive.dir/src/turtlebot3_drive.cpp.o[0m
[41.610s] [ 62%] [32m[1mLinking CXX executable turtlebot3_drive[0m
[42.934s] [ 75%] [32m[1mLinking CXX shared library libobstacle1.so[0m
[43.024s] [ 87%] [32m[1mLinking CXX shared library libobstacles.so[0m
[43.574s] [ 87%] Built target turtlebot3_drive
[43.821s] [ 87%] Built target obstacles
[43.825s] [ 87%] Built target obstacle1
[43.981s] [100%] [32m[1mLinking CXX shared library libobstacle2.so[0m
[44.318s] [100%] Built target obstacle2
[44.334s] Invoked command in '/home/mark/thesis/build/turtlebot3_gazebo' returned '0': CMAKE_PREFIX_PATH=${CMAKE_PREFIX_PATH}:/home/mark/ros_ws/install/my_ros_01:/home/mark/ros_ws/install/my_package:/home/mark/ros_ws/install/lifecycle_py:/opt/ros/humble /usr/bin/cmake --build /home/mark/thesis/build/turtlebot3_gazebo -- -j4 -l4
[44.381s] Invoking command in '/home/mark/thesis/build/turtlebot3_gazebo': CMAKE_PREFIX_PATH=${CMAKE_PREFIX_PATH}:/home/mark/ros_ws/install/my_ros_01:/home/mark/ros_ws/install/my_package:/home/mark/ros_ws/install/lifecycle_py:/opt/ros/humble /usr/bin/cmake --install /home/mark/thesis/build/turtlebot3_gazebo
[44.391s] -- Install configuration: ""
[44.391s] -- Installing: /home/mark/thesis/install/turtlebot3_gazebo/lib/turtlebot3_gazebo/turtlebot3_drive
[44.397s] -- Set runtime path of "/home/mark/thesis/install/turtlebot3_gazebo/lib/turtlebot3_gazebo/turtlebot3_drive" to ""
[44.398s] -- Installing: /home/mark/thesis/install/turtlebot3_gazebo/share/turtlebot3_gazebo//launch
[44.398s] -- Installing: /home/mark/thesis/install/turtlebot3_gazebo/share/turtlebot3_gazebo//launch/turtlebot3_world.launch.py
[44.398s] -- Installing: /home/mark/thesis/install/turtlebot3_gazebo/share/turtlebot3_gazebo//launch/turtlebot3_dqn_stage3.launch.py
[44.398s] -- Installing: /home/mark/thesis/install/turtlebot3_gazebo/share/turtlebot3_gazebo//launch/spawn_turtlebot3.launch.py
[44.399s] -- Installing: /home/mark/thesis/install/turtlebot3_gazebo/share/turtlebot3_gazebo//launch/empty_world.launch.py
[44.399s] -- Installing: /home/mark/thesis/install/turtlebot3_gazebo/share/turtlebot3_gazebo//launch/turtlebot3_dqn_stage2.launch.py
[44.399s] -- Installing: /home/mark/thesis/install/turtlebot3_gazebo/share/turtlebot3_gazebo//launch/turtlebot3_house.launch.py
[44.399s] -- Installing: /home/mark/thesis/install/turtlebot3_gazebo/share/turtlebot3_gazebo//launch/robot_state_publisher.launch.py
[44.400s] -- Installing: /home/mark/thesis/install/turtlebot3_gazebo/share/turtlebot3_gazebo//launch/turtlebot3_dqn_stage1.launch.py
[44.400s] -- Installing: /home/mark/thesis/install/turtlebot3_gazebo/share/turtlebot3_gazebo//launch/turtlebot3_dqn_stage4.launch.py
[44.400s] -- Installing: /home/mark/thesis/install/turtlebot3_gazebo/share/turtlebot3_gazebo//models
[44.400s] -- Installing: /home/mark/thesis/install/turtlebot3_gazebo/share/turtlebot3_gazebo//models/turtlebot3_dqn_world
[44.401s] -- Installing: /home/mark/thesis/install/turtlebot3_gazebo/share/turtlebot3_gazebo//models/turtlebot3_dqn_world/inner_walls
[44.401s] -- Installing: /home/mark/thesis/install/turtlebot3_gazebo/share/turtlebot3_gazebo//models/turtlebot3_dqn_world/inner_walls/model.config
[44.401s] -- Installing: /home/mark/thesis/install/turtlebot3_gazebo/share/turtlebot3_gazebo//models/turtlebot3_dqn_world/inner_walls/model.sdf
[44.402s] -- Installing: /home/mark/thesis/install/turtlebot3_gazebo/share/turtlebot3_gazebo//models/turtlebot3_dqn_world/obstacles
[44.402s] -- Installing: /home/mark/thesis/install/turtlebot3_gazebo/share/turtlebot3_gazebo//models/turtlebot3_dqn_world/obstacles/model.config
[44.403s] -- Installing: /home/mark/thesis/install/turtlebot3_gazebo/share/turtlebot3_gazebo//models/turtlebot3_dqn_world/obstacles/model.sdf
[44.403s] -- Installing: /home/mark/thesis/install/turtlebot3_gazebo/share/turtlebot3_gazebo//models/turtlebot3_dqn_world/model.config
[44.403s] -- Installing: /home/mark/thesis/install/turtlebot3_gazebo/share/turtlebot3_gazebo//models/turtlebot3_dqn_world/goal_box
[44.404s] -- Installing: /home/mark/thesis/install/turtlebot3_gazebo/share/turtlebot3_gazebo//models/turtlebot3_dqn_world/goal_box/model.config
[44.404s] -- Installing: /home/mark/thesis/install/turtlebot3_gazebo/share/turtlebot3_gazebo//models/turtlebot3_dqn_world/goal_box/model.sdf
[44.404s] -- Installing: /home/mark/thesis/install/turtlebot3_gazebo/share/turtlebot3_gazebo//models/turtlebot3_dqn_world/obstacle1
[44.404s] -- Installing: /home/mark/thesis/install/turtlebot3_gazebo/share/turtlebot3_gazebo//models/turtlebot3_dqn_world/obstacle1/model.config
[44.405s] -- Installing: /home/mark/thesis/install/turtlebot3_gazebo/share/turtlebot3_gazebo//models/turtlebot3_dqn_world/obstacle1/model.sdf
[44.405s] -- Installing: /home/mark/thesis/install/turtlebot3_gazebo/share/turtlebot3_gazebo//models/turtlebot3_dqn_world/obstacle_plugin
[44.405s] -- Installing: /home/mark/thesis/install/turtlebot3_gazebo/share/turtlebot3_gazebo//models/turtlebot3_dqn_world/obstacle_plugin/obstacle2.cc
[44.406s] -- Installing: /home/mark/thesis/install/turtlebot3_gazebo/share/turtlebot3_gazebo//models/turtlebot3_dqn_world/obstacle_plugin/CMakeLists.txt
[44.406s] -- Installing: /home/mark/thesis/install/turtlebot3_gazebo/share/turtlebot3_gazebo//models/turtlebot3_dqn_world/obstacle_plugin/obstacles.cc
[44.406s] -- Installing: /home/mark/thesis/install/turtlebot3_gazebo/share/turtlebot3_gazebo//models/turtlebot3_dqn_world/obstacle_plugin/obstacle1.cc
[44.406s] -- Installing: /home/mark/thesis/install/turtlebot3_gazebo/share/turtlebot3_gazebo//models/turtlebot3_dqn_world/obstacle2
[44.407s] -- Installing: /home/mark/thesis/install/turtlebot3_gazebo/share/turtlebot3_gazebo//models/turtlebot3_dqn_world/obstacle2/model.config
[44.407s] -- Installing: /home/mark/thesis/install/turtlebot3_gazebo/share/turtlebot3_gazebo//models/turtlebot3_dqn_world/obstacle2/model.sdf
[44.408s] -- Installing: /home/mark/thesis/install/turtlebot3_gazebo/share/turtlebot3_gazebo//models/turtlebot3_dqn_world/model.sdf
[44.408s] -- Installing: /home/mark/thesis/install/turtlebot3_gazebo/share/turtlebot3_gazebo//models/turtlebot3_waffle
[44.408s] -- Installing: /home/mark/thesis/install/turtlebot3_gazebo/share/turtlebot3_gazebo//models/turtlebot3_waffle/model.config
[44.409s] -- Installing: /home/mark/thesis/install/turtlebot3_gazebo/share/turtlebot3_gazebo//models/turtlebot3_waffle/model-1_4.sdf
[44.409s] -- Installing: /home/mark/thesis/install/turtlebot3_gazebo/share/turtlebot3_gazebo//models/turtlebot3_waffle/model.sdf
[44.409s] -- Installing: /home/mark/thesis/install/turtlebot3_gazebo/share/turtlebot3_gazebo//models/turtlebot3_world
[44.410s] -- Installing: /home/mark/thesis/install/turtlebot3_gazebo/share/turtlebot3_gazebo//models/turtlebot3_world/model.config
[44.410s] -- Installing: /home/mark/thesis/install/turtlebot3_gazebo/share/turtlebot3_gazebo//models/turtlebot3_world/meshes
[44.410s] -- Installing: /home/mark/thesis/install/turtlebot3_gazebo/share/turtlebot3_gazebo//models/turtlebot3_world/meshes/wall.dae
[44.411s] -- Installing: /home/mark/thesis/install/turtlebot3_gazebo/share/turtlebot3_gazebo//models/turtlebot3_world/meshes/hexagon.dae
[44.411s] -- Installing: /home/mark/thesis/install/turtlebot3_gazebo/share/turtlebot3_gazebo//models/turtlebot3_world/model-1_4.sdf
[44.411s] -- Installing: /home/mark/thesis/install/turtlebot3_gazebo/share/turtlebot3_gazebo//models/turtlebot3_world/model.sdf
[44.412s] -- Installing: /home/mark/thesis/install/turtlebot3_gazebo/share/turtlebot3_gazebo//rviz
[44.412s] -- Installing: /home/mark/thesis/install/turtlebot3_gazebo/share/turtlebot3_gazebo//rviz/tb3_gazebo.rviz
[44.412s] -- Installing: /home/mark/thesis/install/turtlebot3_gazebo/share/turtlebot3_gazebo//urdf
[44.413s] -- Installing: /home/mark/thesis/install/turtlebot3_gazebo/share/turtlebot3_gazebo//urdf/turtlebot3_waffle.urdf
[44.413s] -- Installing: /home/mark/thesis/install/turtlebot3_gazebo/share/turtlebot3_gazebo//worlds
[44.413s] -- Installing: /home/mark/thesis/install/turtlebot3_gazebo/share/turtlebot3_gazebo//worlds/turtlebot3_world.world
[44.413s] -- Installing: /home/mark/thesis/install/turtlebot3_gazebo/share/turtlebot3_gazebo//worlds/empty_world.world
[44.414s] -- Installing: /home/mark/thesis/install/turtlebot3_gazebo/include/
[44.414s] -- Installing: /home/mark/thesis/install/turtlebot3_gazebo/include//turtlebot3_gazebo
[44.414s] -- Installing: /home/mark/thesis/install/turtlebot3_gazebo/include//turtlebot3_gazebo/turtlebot3_drive.hpp
[44.415s] -- Installing: /home/mark/thesis/install/turtlebot3_gazebo/share/ament_index/resource_index/package_run_dependencies/turtlebot3_gazebo
[44.415s] -- Installing: /home/mark/thesis/install/turtlebot3_gazebo/share/ament_index/resource_index/parent_prefix_path/turtlebot3_gazebo
[44.416s] -- Installing: /home/mark/thesis/install/turtlebot3_gazebo/share/turtlebot3_gazebo/environment/ament_prefix_path.sh
[44.416s] -- Installing: /home/mark/thesis/install/turtlebot3_gazebo/share/turtlebot3_gazebo/environment/ament_prefix_path.dsv
[44.417s] -- Installing: /home/mark/thesis/install/turtlebot3_gazebo/share/turtlebot3_gazebo/environment/path.sh
[44.417s] -- Installing: /home/mark/thesis/install/turtlebot3_gazebo/share/turtlebot3_gazebo/environment/path.dsv
[44.417s] -- Installing: /home/mark/thesis/install/turtlebot3_gazebo/share/turtlebot3_gazebo/local_setup.bash
[44.418s] -- Installing: /home/mark/thesis/install/turtlebot3_gazebo/share/turtlebot3_gazebo/local_setup.sh
[44.418s] -- Installing: /home/mark/thesis/install/turtlebot3_gazebo/share/turtlebot3_gazebo/local_setup.zsh
[44.418s] -- Installing: /home/mark/thesis/install/turtlebot3_gazebo/share/turtlebot3_gazebo/local_setup.dsv
[44.420s] -- Installing: /home/mark/thesis/install/turtlebot3_gazebo/share/turtlebot3_gazebo/package.dsv
[44.420s] -- Installing: /home/mark/thesis/install/turtlebot3_gazebo/share/ament_index/resource_index/packages/turtlebot3_gazebo
[44.421s] -- Installing: /home/mark/thesis/install/turtlebot3_gazebo/share/turtlebot3_gazebo/cmake/ament_cmake_export_include_directories-extras.cmake
[44.422s] -- Installing: /home/mark/thesis/install/turtlebot3_gazebo/share/turtlebot3_gazebo/cmake/ament_cmake_export_dependencies-extras.cmake
[44.422s] -- Installing: /home/mark/thesis/install/turtlebot3_gazebo/share/turtlebot3_gazebo/cmake/turtlebot3_gazeboConfig.cmake
[44.423s] -- Installing: /home/mark/thesis/install/turtlebot3_gazebo/share/turtlebot3_gazebo/cmake/turtlebot3_gazeboConfig-version.cmake
[44.423s] -- Installing: /home/mark/thesis/install/turtlebot3_gazebo/share/turtlebot3_gazebo/package.xml
[44.430s] Invoked command in '/home/mark/thesis/build/turtlebot3_gazebo' returned '0': CMAKE_PREFIX_PATH=${CMAKE_PREFIX_PATH}:/home/mark/ros_ws/install/my_ros_01:/home/mark/ros_ws/install/my_package:/home/mark/ros_ws/install/lifecycle_py:/opt/ros/humble /usr/bin/cmake --install /home/mark/thesis/build/turtlebot3_gazebo
