[0.169s] DEBUG:colcon:Command line arguments: ['/usr/bin/colcon', 'build', '--allow-overriding', 'turtlebot3_gazebo']
[0.169s] DEBUG:colcon:Parsed command line arguments: Namespace(log_base=None, log_level=None, verb_name='build', build_base='build', install_base='install', merge_install=False, symlink_install=False, test_result_base=None, continue_on_error=False, executor='parallel', parallel_workers=4, event_handlers=None, ignore_user_meta=False, metas=['./colcon.meta'], base_paths=['.'], packages_ignore=None, packages_ignore_regex=None, paths=None, packages_up_to=None, packages_up_to_regex=None, packages_above=None, packages_above_and_dependencies=None, packages_above_depth=None, packages_select_by_dep=None, packages_skip_by_dep=None, packages_skip_up_to=None, packages_select_build_failed=False, packages_skip_build_finished=False, packages_select_test_failures=False, packages_skip_test_passed=False, packages_select=None, packages_skip=None, packages_select_regex=None, packages_skip_regex=None, packages_start=None, packages_end=None, allow_overriding=['turtlebot3_gazebo'], cmake_args=None, cmake_target=None, cmake_target_skip_unavailable=False, cmake_clean_cache=False, cmake_clean_first=False, cmake_force_configure=False, ament_cmake_args=None, catkin_cmake_args=None, catkin_skip_building_tests=False, verb_parser=<colcon_defaults.argument_parser.defaults.DefaultArgumentsDecorator object at 0x7cca95f05150>, verb_extension=<colcon_core.verb.build.BuildVerb object at 0x7cca95f04b50>, main=<bound method BuildVerb.main of <colcon_core.verb.build.BuildVerb object at 0x7cca95f04b50>>)
[0.223s] Level 1:colcon.colcon_core.package_discovery:discover_packages(colcon_meta) check parameters
[0.224s] Level 1:colcon.colcon_core.package_discovery:discover_packages(recursive) check parameters
[0.224s] Level 1:colcon.colcon_core.package_discovery:discover_packages(ignore) check parameters
[0.224s] Level 1:colcon.colcon_core.package_discovery:discover_packages(path) check parameters
[0.224s] Level 1:colcon.colcon_core.package_discovery:discover_packages(colcon_meta) discover
[0.224s] Level 1:colcon.colcon_core.package_discovery:discover_packages(recursive) discover
[0.224s] INFO:colcon.colcon_core.package_discovery:Crawling recursively for packages in '/home/mark/thesis'
[0.224s] Level 1:colcon.colcon_core.package_identification:_identify(.) by extensions ['ignore', 'ignore_ament_install']
[0.224s] Level 1:colcon.colcon_core.package_identification:_identify(.) by extension 'ignore'
[0.224s] Level 1:colcon.colcon_core.package_identification:_identify(.) by extension 'ignore_ament_install'
[0.224s] Level 1:colcon.colcon_core.package_identification:_identify(.) by extensions ['colcon_pkg']
[0.224s] Level 1:colcon.colcon_core.package_identification:_identify(.) by extension 'colcon_pkg'
[0.224s] Level 1:colcon.colcon_core.package_identification:_identify(.) by extensions ['colcon_meta']
[0.225s] Level 1:colcon.colcon_core.package_identification:_identify(.) by extension 'colcon_meta'
[0.225s] Level 1:colcon.colcon_core.package_identification:_identify(.) by extensions ['ros']
[0.225s] Level 1:colcon.colcon_core.package_identification:_identify(.) by extension 'ros'
[0.245s] Level 1:colcon.colcon_core.package_identification:_identify(.) by extensions ['cmake', 'python']
[0.245s] Level 1:colcon.colcon_core.package_identification:_identify(.) by extension 'cmake'
[0.245s] Level 1:colcon.colcon_core.package_identification:_identify(.) by extension 'python'
[0.245s] Level 1:colcon.colcon_core.package_identification:_identify(.) by extensions ['python_setup_py']
[0.245s] Level 1:colcon.colcon_core.package_identification:_identify(.) by extension 'python_setup_py'
[0.246s] Level 1:colcon.colcon_core.package_identification:_identify(build) by extensions ['ignore', 'ignore_ament_install']
[0.246s] Level 1:colcon.colcon_core.package_identification:_identify(build) by extension 'ignore'
[0.246s] Level 1:colcon.colcon_core.package_identification:_identify(build) ignored
[0.247s] Level 1:colcon.colcon_core.package_identification:_identify(install) by extensions ['ignore', 'ignore_ament_install']
[0.247s] Level 1:colcon.colcon_core.package_identification:_identify(install) by extension 'ignore'
[0.247s] Level 1:colcon.colcon_core.package_identification:_identify(install) ignored
[0.247s] Level 1:colcon.colcon_core.package_identification:_identify(log) by extensions ['ignore', 'ignore_ament_install']
[0.247s] Level 1:colcon.colcon_core.package_identification:_identify(log) by extension 'ignore'
[0.248s] Level 1:colcon.colcon_core.package_identification:_identify(log) ignored
[0.248s] Level 1:colcon.colcon_core.package_identification:_identify(src) by extensions ['ignore', 'ignore_ament_install']
[0.248s] Level 1:colcon.colcon_core.package_identification:_identify(src) by extension 'ignore'
[0.248s] Level 1:colcon.colcon_core.package_identification:_identify(src) by extension 'ignore_ament_install'
[0.248s] Level 1:colcon.colcon_core.package_identification:_identify(src) by extensions ['colcon_pkg']
[0.248s] Level 1:colcon.colcon_core.package_identification:_identify(src) by extension 'colcon_pkg'
[0.248s] Level 1:colcon.colcon_core.package_identification:_identify(src) by extensions ['colcon_meta']
[0.248s] Level 1:colcon.colcon_core.package_identification:_identify(src) by extension 'colcon_meta'
[0.248s] Level 1:colcon.colcon_core.package_identification:_identify(src) by extensions ['ros']
[0.249s] Level 1:colcon.colcon_core.package_identification:_identify(src) by extension 'ros'
[0.249s] Level 1:colcon.colcon_core.package_identification:_identify(src) by extensions ['cmake', 'python']
[0.249s] Level 1:colcon.colcon_core.package_identification:_identify(src) by extension 'cmake'
[0.249s] Level 1:colcon.colcon_core.package_identification:_identify(src) by extension 'python'
[0.249s] Level 1:colcon.colcon_core.package_identification:_identify(src) by extensions ['python_setup_py']
[0.249s] Level 1:colcon.colcon_core.package_identification:_identify(src) by extension 'python_setup_py'
[0.249s] Level 1:colcon.colcon_core.package_identification:_identify(src/slam_0_bringup) by extensions ['ignore', 'ignore_ament_install']
[0.249s] Level 1:colcon.colcon_core.package_identification:_identify(src/slam_0_bringup) by extension 'ignore'
[0.250s] Level 1:colcon.colcon_core.package_identification:_identify(src/slam_0_bringup) by extension 'ignore_ament_install'
[0.250s] Level 1:colcon.colcon_core.package_identification:_identify(src/slam_0_bringup) by extensions ['colcon_pkg']
[0.250s] Level 1:colcon.colcon_core.package_identification:_identify(src/slam_0_bringup) by extension 'colcon_pkg'
[0.250s] Level 1:colcon.colcon_core.package_identification:_identify(src/slam_0_bringup) by extensions ['colcon_meta']
[0.250s] Level 1:colcon.colcon_core.package_identification:_identify(src/slam_0_bringup) by extension 'colcon_meta'
[0.250s] Level 1:colcon.colcon_core.package_identification:_identify(src/slam_0_bringup) by extensions ['ros']
[0.250s] Level 1:colcon.colcon_core.package_identification:_identify(src/slam_0_bringup) by extension 'ros'
[0.255s] DEBUG:colcon.colcon_core.package_identification:Package 'src/slam_0_bringup' with type 'ros.ament_cmake' and name 'slam_0_bringup'
[0.255s] Level 1:colcon.colcon_core.package_identification:_identify(src/slam_1_pc-process) by extensions ['ignore', 'ignore_ament_install']
[0.255s] Level 1:colcon.colcon_core.package_identification:_identify(src/slam_1_pc-process) by extension 'ignore'
[0.255s] Level 1:colcon.colcon_core.package_identification:_identify(src/slam_1_pc-process) by extension 'ignore_ament_install'
[0.255s] Level 1:colcon.colcon_core.package_identification:_identify(src/slam_1_pc-process) by extensions ['colcon_pkg']
[0.255s] Level 1:colcon.colcon_core.package_identification:_identify(src/slam_1_pc-process) by extension 'colcon_pkg'
[0.255s] Level 1:colcon.colcon_core.package_identification:_identify(src/slam_1_pc-process) by extensions ['colcon_meta']
[0.256s] Level 1:colcon.colcon_core.package_identification:_identify(src/slam_1_pc-process) by extension 'colcon_meta'
[0.256s] Level 1:colcon.colcon_core.package_identification:_identify(src/slam_1_pc-process) by extensions ['ros']
[0.256s] Level 1:colcon.colcon_core.package_identification:_identify(src/slam_1_pc-process) by extension 'ros'
[0.257s] DEBUG:colcon.colcon_core.package_identification:Package 'src/slam_1_pc-process' with type 'ros.ament_cmake' and name 'slam_1_pc-process'
[0.257s] Level 1:colcon.colcon_core.package_identification:_identify(src/turtlebot3_gazebo) by extensions ['ignore', 'ignore_ament_install']
[0.257s] Level 1:colcon.colcon_core.package_identification:_identify(src/turtlebot3_gazebo) by extension 'ignore'
[0.257s] Level 1:colcon.colcon_core.package_identification:_identify(src/turtlebot3_gazebo) by extension 'ignore_ament_install'
[0.258s] Level 1:colcon.colcon_core.package_identification:_identify(src/turtlebot3_gazebo) by extensions ['colcon_pkg']
[0.258s] Level 1:colcon.colcon_core.package_identification:_identify(src/turtlebot3_gazebo) by extension 'colcon_pkg'
[0.258s] Level 1:colcon.colcon_core.package_identification:_identify(src/turtlebot3_gazebo) by extensions ['colcon_meta']
[0.258s] Level 1:colcon.colcon_core.package_identification:_identify(src/turtlebot3_gazebo) by extension 'colcon_meta'
[0.258s] Level 1:colcon.colcon_core.package_identification:_identify(src/turtlebot3_gazebo) by extensions ['ros']
[0.258s] Level 1:colcon.colcon_core.package_identification:_identify(src/turtlebot3_gazebo) by extension 'ros'
[0.260s] DEBUG:colcon.colcon_core.package_identification:Package 'src/turtlebot3_gazebo' with type 'ros.ament_cmake' and name 'turtlebot3_gazebo'
[0.261s] Level 1:colcon.colcon_core.package_discovery:discover_packages(recursive) using defaults
[0.261s] Level 1:colcon.colcon_core.package_discovery:discover_packages(ignore) discover
[0.261s] Level 1:colcon.colcon_core.package_discovery:discover_packages(ignore) using defaults
[0.261s] Level 1:colcon.colcon_core.package_discovery:discover_packages(path) discover
[0.261s] Level 1:colcon.colcon_core.package_discovery:discover_packages(path) using defaults
[0.295s] Level 1:colcon.colcon_core.package_discovery:discover_packages(prefix_path) check parameters
[0.296s] Level 1:colcon.colcon_core.package_discovery:discover_packages(prefix_path) discover
[0.299s] DEBUG:colcon.colcon_installed_package_information.package_discovery:Found 8 installed packages in /home/mark/ros_ws/install
[0.300s] DEBUG:colcon.colcon_installed_package_information.package_discovery:Found 3 installed packages in /home/mark/temp/install
[0.301s] DEBUG:colcon.colcon_installed_package_information.package_discovery:Found 5 installed packages in /home/mark/thesis/install
[0.304s] DEBUG:colcon.colcon_installed_package_information.package_discovery:Found 412 installed packages in /opt/ros/humble
[0.307s] Level 1:colcon.colcon_core.package_discovery:discover_packages(prefix_path) using defaults
[0.381s] Level 5:colcon.colcon_core.verb:set package 'slam_0_bringup' build argument 'cmake_args' from command line to 'None'
[0.381s] Level 5:colcon.colcon_core.verb:set package 'slam_0_bringup' build argument 'cmake_target' from command line to 'None'
[0.381s] Level 5:colcon.colcon_core.verb:set package 'slam_0_bringup' build argument 'cmake_target_skip_unavailable' from command line to 'False'
[0.382s] Level 5:colcon.colcon_core.verb:set package 'slam_0_bringup' build argument 'cmake_clean_cache' from command line to 'False'
[0.382s] Level 5:colcon.colcon_core.verb:set package 'slam_0_bringup' build argument 'cmake_clean_first' from command line to 'False'
[0.382s] Level 5:colcon.colcon_core.verb:set package 'slam_0_bringup' build argument 'cmake_force_configure' from command line to 'False'
[0.382s] Level 5:colcon.colcon_core.verb:set package 'slam_0_bringup' build argument 'ament_cmake_args' from command line to 'None'
[0.382s] Level 5:colcon.colcon_core.verb:set package 'slam_0_bringup' build argument 'catkin_cmake_args' from command line to 'None'
[0.382s] Level 5:colcon.colcon_core.verb:set package 'slam_0_bringup' build argument 'catkin_skip_building_tests' from command line to 'False'
[0.382s] DEBUG:colcon.colcon_core.verb:Building package 'slam_0_bringup' with the following arguments: {'ament_cmake_args': None, 'build_base': '/home/mark/thesis/build/slam_0_bringup', 'catkin_cmake_args': None, 'catkin_skip_building_tests': False, 'cmake_args': None, 'cmake_clean_cache': False, 'cmake_clean_first': False, 'cmake_force_configure': False, 'cmake_target': None, 'cmake_target_skip_unavailable': False, 'install_base': '/home/mark/thesis/install/slam_0_bringup', 'merge_install': False, 'path': '/home/mark/thesis/src/slam_0_bringup', 'symlink_install': False, 'test_result_base': None}
[0.382s] Level 5:colcon.colcon_core.verb:set package 'slam_1_pc-process' build argument 'cmake_args' from command line to 'None'
[0.382s] Level 5:colcon.colcon_core.verb:set package 'slam_1_pc-process' build argument 'cmake_target' from command line to 'None'
[0.383s] Level 5:colcon.colcon_core.verb:set package 'slam_1_pc-process' build argument 'cmake_target_skip_unavailable' from command line to 'False'
[0.383s] Level 5:colcon.colcon_core.verb:set package 'slam_1_pc-process' build argument 'cmake_clean_cache' from command line to 'False'
[0.383s] Level 5:colcon.colcon_core.verb:set package 'slam_1_pc-process' build argument 'cmake_clean_first' from command line to 'False'
[0.383s] Level 5:colcon.colcon_core.verb:set package 'slam_1_pc-process' build argument 'cmake_force_configure' from command line to 'False'
[0.383s] Level 5:colcon.colcon_core.verb:set package 'slam_1_pc-process' build argument 'ament_cmake_args' from command line to 'None'
[0.383s] Level 5:colcon.colcon_core.verb:set package 'slam_1_pc-process' build argument 'catkin_cmake_args' from command line to 'None'
[0.383s] Level 5:colcon.colcon_core.verb:set package 'slam_1_pc-process' build argument 'catkin_skip_building_tests' from command line to 'False'
[0.383s] DEBUG:colcon.colcon_core.verb:Building package 'slam_1_pc-process' with the following arguments: {'ament_cmake_args': None, 'build_base': '/home/mark/thesis/build/slam_1_pc-process', 'catkin_cmake_args': None, 'catkin_skip_building_tests': False, 'cmake_args': None, 'cmake_clean_cache': False, 'cmake_clean_first': False, 'cmake_force_configure': False, 'cmake_target': None, 'cmake_target_skip_unavailable': False, 'install_base': '/home/mark/thesis/install/slam_1_pc-process', 'merge_install': False, 'path': '/home/mark/thesis/src/slam_1_pc-process', 'symlink_install': False, 'test_result_base': None}
[0.384s] Level 5:colcon.colcon_core.verb:set package 'turtlebot3_gazebo' build argument 'cmake_args' from command line to 'None'
[0.384s] Level 5:colcon.colcon_core.verb:set package 'turtlebot3_gazebo' build argument 'cmake_target' from command line to 'None'
[0.384s] Level 5:colcon.colcon_core.verb:set package 'turtlebot3_gazebo' build argument 'cmake_target_skip_unavailable' from command line to 'False'
[0.384s] Level 5:colcon.colcon_core.verb:set package 'turtlebot3_gazebo' build argument 'cmake_clean_cache' from command line to 'False'
[0.384s] Level 5:colcon.colcon_core.verb:set package 'turtlebot3_gazebo' build argument 'cmake_clean_first' from command line to 'False'
[0.384s] Level 5:colcon.colcon_core.verb:set package 'turtlebot3_gazebo' build argument 'cmake_force_configure' from command line to 'False'
[0.384s] Level 5:colcon.colcon_core.verb:set package 'turtlebot3_gazebo' build argument 'ament_cmake_args' from command line to 'None'
[0.384s] Level 5:colcon.colcon_core.verb:set package 'turtlebot3_gazebo' build argument 'catkin_cmake_args' from command line to 'None'
[0.384s] Level 5:colcon.colcon_core.verb:set package 'turtlebot3_gazebo' build argument 'catkin_skip_building_tests' from command line to 'False'
[0.384s] DEBUG:colcon.colcon_core.verb:Building package 'turtlebot3_gazebo' with the following arguments: {'ament_cmake_args': None, 'build_base': '/home/mark/thesis/build/turtlebot3_gazebo', 'catkin_cmake_args': None, 'catkin_skip_building_tests': False, 'cmake_args': None, 'cmake_clean_cache': False, 'cmake_clean_first': False, 'cmake_force_configure': False, 'cmake_target': None, 'cmake_target_skip_unavailable': False, 'install_base': '/home/mark/thesis/install/turtlebot3_gazebo', 'merge_install': False, 'path': '/home/mark/thesis/src/turtlebot3_gazebo', 'symlink_install': False, 'test_result_base': None}
[0.384s] INFO:colcon.colcon_core.executor:Executing jobs using 'parallel' executor
[0.386s] DEBUG:colcon.colcon_parallel_executor.executor.parallel:run_until_complete
[0.386s] INFO:colcon.colcon_ros.task.ament_cmake.build:Building ROS package in '/home/mark/thesis/src/slam_0_bringup' with build type 'ament_cmake'
[0.387s] INFO:colcon.colcon_cmake.task.cmake.build:Building CMake package in '/home/mark/thesis/src/slam_0_bringup'
[0.390s] INFO:colcon.colcon_core.plugin_system:Skipping extension 'colcon_core.shell.bat': Not used on non-Windows systems
[0.390s] INFO:colcon.colcon_core.shell:Skip shell extension 'powershell' for command environment: Not usable outside of PowerShell
[0.390s] DEBUG:colcon.colcon_core.shell:Skip shell extension 'dsv' for command environment
[0.397s] INFO:colcon.colcon_ros.task.ament_cmake.build:Building ROS package in '/home/mark/thesis/src/slam_1_pc-process' with build type 'ament_cmake'
[0.397s] INFO:colcon.colcon_cmake.task.cmake.build:Building CMake package in '/home/mark/thesis/src/slam_1_pc-process'
[0.398s] INFO:colcon.colcon_core.shell:Skip shell extension 'powershell' for command environment: Not usable outside of PowerShell
[0.398s] DEBUG:colcon.colcon_core.shell:Skip shell extension 'dsv' for command environment
[0.406s] INFO:colcon.colcon_ros.task.ament_cmake.build:Building ROS package in '/home/mark/thesis/src/turtlebot3_gazebo' with build type 'ament_cmake'
[0.406s] INFO:colcon.colcon_cmake.task.cmake.build:Building CMake package in '/home/mark/thesis/src/turtlebot3_gazebo'
[0.407s] INFO:colcon.colcon_core.shell:Skip shell extension 'powershell' for command environment: Not usable outside of PowerShell
[0.407s] DEBUG:colcon.colcon_core.shell:Skip shell extension 'dsv' for command environment
[0.429s] DEBUG:colcon.colcon_core.event_handler.log_command:Invoking command in '/home/mark/thesis/build/slam_0_bringup': CMAKE_PREFIX_PATH=${CMAKE_PREFIX_PATH}:/home/mark/ros_ws/install/my_ros_01:/home/mark/ros_ws/install/my_package:/home/mark/ros_ws/install/lifecycle_py:/opt/ros/humble /usr/bin/cmake --build /home/mark/thesis/build/slam_0_bringup -- -j4 -l4
[0.436s] DEBUG:colcon.colcon_core.event_handler.log_command:Invoking command in '/home/mark/thesis/build/slam_1_pc-process': CMAKE_PREFIX_PATH=${CMAKE_PREFIX_PATH}:/home/mark/ros_ws/install/my_ros_01:/home/mark/ros_ws/install/my_package:/home/mark/ros_ws/install/lifecycle_py:/opt/ros/humble /usr/bin/cmake --build /home/mark/thesis/build/slam_1_pc-process -- -j4 -l4
[0.447s] DEBUG:colcon.colcon_core.event_handler.log_command:Invoking command in '/home/mark/thesis/build/turtlebot3_gazebo': CMAKE_PREFIX_PATH=${CMAKE_PREFIX_PATH}:/home/mark/ros_ws/install/my_ros_01:/home/mark/ros_ws/install/my_package:/home/mark/ros_ws/install/lifecycle_py:/opt/ros/humble /usr/bin/cmake --build /home/mark/thesis/build/turtlebot3_gazebo -- -j4 -l4
[0.543s] DEBUG:colcon.colcon_core.event_handler.log_command:Invoked command in '/home/mark/thesis/build/slam_0_bringup' returned '0': CMAKE_PREFIX_PATH=${CMAKE_PREFIX_PATH}:/home/mark/ros_ws/install/my_ros_01:/home/mark/ros_ws/install/my_package:/home/mark/ros_ws/install/lifecycle_py:/opt/ros/humble /usr/bin/cmake --build /home/mark/thesis/build/slam_0_bringup -- -j4 -l4
[0.830s] DEBUG:colcon.colcon_core.event_handler.log_command:Invoking command in '/home/mark/thesis/build/slam_0_bringup': CMAKE_PREFIX_PATH=${CMAKE_PREFIX_PATH}:/home/mark/ros_ws/install/my_ros_01:/home/mark/ros_ws/install/my_package:/home/mark/ros_ws/install/lifecycle_py:/opt/ros/humble /usr/bin/cmake --install /home/mark/thesis/build/slam_0_bringup
[0.868s] Level 1:colcon.colcon_core.environment:create_environment_scripts_only(slam_0_bringup)
[0.874s] Level 1:colcon.colcon_core.environment:checking '/home/mark/thesis/install/slam_0_bringup' for CMake module files
[0.876s] Level 1:colcon.colcon_core.environment:checking '/home/mark/thesis/install/slam_0_bringup' for CMake config files
[0.877s] Level 1:colcon.colcon_core.shell:create_environment_hook('slam_0_bringup', 'cmake_prefix_path')
[0.877s] INFO:colcon.colcon_core.shell:Creating environment hook '/home/mark/thesis/install/slam_0_bringup/share/slam_0_bringup/hook/cmake_prefix_path.ps1'
[0.875s] DEBUG:colcon.colcon_core.event_handler.log_command:Invoked command in '/home/mark/thesis/build/slam_0_bringup' returned '0': CMAKE_PREFIX_PATH=${CMAKE_PREFIX_PATH}:/home/mark/ros_ws/install/my_ros_01:/home/mark/ros_ws/install/my_package:/home/mark/ros_ws/install/lifecycle_py:/opt/ros/humble /usr/bin/cmake --install /home/mark/thesis/build/slam_0_bringup
[0.879s] INFO:colcon.colcon_core.shell:Creating environment descriptor '/home/mark/thesis/install/slam_0_bringup/share/slam_0_bringup/hook/cmake_prefix_path.dsv'
[0.880s] INFO:colcon.colcon_core.shell:Creating environment hook '/home/mark/thesis/install/slam_0_bringup/share/slam_0_bringup/hook/cmake_prefix_path.sh'
[0.881s] Level 1:colcon.colcon_core.environment:checking '/home/mark/thesis/install/slam_0_bringup/bin'
[0.881s] Level 1:colcon.colcon_core.environment:checking '/home/mark/thesis/install/slam_0_bringup/lib/pkgconfig/slam_0_bringup.pc'
[0.882s] Level 1:colcon.colcon_core.environment:checking '/home/mark/thesis/install/slam_0_bringup/lib/python3.10/site-packages'
[0.882s] Level 1:colcon.colcon_core.environment:checking '/home/mark/thesis/install/slam_0_bringup/bin'
[0.883s] INFO:colcon.colcon_core.shell:Creating package script '/home/mark/thesis/install/slam_0_bringup/share/slam_0_bringup/package.ps1'
[0.891s] INFO:colcon.colcon_core.shell:Creating package descriptor '/home/mark/thesis/install/slam_0_bringup/share/slam_0_bringup/package.dsv'
[0.892s] INFO:colcon.colcon_core.shell:Creating package script '/home/mark/thesis/install/slam_0_bringup/share/slam_0_bringup/package.sh'
[0.916s] INFO:colcon.colcon_core.shell:Creating package script '/home/mark/thesis/install/slam_0_bringup/share/slam_0_bringup/package.bash'
[0.918s] INFO:colcon.colcon_core.shell:Creating package script '/home/mark/thesis/install/slam_0_bringup/share/slam_0_bringup/package.zsh'
[0.919s] Level 1:colcon.colcon_core.environment:create_file_with_runtime_dependencies(/home/mark/thesis/install/slam_0_bringup/share/colcon-core/packages/slam_0_bringup)
[0.967s] DEBUG:colcon.colcon_core.event_handler.log_command:Invoked command in '/home/mark/thesis/build/turtlebot3_gazebo' returned '0': CMAKE_PREFIX_PATH=${CMAKE_PREFIX_PATH}:/home/mark/ros_ws/install/my_ros_01:/home/mark/ros_ws/install/my_package:/home/mark/ros_ws/install/lifecycle_py:/opt/ros/humble /usr/bin/cmake --build /home/mark/thesis/build/turtlebot3_gazebo -- -j4 -l4
[0.991s] Level 1:colcon.colcon_core.environment:create_environment_scripts_only(slam_0_bringup)
[0.992s] Level 1:colcon.colcon_core.environment:checking '/home/mark/thesis/install/slam_0_bringup' for CMake module files
[0.993s] Level 1:colcon.colcon_core.environment:checking '/home/mark/thesis/install/slam_0_bringup' for CMake config files
[0.994s] Level 1:colcon.colcon_core.shell:create_environment_hook('slam_0_bringup', 'cmake_prefix_path')
[0.995s] INFO:colcon.colcon_core.shell:Creating environment hook '/home/mark/thesis/install/slam_0_bringup/share/slam_0_bringup/hook/cmake_prefix_path.ps1'
[0.996s] INFO:colcon.colcon_core.shell:Creating environment descriptor '/home/mark/thesis/install/slam_0_bringup/share/slam_0_bringup/hook/cmake_prefix_path.dsv'
[0.996s] INFO:colcon.colcon_core.shell:Creating environment hook '/home/mark/thesis/install/slam_0_bringup/share/slam_0_bringup/hook/cmake_prefix_path.sh'
[0.997s] Level 1:colcon.colcon_core.environment:checking '/home/mark/thesis/install/slam_0_bringup/bin'
[0.997s] Level 1:colcon.colcon_core.environment:checking '/home/mark/thesis/install/slam_0_bringup/lib/pkgconfig/slam_0_bringup.pc'
[0.998s] Level 1:colcon.colcon_core.environment:checking '/home/mark/thesis/install/slam_0_bringup/lib/python3.10/site-packages'
[0.998s] Level 1:colcon.colcon_core.environment:checking '/home/mark/thesis/install/slam_0_bringup/bin'
[0.999s] INFO:colcon.colcon_core.shell:Creating package script '/home/mark/thesis/install/slam_0_bringup/share/slam_0_bringup/package.ps1'
[1.000s] INFO:colcon.colcon_core.shell:Creating package descriptor '/home/mark/thesis/install/slam_0_bringup/share/slam_0_bringup/package.dsv'
[1.002s] INFO:colcon.colcon_core.shell:Creating package script '/home/mark/thesis/install/slam_0_bringup/share/slam_0_bringup/package.sh'
[1.003s] INFO:colcon.colcon_core.shell:Creating package script '/home/mark/thesis/install/slam_0_bringup/share/slam_0_bringup/package.bash'
[1.004s] INFO:colcon.colcon_core.shell:Creating package script '/home/mark/thesis/install/slam_0_bringup/share/slam_0_bringup/package.zsh'
[1.005s] Level 1:colcon.colcon_core.environment:create_file_with_runtime_dependencies(/home/mark/thesis/install/slam_0_bringup/share/colcon-core/packages/slam_0_bringup)
[1.156s] DEBUG:colcon.colcon_core.event_handler.log_command:Invoking command in '/home/mark/thesis/build/turtlebot3_gazebo': CMAKE_PREFIX_PATH=${CMAKE_PREFIX_PATH}:/home/mark/ros_ws/install/my_ros_01:/home/mark/ros_ws/install/my_package:/home/mark/ros_ws/install/lifecycle_py:/opt/ros/humble /usr/bin/cmake --install /home/mark/thesis/build/turtlebot3_gazebo
[1.229s] Level 1:colcon.colcon_core.environment:create_environment_scripts_only(turtlebot3_gazebo)
[1.230s] Level 1:colcon.colcon_core.environment:checking '/home/mark/thesis/install/turtlebot3_gazebo' for CMake module files
[1.231s] Level 1:colcon.colcon_core.environment:checking '/home/mark/thesis/install/turtlebot3_gazebo' for CMake config files
[1.232s] Level 1:colcon.colcon_core.shell:create_environment_hook('turtlebot3_gazebo', 'cmake_prefix_path')
[1.232s] INFO:colcon.colcon_core.shell:Creating environment hook '/home/mark/thesis/install/turtlebot3_gazebo/share/turtlebot3_gazebo/hook/cmake_prefix_path.ps1'
[1.233s] INFO:colcon.colcon_core.shell:Creating environment descriptor '/home/mark/thesis/install/turtlebot3_gazebo/share/turtlebot3_gazebo/hook/cmake_prefix_path.dsv'
[1.234s] INFO:colcon.colcon_core.shell:Creating environment hook '/home/mark/thesis/install/turtlebot3_gazebo/share/turtlebot3_gazebo/hook/cmake_prefix_path.sh'
[1.235s] Level 1:colcon.colcon_core.environment:checking '/home/mark/thesis/install/turtlebot3_gazebo/lib'
[1.235s] Level 1:colcon.colcon_core.environment:checking '/home/mark/thesis/install/turtlebot3_gazebo/bin'
[1.236s] Level 1:colcon.colcon_core.environment:checking '/home/mark/thesis/install/turtlebot3_gazebo/lib/pkgconfig/turtlebot3_gazebo.pc'
[1.236s] Level 1:colcon.colcon_core.environment:checking '/home/mark/thesis/install/turtlebot3_gazebo/lib/python3.10/site-packages'
[1.237s] Level 1:colcon.colcon_core.environment:checking '/home/mark/thesis/install/turtlebot3_gazebo/bin'
[1.237s] INFO:colcon.colcon_core.shell:Creating package script '/home/mark/thesis/install/turtlebot3_gazebo/share/turtlebot3_gazebo/package.ps1'
[1.238s] INFO:colcon.colcon_core.shell:Creating package descriptor '/home/mark/thesis/install/turtlebot3_gazebo/share/turtlebot3_gazebo/package.dsv'
[1.240s] INFO:colcon.colcon_core.shell:Creating package script '/home/mark/thesis/install/turtlebot3_gazebo/share/turtlebot3_gazebo/package.sh'
[1.241s] DEBUG:colcon.colcon_core.event_handler.log_command:Invoked command in '/home/mark/thesis/build/turtlebot3_gazebo' returned '0': CMAKE_PREFIX_PATH=${CMAKE_PREFIX_PATH}:/home/mark/ros_ws/install/my_ros_01:/home/mark/ros_ws/install/my_package:/home/mark/ros_ws/install/lifecycle_py:/opt/ros/humble /usr/bin/cmake --install /home/mark/thesis/build/turtlebot3_gazebo
[1.245s] INFO:colcon.colcon_core.shell:Creating package script '/home/mark/thesis/install/turtlebot3_gazebo/share/turtlebot3_gazebo/package.bash'
[1.250s] INFO:colcon.colcon_core.shell:Creating package script '/home/mark/thesis/install/turtlebot3_gazebo/share/turtlebot3_gazebo/package.zsh'
[1.251s] Level 1:colcon.colcon_core.environment:create_file_with_runtime_dependencies(/home/mark/thesis/install/turtlebot3_gazebo/share/colcon-core/packages/turtlebot3_gazebo)
[1.337s] Level 1:colcon.colcon_core.environment:create_environment_scripts_only(turtlebot3_gazebo)
[1.338s] Level 1:colcon.colcon_core.environment:checking '/home/mark/thesis/install/turtlebot3_gazebo' for CMake module files
[1.339s] Level 1:colcon.colcon_core.environment:checking '/home/mark/thesis/install/turtlebot3_gazebo' for CMake config files
[1.339s] Level 1:colcon.colcon_core.shell:create_environment_hook('turtlebot3_gazebo', 'cmake_prefix_path')
[1.340s] INFO:colcon.colcon_core.shell:Creating environment hook '/home/mark/thesis/install/turtlebot3_gazebo/share/turtlebot3_gazebo/hook/cmake_prefix_path.ps1'
[1.341s] INFO:colcon.colcon_core.shell:Creating environment descriptor '/home/mark/thesis/install/turtlebot3_gazebo/share/turtlebot3_gazebo/hook/cmake_prefix_path.dsv'
[1.341s] INFO:colcon.colcon_core.shell:Creating environment hook '/home/mark/thesis/install/turtlebot3_gazebo/share/turtlebot3_gazebo/hook/cmake_prefix_path.sh'
[1.342s] Level 1:colcon.colcon_core.environment:checking '/home/mark/thesis/install/turtlebot3_gazebo/lib'
[1.343s] Level 1:colcon.colcon_core.environment:checking '/home/mark/thesis/install/turtlebot3_gazebo/bin'
[1.343s] Level 1:colcon.colcon_core.environment:checking '/home/mark/thesis/install/turtlebot3_gazebo/lib/pkgconfig/turtlebot3_gazebo.pc'
[1.343s] Level 1:colcon.colcon_core.environment:checking '/home/mark/thesis/install/turtlebot3_gazebo/lib/python3.10/site-packages'
[1.344s] Level 1:colcon.colcon_core.environment:checking '/home/mark/thesis/install/turtlebot3_gazebo/bin'
[1.344s] INFO:colcon.colcon_core.shell:Creating package script '/home/mark/thesis/install/turtlebot3_gazebo/share/turtlebot3_gazebo/package.ps1'
[1.345s] INFO:colcon.colcon_core.shell:Creating package descriptor '/home/mark/thesis/install/turtlebot3_gazebo/share/turtlebot3_gazebo/package.dsv'
[1.346s] INFO:colcon.colcon_core.shell:Creating package script '/home/mark/thesis/install/turtlebot3_gazebo/share/turtlebot3_gazebo/package.sh'
[1.347s] INFO:colcon.colcon_core.shell:Creating package script '/home/mark/thesis/install/turtlebot3_gazebo/share/turtlebot3_gazebo/package.bash'
[1.348s] INFO:colcon.colcon_core.shell:Creating package script '/home/mark/thesis/install/turtlebot3_gazebo/share/turtlebot3_gazebo/package.zsh'
[1.349s] Level 1:colcon.colcon_core.environment:create_file_with_runtime_dependencies(/home/mark/thesis/install/turtlebot3_gazebo/share/colcon-core/packages/turtlebot3_gazebo)
[7.841s] DEBUG:colcon.colcon_core.event_handler.log_command:Invoked command in '/home/mark/thesis/build/slam_1_pc-process' returned '2': CMAKE_PREFIX_PATH=${CMAKE_PREFIX_PATH}:/home/mark/ros_ws/install/my_ros_01:/home/mark/ros_ws/install/my_package:/home/mark/ros_ws/install/lifecycle_py:/opt/ros/humble /usr/bin/cmake --build /home/mark/thesis/build/slam_1_pc-process -- -j4 -l4
[7.884s] Level 1:colcon.colcon_core.environment:create_environment_scripts_only(slam_1_pc-process)
[7.885s] Level 1:colcon.colcon_core.environment:checking '/home/mark/thesis/install/slam_1_pc-process' for CMake module files
[7.885s] Level 1:colcon.colcon_core.environment:checking '/home/mark/thesis/install/slam_1_pc-process' for CMake config files
[7.886s] Level 1:colcon.colcon_core.shell:create_environment_hook('slam_1_pc-process', 'cmake_prefix_path')
[7.886s] INFO:colcon.colcon_core.shell:Creating environment hook '/home/mark/thesis/install/slam_1_pc-process/share/slam_1_pc-process/hook/cmake_prefix_path.ps1'
[7.887s] INFO:colcon.colcon_core.shell:Creating environment descriptor '/home/mark/thesis/install/slam_1_pc-process/share/slam_1_pc-process/hook/cmake_prefix_path.dsv'
[7.887s] INFO:colcon.colcon_core.shell:Creating environment hook '/home/mark/thesis/install/slam_1_pc-process/share/slam_1_pc-process/hook/cmake_prefix_path.sh'
[7.888s] Level 1:colcon.colcon_core.environment:checking '/home/mark/thesis/install/slam_1_pc-process/lib'
[7.888s] Level 1:colcon.colcon_core.environment:checking '/home/mark/thesis/install/slam_1_pc-process/bin'
[7.888s] Level 1:colcon.colcon_core.environment:checking '/home/mark/thesis/install/slam_1_pc-process/lib/pkgconfig/slam_1_pc-process.pc'
[7.888s] Level 1:colcon.colcon_core.environment:checking '/home/mark/thesis/install/slam_1_pc-process/lib/python3.10/site-packages'
[7.889s] Level 1:colcon.colcon_core.environment:checking '/home/mark/thesis/install/slam_1_pc-process/bin'
[7.889s] INFO:colcon.colcon_core.shell:Creating package script '/home/mark/thesis/install/slam_1_pc-process/share/slam_1_pc-process/package.ps1'
[7.890s] INFO:colcon.colcon_core.shell:Creating package descriptor '/home/mark/thesis/install/slam_1_pc-process/share/slam_1_pc-process/package.dsv'
[7.891s] INFO:colcon.colcon_core.shell:Creating package script '/home/mark/thesis/install/slam_1_pc-process/share/slam_1_pc-process/package.sh'
[7.891s] INFO:colcon.colcon_core.shell:Creating package script '/home/mark/thesis/install/slam_1_pc-process/share/slam_1_pc-process/package.bash'
[7.892s] INFO:colcon.colcon_core.shell:Creating package script '/home/mark/thesis/install/slam_1_pc-process/share/slam_1_pc-process/package.zsh'
[7.892s] Level 1:colcon.colcon_core.environment:create_file_with_runtime_dependencies(/home/mark/thesis/install/slam_1_pc-process/share/colcon-core/packages/slam_1_pc-process)
[7.903s] DEBUG:colcon.colcon_parallel_executor.executor.parallel:closing loop
[7.903s] DEBUG:colcon.colcon_parallel_executor.executor.parallel:loop closed
[7.903s] DEBUG:colcon.colcon_parallel_executor.executor.parallel:run_until_complete finished with '2'
[7.903s] DEBUG:colcon.colcon_core.event_reactor:joining thread
[7.911s] INFO:colcon.colcon_core.plugin_system:Skipping extension 'colcon_notification.desktop_notification.terminal_notifier': Not used on non-Darwin systems
[7.911s] INFO:colcon.colcon_core.plugin_system:Skipping extension 'colcon_notification.desktop_notification.win32': Not used on non-Windows systems
[7.911s] INFO:colcon.colcon_notification.desktop_notification:Sending desktop notification using 'notify2'
[7.925s] DEBUG:colcon.colcon_core.event_reactor:joined thread
[7.926s] INFO:colcon.colcon_core.shell:Creating prefix script '/home/mark/thesis/install/local_setup.ps1'
[7.927s] INFO:colcon.colcon_core.shell:Creating prefix util module '/home/mark/thesis/install/_local_setup_util_ps1.py'
[7.929s] INFO:colcon.colcon_core.shell:Creating prefix chain script '/home/mark/thesis/install/setup.ps1'
[7.932s] INFO:colcon.colcon_core.shell:Creating prefix script '/home/mark/thesis/install/local_setup.sh'
[7.933s] INFO:colcon.colcon_core.shell:Creating prefix util module '/home/mark/thesis/install/_local_setup_util_sh.py'
[7.934s] INFO:colcon.colcon_core.shell:Creating prefix chain script '/home/mark/thesis/install/setup.sh'
[7.936s] INFO:colcon.colcon_core.shell:Creating prefix script '/home/mark/thesis/install/local_setup.bash'
[7.936s] INFO:colcon.colcon_core.shell:Creating prefix chain script '/home/mark/thesis/install/setup.bash'
[7.939s] INFO:colcon.colcon_core.shell:Creating prefix script '/home/mark/thesis/install/local_setup.zsh'
[7.939s] INFO:colcon.colcon_core.shell:Creating prefix chain script '/home/mark/thesis/install/setup.zsh'
