[0.042s] Invoking command in '/home/mark/thesis/build/slam_1_pc-process': CMAKE_PREFIX_PATH=${CMAKE_PREFIX_PATH}:/home/mark/ros_ws/install/my_ros_01:/home/mark/ros_ws/install/my_package:/home/mark/ros_ws/install/lifecycle_py:/opt/ros/humble /usr/bin/cmake --build /home/mark/thesis/build/slam_1_pc-process -- -j4 -l4
[0.170s] [35m[1mConsolidate compiler generated dependencies of target 1_import_pcd[0m
[0.178s] [35m[1mConsolidate compiler generated dependencies of target 3_voxel_grid[0m
[0.187s] [35m[1mConsolidate compiler generated dependencies of target 2_manual_pcd[0m
[0.247s] [35m[1mConsolidate compiler generated dependencies of target 4_passthrough[0m
[0.392s] [ 14%] Built target 2_manual_pcd
[0.392s] [ 28%] Built target 3_voxel_grid
[0.407s] [ 42%] Built target 1_import_pcd
[0.494s] [35m[1mConsolidate compiler generated dependencies of target 6_clustering[0m
[0.511s] [35m[1mConsolidate compiler generated dependencies of target 5_segmentation[0m
[0.524s] [35m[1mConsolidate compiler generated dependencies of target main[0m
[0.540s] [ 57%] Built target 4_passthrough
[0.639s] [ 71%] Built target 6_clustering
[0.651s] [ 85%] Built target 5_segmentation
[0.688s] [100%] Built target main
[0.735s] Invoked command in '/home/mark/thesis/build/slam_1_pc-process' returned '0': CMAKE_PREFIX_PATH=${CMAKE_PREFIX_PATH}:/home/mark/ros_ws/install/my_ros_01:/home/mark/ros_ws/install/my_package:/home/mark/ros_ws/install/lifecycle_py:/opt/ros/humble /usr/bin/cmake --build /home/mark/thesis/build/slam_1_pc-process -- -j4 -l4
[0.933s] Invoking command in '/home/mark/thesis/build/slam_1_pc-process': CMAKE_PREFIX_PATH=${CMAKE_PREFIX_PATH}:/home/mark/ros_ws/install/my_ros_01:/home/mark/ros_ws/install/my_package:/home/mark/ros_ws/install/lifecycle_py:/opt/ros/humble /usr/bin/cmake --install /home/mark/thesis/build/slam_1_pc-process
[0.953s] -- Install configuration: ""
[0.953s] -- Up-to-date: /home/mark/thesis/install/slam_1_pc-process/lib/slam_1_pc-process/1_import_pcd
[0.953s] -- Up-to-date: /home/mark/thesis/install/slam_1_pc-process/lib/slam_1_pc-process/2_manual_pcd
[0.953s] -- Up-to-date: /home/mark/thesis/install/slam_1_pc-process/lib/slam_1_pc-process/3_voxel_grid
[0.954s] -- Up-to-date: /home/mark/thesis/install/slam_1_pc-process/lib/slam_1_pc-process/4_passthrough
[0.954s] -- Up-to-date: /home/mark/thesis/install/slam_1_pc-process/lib/slam_1_pc-process/5_segmentation
[0.955s] -- Up-to-date: /home/mark/thesis/install/slam_1_pc-process/lib/slam_1_pc-process/6_clustering
[0.955s] -- Up-to-date: /home/mark/thesis/install/slam_1_pc-process/lib/slam_1_pc-process/main
[0.956s] -- Up-to-date: /home/mark/thesis/install/slam_1_pc-process/share/slam_1_pc-process/
[0.956s] -- Up-to-date: /home/mark/thesis/install/slam_1_pc-process/share/ament_index/resource_index/package_run_dependencies/slam_1_pc-process
[0.956s] -- Up-to-date: /home/mark/thesis/install/slam_1_pc-process/share/ament_index/resource_index/parent_prefix_path/slam_1_pc-process
[0.957s] -- Up-to-date: /home/mark/thesis/install/slam_1_pc-process/share/slam_1_pc-process/environment/ament_prefix_path.sh
[0.958s] -- Up-to-date: /home/mark/thesis/install/slam_1_pc-process/share/slam_1_pc-process/environment/ament_prefix_path.dsv
[0.958s] -- Up-to-date: /home/mark/thesis/install/slam_1_pc-process/share/slam_1_pc-process/environment/path.sh
[0.958s] -- Up-to-date: /home/mark/thesis/install/slam_1_pc-process/share/slam_1_pc-process/environment/path.dsv
[0.959s] -- Up-to-date: /home/mark/thesis/install/slam_1_pc-process/share/slam_1_pc-process/local_setup.bash
[0.959s] -- Up-to-date: /home/mark/thesis/install/slam_1_pc-process/share/slam_1_pc-process/local_setup.sh
[0.959s] -- Up-to-date: /home/mark/thesis/install/slam_1_pc-process/share/slam_1_pc-process/local_setup.zsh
[0.959s] -- Up-to-date: /home/mark/thesis/install/slam_1_pc-process/share/slam_1_pc-process/local_setup.dsv
[0.959s] -- Installing: /home/mark/thesis/install/slam_1_pc-process/share/slam_1_pc-process/package.dsv
[0.959s] -- Up-to-date: /home/mark/thesis/install/slam_1_pc-process/share/ament_index/resource_index/packages/slam_1_pc-process
[0.959s] -- Up-to-date: /home/mark/thesis/install/slam_1_pc-process/share/slam_1_pc-process/cmake/slam_1_pc-processConfig.cmake
[0.960s] -- Up-to-date: /home/mark/thesis/install/slam_1_pc-process/share/slam_1_pc-process/cmake/slam_1_pc-processConfig-version.cmake
[0.960s] -- Up-to-date: /home/mark/thesis/install/slam_1_pc-process/share/slam_1_pc-process/package.xml
[0.975s] Invoked command in '/home/mark/thesis/build/slam_1_pc-process' returned '0': CMAKE_PREFIX_PATH=${CMAKE_PREFIX_PATH}:/home/mark/ros_ws/install/my_ros_01:/home/mark/ros_ws/install/my_package:/home/mark/ros_ws/install/lifecycle_py:/opt/ros/humble /usr/bin/cmake --install /home/mark/thesis/build/slam_1_pc-process
