[0.039s] Invoking command in '/home/mark/thesis/build/turtlebot3_gazebo': CMAKE_PREFIX_PATH=${CMAKE_PREFIX_PATH}:/home/mark/ros_ws/install/my_ros_01:/home/mark/ros_ws/install/my_package:/home/mark/ros_ws/install/lifecycle_py:/opt/ros/humble /usr/bin/cmake --build /home/mark/thesis/build/turtlebot3_gazebo -- -j4 -l4
[0.271s] [ 25%] Built target obstacle1
[0.310s] [ 50%] Built target turtlebot3_drive
[0.352s] [ 75%] Built target obstacle2
[0.401s] [100%] Built target obstacles
[0.442s] Invoked command in '/home/mark/thesis/build/turtlebot3_gazebo' returned '0': CMAKE_PREFIX_PATH=${CMAKE_PREFIX_PATH}:/home/mark/ros_ws/install/my_ros_01:/home/mark/ros_ws/install/my_package:/home/mark/ros_ws/install/lifecycle_py:/opt/ros/humble /usr/bin/cmake --build /home/mark/thesis/build/turtlebot3_gazebo -- -j4 -l4
[0.634s] Invoking command in '/home/mark/thesis/build/turtlebot3_gazebo': CMAKE_PREFIX_PATH=${CMAKE_PREFIX_PATH}:/home/mark/ros_ws/install/my_ros_01:/home/mark/ros_ws/install/my_package:/home/mark/ros_ws/install/lifecycle_py:/opt/ros/humble /usr/bin/cmake --install /home/mark/thesis/build/turtlebot3_gazebo
[0.654s] -- Install configuration: ""
[0.656s] -- Up-to-date: /home/mark/thesis/install/turtlebot3_gazebo/lib/turtlebot3_gazebo/turtlebot3_drive
[0.659s] -- Up-to-date: /home/mark/thesis/install/turtlebot3_gazebo/share/turtlebot3_gazebo//launch
[0.660s] -- Up-to-date: /home/mark/thesis/install/turtlebot3_gazebo/share/turtlebot3_gazebo//launch/turtlebot3_world.launch.py
[0.662s] -- Up-to-date: /home/mark/thesis/install/turtlebot3_gazebo/share/turtlebot3_gazebo//launch/turtlebot3_dqn_stage3.launch.py
[0.664s] -- Up-to-date: /home/mark/thesis/install/turtlebot3_gazebo/share/turtlebot3_gazebo//launch/spawn_turtlebot3.launch.py
[0.665s] -- Up-to-date: /home/mark/thesis/install/turtlebot3_gazebo/share/turtlebot3_gazebo//launch/empty_world.launch.py
[0.666s] -- Up-to-date: /home/mark/thesis/install/turtlebot3_gazebo/share/turtlebot3_gazebo//launch/turtlebot3_dqn_stage2.launch.py
[0.668s] -- Up-to-date: /home/mark/thesis/install/turtlebot3_gazebo/share/turtlebot3_gazebo//launch/turtlebot3_house.launch.py
[0.669s] -- Up-to-date: /home/mark/thesis/install/turtlebot3_gazebo/share/turtlebot3_gazebo//launch/robot_state_publisher.launch.py
[0.671s] -- Up-to-date: /home/mark/thesis/install/turtlebot3_gazebo/share/turtlebot3_gazebo//launch/turtlebot3_dqn_stage1.launch.py
[0.671s] -- Up-to-date: /home/mark/thesis/install/turtlebot3_gazebo/share/turtlebot3_gazebo//launch/turtlebot3_dqn_stage4.launch.py
[0.671s] -- Up-to-date: /home/mark/thesis/install/turtlebot3_gazebo/share/turtlebot3_gazebo//models
[0.672s] -- Up-to-date: /home/mark/thesis/install/turtlebot3_gazebo/share/turtlebot3_gazebo//models/turtlebot3_dqn_world
[0.672s] -- Up-to-date: /home/mark/thesis/install/turtlebot3_gazebo/share/turtlebot3_gazebo//models/turtlebot3_dqn_world/inner_walls
[0.673s] -- Up-to-date: /home/mark/thesis/install/turtlebot3_gazebo/share/turtlebot3_gazebo//models/turtlebot3_dqn_world/inner_walls/model.config
[0.677s] -- Up-to-date: /home/mark/thesis/install/turtlebot3_gazebo/share/turtlebot3_gazebo//models/turtlebot3_dqn_world/inner_walls/model.sdf
[0.677s] -- Up-to-date: /home/mark/thesis/install/turtlebot3_gazebo/share/turtlebot3_gazebo//models/turtlebot3_dqn_world/obstacles
[0.677s] -- Up-to-date: /home/mark/thesis/install/turtlebot3_gazebo/share/turtlebot3_gazebo//models/turtlebot3_dqn_world/obstacles/model.config
[0.678s] -- Up-to-date: /home/mark/thesis/install/turtlebot3_gazebo/share/turtlebot3_gazebo//models/turtlebot3_dqn_world/obstacles/model.sdf
[0.678s] -- Up-to-date: /home/mark/thesis/install/turtlebot3_gazebo/share/turtlebot3_gazebo//models/turtlebot3_dqn_world/model.config
[0.678s] -- Up-to-date: /home/mark/thesis/install/turtlebot3_gazebo/share/turtlebot3_gazebo//models/turtlebot3_dqn_world/goal_box
[0.679s] -- Up-to-date: /home/mark/thesis/install/turtlebot3_gazebo/share/turtlebot3_gazebo//models/turtlebot3_dqn_world/goal_box/model.config
[0.679s] -- Up-to-date: /home/mark/thesis/install/turtlebot3_gazebo/share/turtlebot3_gazebo//models/turtlebot3_dqn_world/goal_box/model.sdf
[0.681s] -- Up-to-date: /home/mark/thesis/install/turtlebot3_gazebo/share/turtlebot3_gazebo//models/turtlebot3_dqn_world/obstacle1
[0.682s] -- Up-to-date: /home/mark/thesis/install/turtlebot3_gazebo/share/turtlebot3_gazebo//models/turtlebot3_dqn_world/obstacle1/model.config
[0.682s] -- Up-to-date: /home/mark/thesis/install/turtlebot3_gazebo/share/turtlebot3_gazebo//models/turtlebot3_dqn_world/obstacle1/model.sdf
[0.683s] -- Up-to-date: /home/mark/thesis/install/turtlebot3_gazebo/share/turtlebot3_gazebo//models/turtlebot3_dqn_world/obstacle_plugin
[0.683s] -- Up-to-date: /home/mark/thesis/install/turtlebot3_gazebo/share/turtlebot3_gazebo//models/turtlebot3_dqn_world/obstacle_plugin/obstacle2.cc
[0.683s] -- Up-to-date: /home/mark/thesis/install/turtlebot3_gazebo/share/turtlebot3_gazebo//models/turtlebot3_dqn_world/obstacle_plugin/CMakeLists.txt
[0.684s] -- Up-to-date: /home/mark/thesis/install/turtlebot3_gazebo/share/turtlebot3_gazebo//models/turtlebot3_dqn_world/obstacle_plugin/obstacles.cc
[0.684s] -- Up-to-date: /home/mark/thesis/install/turtlebot3_gazebo/share/turtlebot3_gazebo//models/turtlebot3_dqn_world/obstacle_plugin/obstacle1.cc
[0.685s] -- Up-to-date: /home/mark/thesis/install/turtlebot3_gazebo/share/turtlebot3_gazebo//models/turtlebot3_dqn_world/obstacle2
[0.685s] -- Up-to-date: /home/mark/thesis/install/turtlebot3_gazebo/share/turtlebot3_gazebo//models/turtlebot3_dqn_world/obstacle2/model.config
[0.686s] -- Up-to-date: /home/mark/thesis/install/turtlebot3_gazebo/share/turtlebot3_gazebo//models/turtlebot3_dqn_world/obstacle2/model.sdf
[0.686s] -- Up-to-date: /home/mark/thesis/install/turtlebot3_gazebo/share/turtlebot3_gazebo//models/turtlebot3_dqn_world/model.sdf
[0.686s] -- Up-to-date: /home/mark/thesis/install/turtlebot3_gazebo/share/turtlebot3_gazebo//models/turtlebot3_waffle
[0.687s] -- Up-to-date: /home/mark/thesis/install/turtlebot3_gazebo/share/turtlebot3_gazebo//models/turtlebot3_waffle/model.config
[0.687s] -- Up-to-date: /home/mark/thesis/install/turtlebot3_gazebo/share/turtlebot3_gazebo//models/turtlebot3_waffle/model-1_4.sdf
[0.687s] -- Up-to-date: /home/mark/thesis/install/turtlebot3_gazebo/share/turtlebot3_gazebo//models/turtlebot3_waffle/model.sdf
[0.688s] -- Up-to-date: /home/mark/thesis/install/turtlebot3_gazebo/share/turtlebot3_gazebo//models/turtlebot3_world
[0.688s] -- Up-to-date: /home/mark/thesis/install/turtlebot3_gazebo/share/turtlebot3_gazebo//models/turtlebot3_world/model.config
[0.688s] -- Up-to-date: /home/mark/thesis/install/turtlebot3_gazebo/share/turtlebot3_gazebo//models/turtlebot3_world/meshes
[0.689s] -- Up-to-date: /home/mark/thesis/install/turtlebot3_gazebo/share/turtlebot3_gazebo//models/turtlebot3_world/meshes/wall.dae
[0.689s] -- Up-to-date: /home/mark/thesis/install/turtlebot3_gazebo/share/turtlebot3_gazebo//models/turtlebot3_world/meshes/hexagon.dae
[0.689s] -- Up-to-date: /home/mark/thesis/install/turtlebot3_gazebo/share/turtlebot3_gazebo//models/turtlebot3_world/model-1_4.sdf
[0.690s] -- Up-to-date: /home/mark/thesis/install/turtlebot3_gazebo/share/turtlebot3_gazebo//models/turtlebot3_world/model.sdf
[0.690s] -- Up-to-date: /home/mark/thesis/install/turtlebot3_gazebo/share/turtlebot3_gazebo//rviz
[0.691s] -- Up-to-date: /home/mark/thesis/install/turtlebot3_gazebo/share/turtlebot3_gazebo//rviz/tb3_gazebo.rviz
[0.691s] -- Up-to-date: /home/mark/thesis/install/turtlebot3_gazebo/share/turtlebot3_gazebo//urdf
[0.691s] -- Up-to-date: /home/mark/thesis/install/turtlebot3_gazebo/share/turtlebot3_gazebo//urdf/turtlebot3_waffle.urdf
[0.692s] -- Up-to-date: /home/mark/thesis/install/turtlebot3_gazebo/share/turtlebot3_gazebo//worlds
[0.692s] -- Up-to-date: /home/mark/thesis/install/turtlebot3_gazebo/share/turtlebot3_gazebo//worlds/turtlebot3_world.world
[0.692s] -- Up-to-date: /home/mark/thesis/install/turtlebot3_gazebo/share/turtlebot3_gazebo//worlds/empty_world.world
[0.693s] -- Up-to-date: /home/mark/thesis/install/turtlebot3_gazebo/include/
[0.693s] -- Up-to-date: /home/mark/thesis/install/turtlebot3_gazebo/include//turtlebot3_gazebo
[0.694s] -- Up-to-date: /home/mark/thesis/install/turtlebot3_gazebo/include//turtlebot3_gazebo/turtlebot3_drive.hpp
[0.698s] -- Up-to-date: /home/mark/thesis/install/turtlebot3_gazebo/share/ament_index/resource_index/package_run_dependencies/turtlebot3_gazebo
[0.698s] -- Up-to-date: /home/mark/thesis/install/turtlebot3_gazebo/share/ament_index/resource_index/parent_prefix_path/turtlebot3_gazebo
[0.699s] -- Up-to-date: /home/mark/thesis/install/turtlebot3_gazebo/share/turtlebot3_gazebo/environment/ament_prefix_path.sh
[0.699s] -- Up-to-date: /home/mark/thesis/install/turtlebot3_gazebo/share/turtlebot3_gazebo/environment/ament_prefix_path.dsv
[0.700s] -- Up-to-date: /home/mark/thesis/install/turtlebot3_gazebo/share/turtlebot3_gazebo/environment/path.sh
[0.700s] -- Up-to-date: /home/mark/thesis/install/turtlebot3_gazebo/share/turtlebot3_gazebo/environment/path.dsv
[0.700s] -- Up-to-date: /home/mark/thesis/install/turtlebot3_gazebo/share/turtlebot3_gazebo/local_setup.bash
[0.700s] -- Up-to-date: /home/mark/thesis/install/turtlebot3_gazebo/share/turtlebot3_gazebo/local_setup.sh
[0.701s] -- Up-to-date: /home/mark/thesis/install/turtlebot3_gazebo/share/turtlebot3_gazebo/local_setup.zsh
[0.702s] -- Up-to-date: /home/mark/thesis/install/turtlebot3_gazebo/share/turtlebot3_gazebo/local_setup.dsv
[0.702s] -- Installing: /home/mark/thesis/install/turtlebot3_gazebo/share/turtlebot3_gazebo/package.dsv
[0.703s] -- Up-to-date: /home/mark/thesis/install/turtlebot3_gazebo/share/ament_index/resource_index/packages/turtlebot3_gazebo
[0.704s] -- Up-to-date: /home/mark/thesis/install/turtlebot3_gazebo/share/turtlebot3_gazebo/cmake/ament_cmake_export_include_directories-extras.cmake
[0.704s] -- Up-to-date: /home/mark/thesis/install/turtlebot3_gazebo/share/turtlebot3_gazebo/cmake/ament_cmake_export_dependencies-extras.cmake
[0.704s] -- Up-to-date: /home/mark/thesis/install/turtlebot3_gazebo/share/turtlebot3_gazebo/cmake/turtlebot3_gazeboConfig.cmake
[0.704s] -- Up-to-date: /home/mark/thesis/install/turtlebot3_gazebo/share/turtlebot3_gazebo/cmake/turtlebot3_gazeboConfig-version.cmake
[0.715s] -- Up-to-date: /home/mark/thesis/install/turtlebot3_gazebo/share/turtlebot3_gazebo/package.xml
[0.719s] Invoked command in '/home/mark/thesis/build/turtlebot3_gazebo' returned '0': CMAKE_PREFIX_PATH=${CMAKE_PREFIX_PATH}:/home/mark/ros_ws/install/my_ros_01:/home/mark/ros_ws/install/my_package:/home/mark/ros_ws/install/lifecycle_py:/opt/ros/humble /usr/bin/cmake --install /home/mark/thesis/build/turtlebot3_gazebo
