[0.152s] DEBUG:colcon:Command line arguments: ['/usr/bin/colcon', 'build', '--allow-overriding', 'turtlebot3_gazebo']
[0.152s] DEBUG:colcon:Parsed command line arguments: Namespace(log_base=None, log_level=None, verb_name='build', build_base='build', install_base='install', merge_install=False, symlink_install=False, test_result_base=None, continue_on_error=False, executor='parallel', parallel_workers=4, event_handlers=None, ignore_user_meta=False, metas=['./colcon.meta'], base_paths=['.'], packages_ignore=None, packages_ignore_regex=None, paths=None, packages_up_to=None, packages_up_to_regex=None, packages_above=None, packages_above_and_dependencies=None, packages_above_depth=None, packages_select_by_dep=None, packages_skip_by_dep=None, packages_skip_up_to=None, packages_select_build_failed=False, packages_skip_build_finished=False, packages_select_test_failures=False, packages_skip_test_passed=False, packages_select=None, packages_skip=None, packages_select_regex=None, packages_skip_regex=None, packages_start=None, packages_end=None, allow_overriding=['turtlebot3_gazebo'], cmake_args=None, cmake_target=None, cmake_target_skip_unavailable=False, cmake_clean_cache=False, cmake_clean_first=False, cmake_force_configure=False, ament_cmake_args=None, catkin_cmake_args=None, catkin_skip_building_tests=False, verb_parser=<colcon_defaults.argument_parser.defaults.DefaultArgumentsDecorator object at 0x7fe0a049d150>, verb_extension=<colcon_core.verb.build.BuildVerb object at 0x7fe0a049cb50>, main=<bound method BuildVerb.main of <colcon_core.verb.build.BuildVerb object at 0x7fe0a049cb50>>)
[0.202s] Level 1:colcon.colcon_core.package_discovery:discover_packages(colcon_meta) check parameters
[0.202s] Level 1:colcon.colcon_core.package_discovery:discover_packages(recursive) check parameters
[0.203s] Level 1:colcon.colcon_core.package_discovery:discover_packages(ignore) check parameters
[0.203s] Level 1:colcon.colcon_core.package_discovery:discover_packages(path) check parameters
[0.203s] Level 1:colcon.colcon_core.package_discovery:discover_packages(colcon_meta) discover
[0.203s] Level 1:colcon.colcon_core.package_discovery:discover_packages(recursive) discover
[0.203s] INFO:colcon.colcon_core.package_discovery:Crawling recursively for packages in '/home/mark/thesis'
[0.203s] Level 1:colcon.colcon_core.package_identification:_identify(.) by extensions ['ignore', 'ignore_ament_install']
[0.203s] Level 1:colcon.colcon_core.package_identification:_identify(.) by extension 'ignore'
[0.203s] Level 1:colcon.colcon_core.package_identification:_identify(.) by extension 'ignore_ament_install'
[0.203s] Level 1:colcon.colcon_core.package_identification:_identify(.) by extensions ['colcon_pkg']
[0.203s] Level 1:colcon.colcon_core.package_identification:_identify(.) by extension 'colcon_pkg'
[0.204s] Level 1:colcon.colcon_core.package_identification:_identify(.) by extensions ['colcon_meta']
[0.204s] Level 1:colcon.colcon_core.package_identification:_identify(.) by extension 'colcon_meta'
[0.204s] Level 1:colcon.colcon_core.package_identification:_identify(.) by extensions ['ros']
[0.204s] Level 1:colcon.colcon_core.package_identification:_identify(.) by extension 'ros'
[0.223s] Level 1:colcon.colcon_core.package_identification:_identify(.) by extensions ['cmake', 'python']
[0.223s] Level 1:colcon.colcon_core.package_identification:_identify(.) by extension 'cmake'
[0.223s] Level 1:colcon.colcon_core.package_identification:_identify(.) by extension 'python'
[0.223s] Level 1:colcon.colcon_core.package_identification:_identify(.) by extensions ['python_setup_py']
[0.223s] Level 1:colcon.colcon_core.package_identification:_identify(.) by extension 'python_setup_py'
[0.223s] Level 1:colcon.colcon_core.package_identification:_identify(build) by extensions ['ignore', 'ignore_ament_install']
[0.223s] Level 1:colcon.colcon_core.package_identification:_identify(build) by extension 'ignore'
[0.224s] Level 1:colcon.colcon_core.package_identification:_identify(build) ignored
[0.224s] Level 1:colcon.colcon_core.package_identification:_identify(install) by extensions ['ignore', 'ignore_ament_install']
[0.224s] Level 1:colcon.colcon_core.package_identification:_identify(install) by extension 'ignore'
[0.224s] Level 1:colcon.colcon_core.package_identification:_identify(install) ignored
[0.224s] Level 1:colcon.colcon_core.package_identification:_identify(log) by extensions ['ignore', 'ignore_ament_install']
[0.225s] Level 1:colcon.colcon_core.package_identification:_identify(log) by extension 'ignore'
[0.225s] Level 1:colcon.colcon_core.package_identification:_identify(log) ignored
[0.225s] Level 1:colcon.colcon_core.package_identification:_identify(src) by extensions ['ignore', 'ignore_ament_install']
[0.225s] Level 1:colcon.colcon_core.package_identification:_identify(src) by extension 'ignore'
[0.225s] Level 1:colcon.colcon_core.package_identification:_identify(src) by extension 'ignore_ament_install'
[0.225s] Level 1:colcon.colcon_core.package_identification:_identify(src) by extensions ['colcon_pkg']
[0.225s] Level 1:colcon.colcon_core.package_identification:_identify(src) by extension 'colcon_pkg'
[0.225s] Level 1:colcon.colcon_core.package_identification:_identify(src) by extensions ['colcon_meta']
[0.225s] Level 1:colcon.colcon_core.package_identification:_identify(src) by extension 'colcon_meta'
[0.225s] Level 1:colcon.colcon_core.package_identification:_identify(src) by extensions ['ros']
[0.226s] Level 1:colcon.colcon_core.package_identification:_identify(src) by extension 'ros'
[0.226s] Level 1:colcon.colcon_core.package_identification:_identify(src) by extensions ['cmake', 'python']
[0.226s] Level 1:colcon.colcon_core.package_identification:_identify(src) by extension 'cmake'
[0.226s] Level 1:colcon.colcon_core.package_identification:_identify(src) by extension 'python'
[0.226s] Level 1:colcon.colcon_core.package_identification:_identify(src) by extensions ['python_setup_py']
[0.226s] Level 1:colcon.colcon_core.package_identification:_identify(src) by extension 'python_setup_py'
[0.226s] Level 1:colcon.colcon_core.package_identification:_identify(src/slam_0_bringup) by extensions ['ignore', 'ignore_ament_install']
[0.226s] Level 1:colcon.colcon_core.package_identification:_identify(src/slam_0_bringup) by extension 'ignore'
[0.226s] Level 1:colcon.colcon_core.package_identification:_identify(src/slam_0_bringup) by extension 'ignore_ament_install'
[0.227s] Level 1:colcon.colcon_core.package_identification:_identify(src/slam_0_bringup) by extensions ['colcon_pkg']
[0.227s] Level 1:colcon.colcon_core.package_identification:_identify(src/slam_0_bringup) by extension 'colcon_pkg'
[0.227s] Level 1:colcon.colcon_core.package_identification:_identify(src/slam_0_bringup) by extensions ['colcon_meta']
[0.227s] Level 1:colcon.colcon_core.package_identification:_identify(src/slam_0_bringup) by extension 'colcon_meta'
[0.227s] Level 1:colcon.colcon_core.package_identification:_identify(src/slam_0_bringup) by extensions ['ros']
[0.227s] Level 1:colcon.colcon_core.package_identification:_identify(src/slam_0_bringup) by extension 'ros'
[0.231s] DEBUG:colcon.colcon_core.package_identification:Package 'src/slam_0_bringup' with type 'ros.ament_cmake' and name 'slam_0_bringup'
[0.232s] Level 1:colcon.colcon_core.package_identification:_identify(src/slam_1_pc-process) by extensions ['ignore', 'ignore_ament_install']
[0.232s] Level 1:colcon.colcon_core.package_identification:_identify(src/slam_1_pc-process) by extension 'ignore'
[0.232s] Level 1:colcon.colcon_core.package_identification:_identify(src/slam_1_pc-process) by extension 'ignore_ament_install'
[0.232s] Level 1:colcon.colcon_core.package_identification:_identify(src/slam_1_pc-process) by extensions ['colcon_pkg']
[0.232s] Level 1:colcon.colcon_core.package_identification:_identify(src/slam_1_pc-process) by extension 'colcon_pkg'
[0.233s] Level 1:colcon.colcon_core.package_identification:_identify(src/slam_1_pc-process) by extensions ['colcon_meta']
[0.233s] Level 1:colcon.colcon_core.package_identification:_identify(src/slam_1_pc-process) by extension 'colcon_meta'
[0.233s] Level 1:colcon.colcon_core.package_identification:_identify(src/slam_1_pc-process) by extensions ['ros']
[0.233s] Level 1:colcon.colcon_core.package_identification:_identify(src/slam_1_pc-process) by extension 'ros'
[0.234s] DEBUG:colcon.colcon_core.package_identification:Package 'src/slam_1_pc-process' with type 'ros.ament_cmake' and name 'slam_1_pc-process'
[0.234s] Level 1:colcon.colcon_core.package_identification:_identify(src/turtlebot3_gazebo) by extensions ['ignore', 'ignore_ament_install']
[0.234s] Level 1:colcon.colcon_core.package_identification:_identify(src/turtlebot3_gazebo) by extension 'ignore'
[0.234s] Level 1:colcon.colcon_core.package_identification:_identify(src/turtlebot3_gazebo) by extension 'ignore_ament_install'
[0.235s] Level 1:colcon.colcon_core.package_identification:_identify(src/turtlebot3_gazebo) by extensions ['colcon_pkg']
[0.235s] Level 1:colcon.colcon_core.package_identification:_identify(src/turtlebot3_gazebo) by extension 'colcon_pkg'
[0.235s] Level 1:colcon.colcon_core.package_identification:_identify(src/turtlebot3_gazebo) by extensions ['colcon_meta']
[0.235s] Level 1:colcon.colcon_core.package_identification:_identify(src/turtlebot3_gazebo) by extension 'colcon_meta'
[0.235s] Level 1:colcon.colcon_core.package_identification:_identify(src/turtlebot3_gazebo) by extensions ['ros']
[0.235s] Level 1:colcon.colcon_core.package_identification:_identify(src/turtlebot3_gazebo) by extension 'ros'
[0.237s] DEBUG:colcon.colcon_core.package_identification:Package 'src/turtlebot3_gazebo' with type 'ros.ament_cmake' and name 'turtlebot3_gazebo'
[0.237s] Level 1:colcon.colcon_core.package_discovery:discover_packages(recursive) using defaults
[0.237s] Level 1:colcon.colcon_core.package_discovery:discover_packages(ignore) discover
[0.237s] Level 1:colcon.colcon_core.package_discovery:discover_packages(ignore) using defaults
[0.237s] Level 1:colcon.colcon_core.package_discovery:discover_packages(path) discover
[0.238s] Level 1:colcon.colcon_core.package_discovery:discover_packages(path) using defaults
[0.268s] Level 1:colcon.colcon_core.package_discovery:discover_packages(prefix_path) check parameters
[0.268s] Level 1:colcon.colcon_core.package_discovery:discover_packages(prefix_path) discover
[0.271s] DEBUG:colcon.colcon_installed_package_information.package_discovery:Found 8 installed packages in /home/mark/ros_ws/install
[0.272s] DEBUG:colcon.colcon_installed_package_information.package_discovery:Found 3 installed packages in /home/mark/temp/install
[0.273s] DEBUG:colcon.colcon_installed_package_information.package_discovery:Found 5 installed packages in /home/mark/thesis/install
[0.275s] DEBUG:colcon.colcon_installed_package_information.package_discovery:Found 412 installed packages in /opt/ros/humble
[0.278s] Level 1:colcon.colcon_core.package_discovery:discover_packages(prefix_path) using defaults
[0.350s] Level 5:colcon.colcon_core.verb:set package 'slam_0_bringup' build argument 'cmake_args' from command line to 'None'
[0.350s] Level 5:colcon.colcon_core.verb:set package 'slam_0_bringup' build argument 'cmake_target' from command line to 'None'
[0.350s] Level 5:colcon.colcon_core.verb:set package 'slam_0_bringup' build argument 'cmake_target_skip_unavailable' from command line to 'False'
[0.350s] Level 5:colcon.colcon_core.verb:set package 'slam_0_bringup' build argument 'cmake_clean_cache' from command line to 'False'
[0.350s] Level 5:colcon.colcon_core.verb:set package 'slam_0_bringup' build argument 'cmake_clean_first' from command line to 'False'
[0.350s] Level 5:colcon.colcon_core.verb:set package 'slam_0_bringup' build argument 'cmake_force_configure' from command line to 'False'
[0.350s] Level 5:colcon.colcon_core.verb:set package 'slam_0_bringup' build argument 'ament_cmake_args' from command line to 'None'
[0.350s] Level 5:colcon.colcon_core.verb:set package 'slam_0_bringup' build argument 'catkin_cmake_args' from command line to 'None'
[0.350s] Level 5:colcon.colcon_core.verb:set package 'slam_0_bringup' build argument 'catkin_skip_building_tests' from command line to 'False'
[0.350s] DEBUG:colcon.colcon_core.verb:Building package 'slam_0_bringup' with the following arguments: {'ament_cmake_args': None, 'build_base': '/home/mark/thesis/build/slam_0_bringup', 'catkin_cmake_args': None, 'catkin_skip_building_tests': False, 'cmake_args': None, 'cmake_clean_cache': False, 'cmake_clean_first': False, 'cmake_force_configure': False, 'cmake_target': None, 'cmake_target_skip_unavailable': False, 'install_base': '/home/mark/thesis/install/slam_0_bringup', 'merge_install': False, 'path': '/home/mark/thesis/src/slam_0_bringup', 'symlink_install': False, 'test_result_base': None}
[0.350s] Level 5:colcon.colcon_core.verb:set package 'slam_1_pc-process' build argument 'cmake_args' from command line to 'None'
[0.351s] Level 5:colcon.colcon_core.verb:set package 'slam_1_pc-process' build argument 'cmake_target' from command line to 'None'
[0.351s] Level 5:colcon.colcon_core.verb:set package 'slam_1_pc-process' build argument 'cmake_target_skip_unavailable' from command line to 'False'
[0.351s] Level 5:colcon.colcon_core.verb:set package 'slam_1_pc-process' build argument 'cmake_clean_cache' from command line to 'False'
[0.351s] Level 5:colcon.colcon_core.verb:set package 'slam_1_pc-process' build argument 'cmake_clean_first' from command line to 'False'
[0.351s] Level 5:colcon.colcon_core.verb:set package 'slam_1_pc-process' build argument 'cmake_force_configure' from command line to 'False'
[0.351s] Level 5:colcon.colcon_core.verb:set package 'slam_1_pc-process' build argument 'ament_cmake_args' from command line to 'None'
[0.351s] Level 5:colcon.colcon_core.verb:set package 'slam_1_pc-process' build argument 'catkin_cmake_args' from command line to 'None'
[0.351s] Level 5:colcon.colcon_core.verb:set package 'slam_1_pc-process' build argument 'catkin_skip_building_tests' from command line to 'False'
[0.351s] DEBUG:colcon.colcon_core.verb:Building package 'slam_1_pc-process' with the following arguments: {'ament_cmake_args': None, 'build_base': '/home/mark/thesis/build/slam_1_pc-process', 'catkin_cmake_args': None, 'catkin_skip_building_tests': False, 'cmake_args': None, 'cmake_clean_cache': False, 'cmake_clean_first': False, 'cmake_force_configure': False, 'cmake_target': None, 'cmake_target_skip_unavailable': False, 'install_base': '/home/mark/thesis/install/slam_1_pc-process', 'merge_install': False, 'path': '/home/mark/thesis/src/slam_1_pc-process', 'symlink_install': False, 'test_result_base': None}
[0.351s] Level 5:colcon.colcon_core.verb:set package 'turtlebot3_gazebo' build argument 'cmake_args' from command line to 'None'
[0.351s] Level 5:colcon.colcon_core.verb:set package 'turtlebot3_gazebo' build argument 'cmake_target' from command line to 'None'
[0.351s] Level 5:colcon.colcon_core.verb:set package 'turtlebot3_gazebo' build argument 'cmake_target_skip_unavailable' from command line to 'False'
[0.351s] Level 5:colcon.colcon_core.verb:set package 'turtlebot3_gazebo' build argument 'cmake_clean_cache' from command line to 'False'
[0.351s] Level 5:colcon.colcon_core.verb:set package 'turtlebot3_gazebo' build argument 'cmake_clean_first' from command line to 'False'
[0.351s] Level 5:colcon.colcon_core.verb:set package 'turtlebot3_gazebo' build argument 'cmake_force_configure' from command line to 'False'
[0.352s] Level 5:colcon.colcon_core.verb:set package 'turtlebot3_gazebo' build argument 'ament_cmake_args' from command line to 'None'
[0.352s] Level 5:colcon.colcon_core.verb:set package 'turtlebot3_gazebo' build argument 'catkin_cmake_args' from command line to 'None'
[0.352s] Level 5:colcon.colcon_core.verb:set package 'turtlebot3_gazebo' build argument 'catkin_skip_building_tests' from command line to 'False'
[0.352s] DEBUG:colcon.colcon_core.verb:Building package 'turtlebot3_gazebo' with the following arguments: {'ament_cmake_args': None, 'build_base': '/home/mark/thesis/build/turtlebot3_gazebo', 'catkin_cmake_args': None, 'catkin_skip_building_tests': False, 'cmake_args': None, 'cmake_clean_cache': False, 'cmake_clean_first': False, 'cmake_force_configure': False, 'cmake_target': None, 'cmake_target_skip_unavailable': False, 'install_base': '/home/mark/thesis/install/turtlebot3_gazebo', 'merge_install': False, 'path': '/home/mark/thesis/src/turtlebot3_gazebo', 'symlink_install': False, 'test_result_base': None}
[0.352s] INFO:colcon.colcon_core.executor:Executing jobs using 'parallel' executor
[0.353s] DEBUG:colcon.colcon_parallel_executor.executor.parallel:run_until_complete
[0.353s] INFO:colcon.colcon_ros.task.ament_cmake.build:Building ROS package in '/home/mark/thesis/src/slam_0_bringup' with build type 'ament_cmake'
[0.354s] INFO:colcon.colcon_cmake.task.cmake.build:Building CMake package in '/home/mark/thesis/src/slam_0_bringup'
[0.356s] INFO:colcon.colcon_core.plugin_system:Skipping extension 'colcon_core.shell.bat': Not used on non-Windows systems
[0.357s] INFO:colcon.colcon_core.shell:Skip shell extension 'powershell' for command environment: Not usable outside of PowerShell
[0.357s] DEBUG:colcon.colcon_core.shell:Skip shell extension 'dsv' for command environment
[0.363s] INFO:colcon.colcon_ros.task.ament_cmake.build:Building ROS package in '/home/mark/thesis/src/slam_1_pc-process' with build type 'ament_cmake'
[0.364s] INFO:colcon.colcon_cmake.task.cmake.build:Building CMake package in '/home/mark/thesis/src/slam_1_pc-process'
[0.364s] INFO:colcon.colcon_core.shell:Skip shell extension 'powershell' for command environment: Not usable outside of PowerShell
[0.364s] DEBUG:colcon.colcon_core.shell:Skip shell extension 'dsv' for command environment
[0.372s] INFO:colcon.colcon_ros.task.ament_cmake.build:Building ROS package in '/home/mark/thesis/src/turtlebot3_gazebo' with build type 'ament_cmake'
[0.373s] INFO:colcon.colcon_cmake.task.cmake.build:Building CMake package in '/home/mark/thesis/src/turtlebot3_gazebo'
[0.373s] INFO:colcon.colcon_core.shell:Skip shell extension 'powershell' for command environment: Not usable outside of PowerShell
[0.374s] DEBUG:colcon.colcon_core.shell:Skip shell extension 'dsv' for command environment
[0.391s] DEBUG:colcon.colcon_core.event_handler.log_command:Invoking command in '/home/mark/thesis/build/slam_0_bringup': CMAKE_PREFIX_PATH=${CMAKE_PREFIX_PATH}:/home/mark/ros_ws/install/my_ros_01:/home/mark/ros_ws/install/my_package:/home/mark/ros_ws/install/lifecycle_py:/opt/ros/humble /usr/bin/cmake --build /home/mark/thesis/build/slam_0_bringup -- -j4 -l4
[0.398s] DEBUG:colcon.colcon_core.event_handler.log_command:Invoking command in '/home/mark/thesis/build/slam_1_pc-process': CMAKE_PREFIX_PATH=${CMAKE_PREFIX_PATH}:/home/mark/ros_ws/install/my_ros_01:/home/mark/ros_ws/install/my_package:/home/mark/ros_ws/install/lifecycle_py:/opt/ros/humble /usr/bin/cmake --build /home/mark/thesis/build/slam_1_pc-process -- -j4 -l4
[0.409s] DEBUG:colcon.colcon_core.event_handler.log_command:Invoking command in '/home/mark/thesis/build/turtlebot3_gazebo': CMAKE_PREFIX_PATH=${CMAKE_PREFIX_PATH}:/home/mark/ros_ws/install/my_ros_01:/home/mark/ros_ws/install/my_package:/home/mark/ros_ws/install/lifecycle_py:/opt/ros/humble /usr/bin/cmake --build /home/mark/thesis/build/turtlebot3_gazebo -- -j4 -l4
[0.472s] DEBUG:colcon.colcon_core.event_handler.log_command:Invoked command in '/home/mark/thesis/build/slam_0_bringup' returned '0': CMAKE_PREFIX_PATH=${CMAKE_PREFIX_PATH}:/home/mark/ros_ws/install/my_ros_01:/home/mark/ros_ws/install/my_package:/home/mark/ros_ws/install/lifecycle_py:/opt/ros/humble /usr/bin/cmake --build /home/mark/thesis/build/slam_0_bringup -- -j4 -l4
[0.565s] DEBUG:colcon.colcon_core.event_handler.log_command:Invoked command in '/home/mark/thesis/build/slam_1_pc-process' returned '0': CMAKE_PREFIX_PATH=${CMAKE_PREFIX_PATH}:/home/mark/ros_ws/install/my_ros_01:/home/mark/ros_ws/install/my_package:/home/mark/ros_ws/install/lifecycle_py:/opt/ros/humble /usr/bin/cmake --build /home/mark/thesis/build/slam_1_pc-process -- -j4 -l4
[0.592s] DEBUG:colcon.colcon_core.event_handler.log_command:Invoking command in '/home/mark/thesis/build/slam_0_bringup': CMAKE_PREFIX_PATH=${CMAKE_PREFIX_PATH}:/home/mark/ros_ws/install/my_ros_01:/home/mark/ros_ws/install/my_package:/home/mark/ros_ws/install/lifecycle_py:/opt/ros/humble /usr/bin/cmake --install /home/mark/thesis/build/slam_0_bringup
[0.620s] Level 1:colcon.colcon_core.environment:create_environment_scripts_only(slam_0_bringup)
[0.623s] DEBUG:colcon.colcon_core.event_handler.log_command:Invoked command in '/home/mark/thesis/build/slam_0_bringup' returned '0': CMAKE_PREFIX_PATH=${CMAKE_PREFIX_PATH}:/home/mark/ros_ws/install/my_ros_01:/home/mark/ros_ws/install/my_package:/home/mark/ros_ws/install/lifecycle_py:/opt/ros/humble /usr/bin/cmake --install /home/mark/thesis/build/slam_0_bringup
[0.626s] Level 1:colcon.colcon_core.environment:checking '/home/mark/thesis/install/slam_0_bringup' for CMake module files
[0.628s] Level 1:colcon.colcon_core.environment:checking '/home/mark/thesis/install/slam_0_bringup' for CMake config files
[0.628s] Level 1:colcon.colcon_core.shell:create_environment_hook('slam_0_bringup', 'cmake_prefix_path')
[0.629s] INFO:colcon.colcon_core.shell:Creating environment hook '/home/mark/thesis/install/slam_0_bringup/share/slam_0_bringup/hook/cmake_prefix_path.ps1'
[0.630s] INFO:colcon.colcon_core.shell:Creating environment descriptor '/home/mark/thesis/install/slam_0_bringup/share/slam_0_bringup/hook/cmake_prefix_path.dsv'
[0.631s] INFO:colcon.colcon_core.shell:Creating environment hook '/home/mark/thesis/install/slam_0_bringup/share/slam_0_bringup/hook/cmake_prefix_path.sh'
[0.633s] Level 1:colcon.colcon_core.environment:checking '/home/mark/thesis/install/slam_0_bringup/bin'
[0.633s] Level 1:colcon.colcon_core.environment:checking '/home/mark/thesis/install/slam_0_bringup/lib/pkgconfig/slam_0_bringup.pc'
[0.634s] Level 1:colcon.colcon_core.environment:checking '/home/mark/thesis/install/slam_0_bringup/lib/python3.10/site-packages'
[0.634s] Level 1:colcon.colcon_core.environment:checking '/home/mark/thesis/install/slam_0_bringup/bin'
[0.635s] INFO:colcon.colcon_core.shell:Creating package script '/home/mark/thesis/install/slam_0_bringup/share/slam_0_bringup/package.ps1'
[0.637s] INFO:colcon.colcon_core.shell:Creating package descriptor '/home/mark/thesis/install/slam_0_bringup/share/slam_0_bringup/package.dsv'
[0.638s] INFO:colcon.colcon_core.shell:Creating package script '/home/mark/thesis/install/slam_0_bringup/share/slam_0_bringup/package.sh'
[0.640s] INFO:colcon.colcon_core.shell:Creating package script '/home/mark/thesis/install/slam_0_bringup/share/slam_0_bringup/package.bash'
[0.642s] INFO:colcon.colcon_core.shell:Creating package script '/home/mark/thesis/install/slam_0_bringup/share/slam_0_bringup/package.zsh'
[0.643s] Level 1:colcon.colcon_core.environment:create_file_with_runtime_dependencies(/home/mark/thesis/install/slam_0_bringup/share/colcon-core/packages/slam_0_bringup)
[0.647s] DEBUG:colcon.colcon_core.event_handler.log_command:Invoked command in '/home/mark/thesis/build/turtlebot3_gazebo' returned '0': CMAKE_PREFIX_PATH=${CMAKE_PREFIX_PATH}:/home/mark/ros_ws/install/my_ros_01:/home/mark/ros_ws/install/my_package:/home/mark/ros_ws/install/lifecycle_py:/opt/ros/humble /usr/bin/cmake --build /home/mark/thesis/build/turtlebot3_gazebo -- -j4 -l4
[0.652s] DEBUG:colcon.colcon_core.event_handler.log_command:Invoking command in '/home/mark/thesis/build/slam_1_pc-process': CMAKE_PREFIX_PATH=${CMAKE_PREFIX_PATH}:/home/mark/ros_ws/install/my_ros_01:/home/mark/ros_ws/install/my_package:/home/mark/ros_ws/install/lifecycle_py:/opt/ros/humble /usr/bin/cmake --install /home/mark/thesis/build/slam_1_pc-process
[0.670s] Level 1:colcon.colcon_core.environment:create_environment_scripts_only(slam_1_pc-process)
[0.671s] Level 1:colcon.colcon_core.environment:checking '/home/mark/thesis/install/slam_1_pc-process' for CMake module files
[0.673s] Level 1:colcon.colcon_core.environment:checking '/home/mark/thesis/install/slam_1_pc-process' for CMake config files
[0.673s] Level 1:colcon.colcon_core.shell:create_environment_hook('slam_1_pc-process', 'cmake_prefix_path')
[0.674s] INFO:colcon.colcon_core.shell:Creating environment hook '/home/mark/thesis/install/slam_1_pc-process/share/slam_1_pc-process/hook/cmake_prefix_path.ps1'
[0.675s] INFO:colcon.colcon_core.shell:Creating environment descriptor '/home/mark/thesis/install/slam_1_pc-process/share/slam_1_pc-process/hook/cmake_prefix_path.dsv'
[0.675s] INFO:colcon.colcon_core.shell:Creating environment hook '/home/mark/thesis/install/slam_1_pc-process/share/slam_1_pc-process/hook/cmake_prefix_path.sh'
[0.677s] Level 1:colcon.colcon_core.environment:checking '/home/mark/thesis/install/slam_1_pc-process/lib'
[0.677s] Level 1:colcon.colcon_core.environment:checking '/home/mark/thesis/install/slam_1_pc-process/bin'
[0.677s] Level 1:colcon.colcon_core.environment:checking '/home/mark/thesis/install/slam_1_pc-process/lib/pkgconfig/slam_1_pc-process.pc'
[0.678s] Level 1:colcon.colcon_core.environment:checking '/home/mark/thesis/install/slam_1_pc-process/lib/python3.10/site-packages'
[0.678s] Level 1:colcon.colcon_core.environment:checking '/home/mark/thesis/install/slam_1_pc-process/bin'
[0.679s] INFO:colcon.colcon_core.shell:Creating package script '/home/mark/thesis/install/slam_1_pc-process/share/slam_1_pc-process/package.ps1'
[0.680s] INFO:colcon.colcon_core.shell:Creating package descriptor '/home/mark/thesis/install/slam_1_pc-process/share/slam_1_pc-process/package.dsv'
[0.681s] INFO:colcon.colcon_core.shell:Creating package script '/home/mark/thesis/install/slam_1_pc-process/share/slam_1_pc-process/package.sh'
[0.683s] DEBUG:colcon.colcon_core.event_handler.log_command:Invoked command in '/home/mark/thesis/build/slam_1_pc-process' returned '0': CMAKE_PREFIX_PATH=${CMAKE_PREFIX_PATH}:/home/mark/ros_ws/install/my_ros_01:/home/mark/ros_ws/install/my_package:/home/mark/ros_ws/install/lifecycle_py:/opt/ros/humble /usr/bin/cmake --install /home/mark/thesis/build/slam_1_pc-process
[0.684s] INFO:colcon.colcon_core.shell:Creating package script '/home/mark/thesis/install/slam_1_pc-process/share/slam_1_pc-process/package.bash'
[0.684s] INFO:colcon.colcon_core.shell:Creating package script '/home/mark/thesis/install/slam_1_pc-process/share/slam_1_pc-process/package.zsh'
[0.685s] Level 1:colcon.colcon_core.environment:create_file_with_runtime_dependencies(/home/mark/thesis/install/slam_1_pc-process/share/colcon-core/packages/slam_1_pc-process)
[0.691s] Level 1:colcon.colcon_core.environment:create_environment_scripts_only(slam_0_bringup)
[0.692s] Level 1:colcon.colcon_core.environment:checking '/home/mark/thesis/install/slam_0_bringup' for CMake module files
[0.693s] Level 1:colcon.colcon_core.environment:checking '/home/mark/thesis/install/slam_0_bringup' for CMake config files
[0.694s] Level 1:colcon.colcon_core.shell:create_environment_hook('slam_0_bringup', 'cmake_prefix_path')
[0.695s] INFO:colcon.colcon_core.shell:Creating environment hook '/home/mark/thesis/install/slam_0_bringup/share/slam_0_bringup/hook/cmake_prefix_path.ps1'
[0.696s] INFO:colcon.colcon_core.shell:Creating environment descriptor '/home/mark/thesis/install/slam_0_bringup/share/slam_0_bringup/hook/cmake_prefix_path.dsv'
[0.696s] INFO:colcon.colcon_core.shell:Creating environment hook '/home/mark/thesis/install/slam_0_bringup/share/slam_0_bringup/hook/cmake_prefix_path.sh'
[0.698s] Level 1:colcon.colcon_core.environment:checking '/home/mark/thesis/install/slam_0_bringup/bin'
[0.698s] Level 1:colcon.colcon_core.environment:checking '/home/mark/thesis/install/slam_0_bringup/lib/pkgconfig/slam_0_bringup.pc'
[0.699s] Level 1:colcon.colcon_core.environment:checking '/home/mark/thesis/install/slam_0_bringup/lib/python3.10/site-packages'
[0.699s] Level 1:colcon.colcon_core.environment:checking '/home/mark/thesis/install/slam_0_bringup/bin'
[0.703s] INFO:colcon.colcon_core.shell:Creating package script '/home/mark/thesis/install/slam_0_bringup/share/slam_0_bringup/package.ps1'
[0.704s] INFO:colcon.colcon_core.shell:Creating package descriptor '/home/mark/thesis/install/slam_0_bringup/share/slam_0_bringup/package.dsv'
[0.706s] INFO:colcon.colcon_core.shell:Creating package script '/home/mark/thesis/install/slam_0_bringup/share/slam_0_bringup/package.sh'
[0.706s] INFO:colcon.colcon_core.shell:Creating package script '/home/mark/thesis/install/slam_0_bringup/share/slam_0_bringup/package.bash'
[0.707s] INFO:colcon.colcon_core.shell:Creating package script '/home/mark/thesis/install/slam_0_bringup/share/slam_0_bringup/package.zsh'
[0.708s] Level 1:colcon.colcon_core.environment:create_file_with_runtime_dependencies(/home/mark/thesis/install/slam_0_bringup/share/colcon-core/packages/slam_0_bringup)
[0.758s] DEBUG:colcon.colcon_core.event_handler.log_command:Invoking command in '/home/mark/thesis/build/turtlebot3_gazebo': CMAKE_PREFIX_PATH=${CMAKE_PREFIX_PATH}:/home/mark/ros_ws/install/my_ros_01:/home/mark/ros_ws/install/my_package:/home/mark/ros_ws/install/lifecycle_py:/opt/ros/humble /usr/bin/cmake --install /home/mark/thesis/build/turtlebot3_gazebo
[0.805s] Level 1:colcon.colcon_core.environment:create_environment_scripts_only(turtlebot3_gazebo)
[0.805s] Level 1:colcon.colcon_core.environment:checking '/home/mark/thesis/install/turtlebot3_gazebo' for CMake module files
[0.807s] Level 1:colcon.colcon_core.environment:checking '/home/mark/thesis/install/turtlebot3_gazebo' for CMake config files
[0.807s] Level 1:colcon.colcon_core.shell:create_environment_hook('turtlebot3_gazebo', 'cmake_prefix_path')
[0.808s] INFO:colcon.colcon_core.shell:Creating environment hook '/home/mark/thesis/install/turtlebot3_gazebo/share/turtlebot3_gazebo/hook/cmake_prefix_path.ps1'
[0.809s] INFO:colcon.colcon_core.shell:Creating environment descriptor '/home/mark/thesis/install/turtlebot3_gazebo/share/turtlebot3_gazebo/hook/cmake_prefix_path.dsv'
[0.814s] INFO:colcon.colcon_core.shell:Creating environment hook '/home/mark/thesis/install/turtlebot3_gazebo/share/turtlebot3_gazebo/hook/cmake_prefix_path.sh'
[0.816s] Level 1:colcon.colcon_core.environment:checking '/home/mark/thesis/install/turtlebot3_gazebo/lib'
[0.816s] Level 1:colcon.colcon_core.environment:checking '/home/mark/thesis/install/turtlebot3_gazebo/bin'
[0.816s] Level 1:colcon.colcon_core.environment:checking '/home/mark/thesis/install/turtlebot3_gazebo/lib/pkgconfig/turtlebot3_gazebo.pc'
[0.817s] Level 1:colcon.colcon_core.environment:checking '/home/mark/thesis/install/turtlebot3_gazebo/lib/python3.10/site-packages'
[0.817s] Level 1:colcon.colcon_core.environment:checking '/home/mark/thesis/install/turtlebot3_gazebo/bin'
[0.818s] INFO:colcon.colcon_core.shell:Creating package script '/home/mark/thesis/install/turtlebot3_gazebo/share/turtlebot3_gazebo/package.ps1'
[0.822s] INFO:colcon.colcon_core.shell:Creating package descriptor '/home/mark/thesis/install/turtlebot3_gazebo/share/turtlebot3_gazebo/package.dsv'
[0.824s] INFO:colcon.colcon_core.shell:Creating package script '/home/mark/thesis/install/turtlebot3_gazebo/share/turtlebot3_gazebo/package.sh'
[0.827s] INFO:colcon.colcon_core.shell:Creating package script '/home/mark/thesis/install/turtlebot3_gazebo/share/turtlebot3_gazebo/package.bash'
[0.831s] INFO:colcon.colcon_core.shell:Creating package script '/home/mark/thesis/install/turtlebot3_gazebo/share/turtlebot3_gazebo/package.zsh'
[0.843s] Level 1:colcon.colcon_core.environment:create_file_with_runtime_dependencies(/home/mark/thesis/install/turtlebot3_gazebo/share/colcon-core/packages/turtlebot3_gazebo)
[0.842s] DEBUG:colcon.colcon_core.event_handler.log_command:Invoked command in '/home/mark/thesis/build/turtlebot3_gazebo' returned '0': CMAKE_PREFIX_PATH=${CMAKE_PREFIX_PATH}:/home/mark/ros_ws/install/my_ros_01:/home/mark/ros_ws/install/my_package:/home/mark/ros_ws/install/lifecycle_py:/opt/ros/humble /usr/bin/cmake --install /home/mark/thesis/build/turtlebot3_gazebo
[0.860s] Level 1:colcon.colcon_core.environment:create_environment_scripts_only(slam_1_pc-process)
[0.861s] Level 1:colcon.colcon_core.environment:checking '/home/mark/thesis/install/slam_1_pc-process' for CMake module files
[0.863s] Level 1:colcon.colcon_core.environment:checking '/home/mark/thesis/install/slam_1_pc-process' for CMake config files
[0.863s] Level 1:colcon.colcon_core.shell:create_environment_hook('slam_1_pc-process', 'cmake_prefix_path')
[0.864s] INFO:colcon.colcon_core.shell:Creating environment hook '/home/mark/thesis/install/slam_1_pc-process/share/slam_1_pc-process/hook/cmake_prefix_path.ps1'
[0.865s] INFO:colcon.colcon_core.shell:Creating environment descriptor '/home/mark/thesis/install/slam_1_pc-process/share/slam_1_pc-process/hook/cmake_prefix_path.dsv'
[0.866s] INFO:colcon.colcon_core.shell:Creating environment hook '/home/mark/thesis/install/slam_1_pc-process/share/slam_1_pc-process/hook/cmake_prefix_path.sh'
[0.867s] Level 1:colcon.colcon_core.environment:checking '/home/mark/thesis/install/slam_1_pc-process/lib'
[0.868s] Level 1:colcon.colcon_core.environment:checking '/home/mark/thesis/install/slam_1_pc-process/bin'
[0.868s] Level 1:colcon.colcon_core.environment:checking '/home/mark/thesis/install/slam_1_pc-process/lib/pkgconfig/slam_1_pc-process.pc'
[0.874s] Level 1:colcon.colcon_core.environment:checking '/home/mark/thesis/install/slam_1_pc-process/lib/python3.10/site-packages'
[0.875s] Level 1:colcon.colcon_core.environment:checking '/home/mark/thesis/install/slam_1_pc-process/bin'
[0.876s] INFO:colcon.colcon_core.shell:Creating package script '/home/mark/thesis/install/slam_1_pc-process/share/slam_1_pc-process/package.ps1'
[0.878s] INFO:colcon.colcon_core.shell:Creating package descriptor '/home/mark/thesis/install/slam_1_pc-process/share/slam_1_pc-process/package.dsv'
[0.882s] INFO:colcon.colcon_core.shell:Creating package script '/home/mark/thesis/install/slam_1_pc-process/share/slam_1_pc-process/package.sh'
[0.884s] INFO:colcon.colcon_core.shell:Creating package script '/home/mark/thesis/install/slam_1_pc-process/share/slam_1_pc-process/package.bash'
[0.890s] INFO:colcon.colcon_core.shell:Creating package script '/home/mark/thesis/install/slam_1_pc-process/share/slam_1_pc-process/package.zsh'
[0.892s] Level 1:colcon.colcon_core.environment:create_file_with_runtime_dependencies(/home/mark/thesis/install/slam_1_pc-process/share/colcon-core/packages/slam_1_pc-process)
[0.989s] Level 1:colcon.colcon_core.environment:create_environment_scripts_only(turtlebot3_gazebo)
[0.990s] Level 1:colcon.colcon_core.environment:checking '/home/mark/thesis/install/turtlebot3_gazebo' for CMake module files
[0.991s] Level 1:colcon.colcon_core.environment:checking '/home/mark/thesis/install/turtlebot3_gazebo' for CMake config files
[0.992s] Level 1:colcon.colcon_core.shell:create_environment_hook('turtlebot3_gazebo', 'cmake_prefix_path')
[0.992s] INFO:colcon.colcon_core.shell:Creating environment hook '/home/mark/thesis/install/turtlebot3_gazebo/share/turtlebot3_gazebo/hook/cmake_prefix_path.ps1'
[0.993s] INFO:colcon.colcon_core.shell:Creating environment descriptor '/home/mark/thesis/install/turtlebot3_gazebo/share/turtlebot3_gazebo/hook/cmake_prefix_path.dsv'
[0.994s] INFO:colcon.colcon_core.shell:Creating environment hook '/home/mark/thesis/install/turtlebot3_gazebo/share/turtlebot3_gazebo/hook/cmake_prefix_path.sh'
[0.995s] Level 1:colcon.colcon_core.environment:checking '/home/mark/thesis/install/turtlebot3_gazebo/lib'
[0.995s] Level 1:colcon.colcon_core.environment:checking '/home/mark/thesis/install/turtlebot3_gazebo/bin'
[0.995s] Level 1:colcon.colcon_core.environment:checking '/home/mark/thesis/install/turtlebot3_gazebo/lib/pkgconfig/turtlebot3_gazebo.pc'
[0.996s] Level 1:colcon.colcon_core.environment:checking '/home/mark/thesis/install/turtlebot3_gazebo/lib/python3.10/site-packages'
[0.997s] Level 1:colcon.colcon_core.environment:checking '/home/mark/thesis/install/turtlebot3_gazebo/bin'
[0.997s] INFO:colcon.colcon_core.shell:Creating package script '/home/mark/thesis/install/turtlebot3_gazebo/share/turtlebot3_gazebo/package.ps1'
[0.998s] INFO:colcon.colcon_core.shell:Creating package descriptor '/home/mark/thesis/install/turtlebot3_gazebo/share/turtlebot3_gazebo/package.dsv'
[0.999s] INFO:colcon.colcon_core.shell:Creating package script '/home/mark/thesis/install/turtlebot3_gazebo/share/turtlebot3_gazebo/package.sh'
[1.000s] INFO:colcon.colcon_core.shell:Creating package script '/home/mark/thesis/install/turtlebot3_gazebo/share/turtlebot3_gazebo/package.bash'
[1.001s] INFO:colcon.colcon_core.shell:Creating package script '/home/mark/thesis/install/turtlebot3_gazebo/share/turtlebot3_gazebo/package.zsh'
[1.002s] Level 1:colcon.colcon_core.environment:create_file_with_runtime_dependencies(/home/mark/thesis/install/turtlebot3_gazebo/share/colcon-core/packages/turtlebot3_gazebo)
[1.002s] DEBUG:colcon.colcon_parallel_executor.executor.parallel:closing loop
[1.003s] DEBUG:colcon.colcon_parallel_executor.executor.parallel:loop closed
[1.003s] DEBUG:colcon.colcon_parallel_executor.executor.parallel:run_until_complete finished with '0'
[1.004s] DEBUG:colcon.colcon_core.event_reactor:joining thread
[1.012s] INFO:colcon.colcon_core.plugin_system:Skipping extension 'colcon_notification.desktop_notification.terminal_notifier': Not used on non-Darwin systems
[1.012s] INFO:colcon.colcon_core.plugin_system:Skipping extension 'colcon_notification.desktop_notification.win32': Not used on non-Windows systems
[1.012s] INFO:colcon.colcon_notification.desktop_notification:Sending desktop notification using 'notify2'
[1.036s] DEBUG:colcon.colcon_core.event_reactor:joined thread
[1.037s] INFO:colcon.colcon_core.shell:Creating prefix script '/home/mark/thesis/install/local_setup.ps1'
[1.039s] INFO:colcon.colcon_core.shell:Creating prefix util module '/home/mark/thesis/install/_local_setup_util_ps1.py'
[1.043s] INFO:colcon.colcon_core.shell:Creating prefix chain script '/home/mark/thesis/install/setup.ps1'
[1.047s] INFO:colcon.colcon_core.shell:Creating prefix script '/home/mark/thesis/install/local_setup.sh'
[1.048s] INFO:colcon.colcon_core.shell:Creating prefix util module '/home/mark/thesis/install/_local_setup_util_sh.py'
[1.050s] INFO:colcon.colcon_core.shell:Creating prefix chain script '/home/mark/thesis/install/setup.sh'
[1.052s] INFO:colcon.colcon_core.shell:Creating prefix script '/home/mark/thesis/install/local_setup.bash'
[1.053s] INFO:colcon.colcon_core.shell:Creating prefix chain script '/home/mark/thesis/install/setup.bash'
[1.055s] INFO:colcon.colcon_core.shell:Creating prefix script '/home/mark/thesis/install/local_setup.zsh'
[1.056s] INFO:colcon.colcon_core.shell:Creating prefix chain script '/home/mark/thesis/install/setup.zsh'
