[0.028s] Invoking command in '/home/mark/thesis/build/slam_1_pc-process': CMAKE_PREFIX_PATH=${CMAKE_PREFIX_PATH}:/home/mark/ros_ws/install/my_ros_01:/home/mark/ros_ws/install/my_package:/home/mark/ros_ws/install/lifecycle_py:/opt/ros/humble /usr/bin/cmake --build /home/mark/thesis/build/slam_1_pc-process -- -j4 -l4
[0.078s] -- Found ament_cmake: 1.3.9 (/opt/ros/humble/share/ament_cmake/cmake)
[0.353s] -- Eigen found (include: /usr/include/eigen3, version: 3.4.0)
[0.434s] -- FLANN found (include: /usr/include, lib: /usr/lib/x86_64-linux-gnu/libflann_cpp.so)
[1.112s] -- OpenNI found (version: 1.5.4.0, include: /usr/include/ni, lib: /usr/lib/libOpenNI.so;libusb::libusb)
[1.122s] -- OpenNI2 found (version: 2.2.0.33, include: /usr/include/openni2, lib: /usr/lib/x86_64-linux-gnu/libOpenNI2.so;libusb::libusb)
[1.123s] [0m** WARNING ** io features related to pcap will be disabled[0m
[1.472s] -- Eigen found (include: /usr/include/eigen3, version: 3.4.0)
[1.482s] -- OpenNI found (version: 1.5.4.0, include: /usr/include/ni, lib: /usr/lib/libOpenNI.so;libusb::libusb)
[1.492s] -- OpenNI2 found (version: 2.2.0.33, include: /usr/include/openni2, lib: /usr/lib/x86_64-linux-gnu/libOpenNI2.so;libusb::libusb)
[1.806s] -- Found Qhull version 8.0.2
[2.107s] -- OpenNI found (version: 1.5.4.0, include: /usr/include/ni, lib: /usr/lib/libOpenNI.so;libusb::libusb)
[2.353s] -- looking for PCL_COMMON
[2.354s] -- looking for PCL_KDTREE
[2.354s] -- looking for PCL_OCTREE
[2.355s] -- looking for PCL_SEARCH
[2.356s] -- looking for PCL_SAMPLE_CONSENSUS
[2.356s] -- looking for PCL_FILTERS
[2.357s] -- looking for PCL_2D
[2.358s] -- looking for PCL_GEOMETRY
[2.359s] -- looking for PCL_IO
[2.361s] -- looking for PCL_FEATURES
[2.362s] -- looking for PCL_ML
[2.364s] -- looking for PCL_SEGMENTATION
[2.365s] -- looking for PCL_VISUALIZATION
[2.367s] -- looking for PCL_SURFACE
[2.369s] -- looking for PCL_REGISTRATION
[2.370s] -- looking for PCL_KEYPOINTS
[2.372s] -- looking for PCL_TRACKING
[2.373s] -- looking for PCL_RECOGNITION
[2.375s] -- looking for PCL_STEREO
[2.377s] -- looking for PCL_APPS
[2.379s] -- looking for PCL_IN_HAND_SCANNER
[2.381s] -- looking for PCL_MODELER
[2.382s] -- looking for PCL_POINT_CLOUD_EDITOR
[2.383s] -- looking for PCL_OUTOFCORE
[2.384s] -- looking for PCL_PEOPLE
[2.400s] -- Found rclcpp: 16.0.9 (/opt/ros/humble/share/rclcpp/cmake)
[2.467s] -- Found rosidl_generator_c: 3.1.5 (/opt/ros/humble/share/rosidl_generator_c/cmake)
[2.473s] -- Found rosidl_adapter: 3.1.5 (/opt/ros/humble/share/rosidl_adapter/cmake)
[2.490s] -- Found rosidl_generator_cpp: 3.1.5 (/opt/ros/humble/share/rosidl_generator_cpp/cmake)
[2.522s] -- Using all available rosidl_typesupport_c: rosidl_typesupport_fastrtps_c;rosidl_typesupport_introspection_c
[2.565s] -- Using all available rosidl_typesupport_cpp: rosidl_typesupport_fastrtps_cpp;rosidl_typesupport_introspection_cpp
[2.714s] -- Found rmw_implementation_cmake: 6.1.2 (/opt/ros/humble/share/rmw_implementation_cmake/cmake)
[2.717s] -- Found rmw_fastrtps_cpp: 6.2.6 (/opt/ros/humble/share/rmw_fastrtps_cpp/cmake)
[2.926s] -- Using RMW implementation 'rmw_fastrtps_cpp' as default
[3.323s] -- Configuring done
[3.397s] -- Generating done
[3.403s] -- Build files have been written to: /home/mark/thesis/build/slam_1_pc-process
[3.492s] [ 25%] [32mBuilding CXX object CMakeFiles/1_import_pcd.dir/src/1_import_pcd.cpp.o[0m
[3.493s] [ 50%] [32mBuilding CXX object CMakeFiles/2_manual_pcd.dir/src/2_manual_pcd.cpp.o[0m
[11.129s] [ 75%] [32m[1mLinking CXX executable 2_manual_pcd[0m
[11.350s] [100%] [32m[1mLinking CXX executable 1_import_pcd[0m
[11.783s] [100%] Built target 2_manual_pcd
[11.940s] [100%] Built target 1_import_pcd
[11.957s] Invoked command in '/home/mark/thesis/build/slam_1_pc-process' returned '0': CMAKE_PREFIX_PATH=${CMAKE_PREFIX_PATH}:/home/mark/ros_ws/install/my_ros_01:/home/mark/ros_ws/install/my_package:/home/mark/ros_ws/install/lifecycle_py:/opt/ros/humble /usr/bin/cmake --build /home/mark/thesis/build/slam_1_pc-process -- -j4 -l4
[12.016s] Invoking command in '/home/mark/thesis/build/slam_1_pc-process': CMAKE_PREFIX_PATH=${CMAKE_PREFIX_PATH}:/home/mark/ros_ws/install/my_ros_01:/home/mark/ros_ws/install/my_package:/home/mark/ros_ws/install/lifecycle_py:/opt/ros/humble /usr/bin/cmake --install /home/mark/thesis/build/slam_1_pc-process
[12.027s] -- Install configuration: ""
[12.028s] -- Installing: /home/mark/thesis/install/slam_1_pc-process/lib/slam_1_pc-process/1_import_pcd
[12.028s] -- Installing: /home/mark/thesis/install/slam_1_pc-process/lib/slam_1_pc-process/2_manual_pcd
[12.029s] -- Up-to-date: /home/mark/thesis/install/slam_1_pc-process/share/slam_1_pc-process/
[12.029s] -- Up-to-date: /home/mark/thesis/install/slam_1_pc-process/share/ament_index/resource_index/package_run_dependencies/slam_1_pc-process
[12.030s] -- Up-to-date: /home/mark/thesis/install/slam_1_pc-process/share/ament_index/resource_index/parent_prefix_path/slam_1_pc-process
[12.031s] -- Up-to-date: /home/mark/thesis/install/slam_1_pc-process/share/slam_1_pc-process/environment/ament_prefix_path.sh
[12.031s] -- Installing: /home/mark/thesis/install/slam_1_pc-process/share/slam_1_pc-process/environment/ament_prefix_path.dsv
[12.032s] -- Up-to-date: /home/mark/thesis/install/slam_1_pc-process/share/slam_1_pc-process/environment/path.sh
[12.032s] -- Installing: /home/mark/thesis/install/slam_1_pc-process/share/slam_1_pc-process/environment/path.dsv
[12.032s] -- Up-to-date: /home/mark/thesis/install/slam_1_pc-process/share/slam_1_pc-process/local_setup.bash
[12.032s] -- Up-to-date: /home/mark/thesis/install/slam_1_pc-process/share/slam_1_pc-process/local_setup.sh
[12.032s] -- Up-to-date: /home/mark/thesis/install/slam_1_pc-process/share/slam_1_pc-process/local_setup.zsh
[12.033s] -- Installing: /home/mark/thesis/install/slam_1_pc-process/share/slam_1_pc-process/local_setup.dsv
[12.033s] -- Installing: /home/mark/thesis/install/slam_1_pc-process/share/slam_1_pc-process/package.dsv
[12.033s] -- Up-to-date: /home/mark/thesis/install/slam_1_pc-process/share/ament_index/resource_index/packages/slam_1_pc-process
[12.035s] -- Up-to-date: /home/mark/thesis/install/slam_1_pc-process/share/slam_1_pc-process/cmake/slam_1_pc-processConfig.cmake
[12.036s] -- Up-to-date: /home/mark/thesis/install/slam_1_pc-process/share/slam_1_pc-process/cmake/slam_1_pc-processConfig-version.cmake
[12.036s] -- Up-to-date: /home/mark/thesis/install/slam_1_pc-process/share/slam_1_pc-process/package.xml
[12.037s] Invoked command in '/home/mark/thesis/build/slam_1_pc-process' returned '0': CMAKE_PREFIX_PATH=${CMAKE_PREFIX_PATH}:/home/mark/ros_ws/install/my_ros_01:/home/mark/ros_ws/install/my_package:/home/mark/ros_ws/install/lifecycle_py:/opt/ros/humble /usr/bin/cmake --install /home/mark/thesis/build/slam_1_pc-process
