[0.019s] Invoking command in '/home/mark/thesis/build/point-cloud-process': CMAKE_PREFIX_PATH=${CMAKE_PREFIX_PATH}:/home/mark/ros_ws/install/my_ros_01:/home/mark/ros_ws/install/my_package:/home/mark/ros_ws/install/lifecycle_py:/opt/ros/humble /usr/bin/cmake /home/mark/thesis/src/point-cloud-process -DCMAKE_INSTALL_PREFIX=/home/mark/thesis/install/point-cloud-process
[0.133s] -- The C compiler identification is GNU 11.4.0
[0.215s] -- The CXX compiler identification is GNU 11.4.0
[0.227s] -- Detecting C compiler ABI info
[0.365s] -- Detecting C compiler ABI info - done
[0.387s] -- Check for working C compiler: /usr/bin/cc - skipped
[0.387s] -- Detecting C compile features
[0.388s] -- Detecting C compile features - done
[0.393s] -- Detecting CXX compiler ABI info
[0.514s] -- Detecting CXX compiler ABI info - done
[0.533s] -- Check for working CXX compiler: /usr/bin/c++ - skipped
[0.533s] -- Detecting CXX compile features
[0.534s] -- Detecting CXX compile features - done
[0.542s] -- Found ament_cmake: 1.3.9 (/opt/ros/humble/share/ament_cmake/cmake)
[1.203s] -- Found Python3: /usr/bin/python3 (found version "3.10.12") found components: Interpreter 
[1.395s] -- Checking for module 'eigen3'
[1.411s] --   Found eigen3, version 3.4.0
[1.464s] -- Found Eigen: /usr/include/eigen3 (Required is at least version "3.1") 
[1.464s] -- Eigen found (include: /usr/include/eigen3, version: 3.4.0)
[1.508s] -- Found Boost: /usr/lib/x86_64-linux-gnu/cmake/Boost-1.74.0/BoostConfig.cmake (found suitable version "1.74.0", minimum required is "1.65.0") found components: system filesystem date_time iostreams serialization 
[1.531s] -- Checking for module 'flann'
[1.552s] --   Found flann, version 1.9.1
[1.622s] -- Found FLANN: /usr/lib/x86_64-linux-gnu/libflann_cpp.so  
[1.622s] -- FLANN found (include: /usr/include, lib: /usr/lib/x86_64-linux-gnu/libflann_cpp.so)
[1.673s] -- Looking for pthread.h
[1.820s] -- Looking for pthread.h - found
[1.821s] -- Performing Test CMAKE_HAVE_LIBC_PTHREAD
[1.929s] -- Performing Test CMAKE_HAVE_LIBC_PTHREAD - Success
[1.931s] -- Found Threads: TRUE  
[1.934s] -- Found GLEW: /usr/lib/x86_64-linux-gnu/libGLEW.so  
[1.944s] -- Found OpenGL: /usr/lib/x86_64-linux-gnu/libOpenGL.so  found components: OpenGL GLX 
[2.154s] -- Found MPI_C: /usr/lib/x86_64-linux-gnu/libmpi.so (found version "3.1") 
[2.154s] -- Found MPI: TRUE (found version "3.1") found components: C 
[2.158s] -- Found JsonCpp: /usr/lib/x86_64-linux-gnu/libjsoncpp.so (found suitable version "1.9.5", minimum required is "0.7.0") 
[2.174s] -- Found ZLIB: /usr/lib/x86_64-linux-gnu/libz.so (found version "1.2.11") 
[2.199s] -- Found PNG: /usr/lib/x86_64-linux-gnu/libpng.so (found version "1.6.37") 
[2.217s] -- Found Eigen3: /usr/include/eigen3 (found version "3.4.0") 
[2.352s] -- Found X11: /usr/include   
[2.353s] -- Looking for XOpenDisplay in /usr/lib/x86_64-linux-gnu/libX11.so;/usr/lib/x86_64-linux-gnu/libXext.so
[2.456s] -- Looking for XOpenDisplay in /usr/lib/x86_64-linux-gnu/libX11.so;/usr/lib/x86_64-linux-gnu/libXext.so - found
[2.456s] -- Looking for gethostbyname
[2.550s] -- Looking for gethostbyname - found
[2.550s] -- Looking for connect
[2.647s] -- Looking for connect - found
[2.648s] -- Looking for remove
[2.751s] -- Looking for remove - found
[2.751s] -- Looking for shmat
[2.848s] -- Looking for shmat - found
[2.848s] -- Looking for IceConnectionNumber in ICE
[2.947s] -- Looking for IceConnectionNumber in ICE - found
[3.088s] -- Found EXPAT: /usr/lib/x86_64-linux-gnu/libexpat.so (found version "2.4.7") 
[3.091s] -- Found double-conversion: /usr/lib/x86_64-linux-gnu/libdouble-conversion.so  
[3.095s] -- Found LZ4: /usr/lib/x86_64-linux-gnu/liblz4.so (found version "1.9.3") 
[3.097s] -- Found LZMA: /usr/lib/x86_64-linux-gnu/liblzma.so (found version "5.2.5") 
[3.119s] -- Found JPEG: /usr/lib/x86_64-linux-gnu/libjpeg.so (found version "80") 
[3.131s] -- Found TIFF: /usr/lib/x86_64-linux-gnu/libtiff.so (found version "4.3.0")  
[3.140s] -- Found Freetype: /usr/lib/x86_64-linux-gnu/libfreetype.so (found version "2.11.1") 
[3.151s] -- Found utf8cpp: /usr/include/utf8cpp  
[3.383s] -- Checking for module 'libusb-1.0'
[3.402s] --   Found libusb-1.0, version 1.0.25
[3.455s] -- Found libusb: /usr/lib/x86_64-linux-gnu/libusb-1.0.so  
[3.457s] -- Found OpenNI: /usr/lib/libOpenNI.so;libusb::libusb (found version "1.5.4.0") 
[3.457s] -- OpenNI found (version: 1.5.4.0, include: /usr/include/ni, lib: /usr/lib/libOpenNI.so;libusb::libusb)
[3.545s] -- Found OpenNI2: /usr/lib/x86_64-linux-gnu/libOpenNI2.so;libusb::libusb (found version "2.2.0.33") 
[3.546s] -- OpenNI2 found (version: 2.2.0.33, include: /usr/include/openni2, lib: /usr/lib/x86_64-linux-gnu/libOpenNI2.so;libusb::libusb)
[3.546s] [0m** WARNING ** io features related to pcap will be disabled[0m
[3.842s] -- Eigen found (include: /usr/include/eigen3, version: 3.4.0)
[3.854s] -- OpenNI found (version: 1.5.4.0, include: /usr/include/ni, lib: /usr/lib/libOpenNI.so;libusb::libusb)
[3.864s] -- OpenNI2 found (version: 2.2.0.33, include: /usr/include/openni2, lib: /usr/lib/x86_64-linux-gnu/libOpenNI2.so;libusb::libusb)
[4.223s] -- Found Qhull version 8.0.2
[4.489s] -- OpenNI found (version: 1.5.4.0, include: /usr/include/ni, lib: /usr/lib/libOpenNI.so;libusb::libusb)
[4.703s] -- looking for PCL_COMMON
[4.704s] -- Found PCL_COMMON: /usr/lib/x86_64-linux-gnu/libpcl_common.so  
[4.704s] -- looking for PCL_KDTREE
[4.706s] -- Found PCL_KDTREE: /usr/lib/x86_64-linux-gnu/libpcl_kdtree.so  
[4.706s] -- looking for PCL_OCTREE
[4.708s] -- Found PCL_OCTREE: /usr/lib/x86_64-linux-gnu/libpcl_octree.so  
[4.708s] -- looking for PCL_SEARCH
[4.710s] -- Found PCL_SEARCH: /usr/lib/x86_64-linux-gnu/libpcl_search.so  
[4.710s] -- looking for PCL_SAMPLE_CONSENSUS
[4.712s] -- Found PCL_SAMPLE_CONSENSUS: /usr/lib/x86_64-linux-gnu/libpcl_sample_consensus.so  
[4.712s] -- looking for PCL_FILTERS
[4.713s] -- Found PCL_FILTERS: /usr/lib/x86_64-linux-gnu/libpcl_filters.so  
[4.714s] -- looking for PCL_2D
[4.714s] -- Found PCL_2D: /usr/include/pcl-1.12  
[4.714s] -- looking for PCL_GEOMETRY
[4.715s] -- Found PCL_GEOMETRY: /usr/include/pcl-1.12  
[4.715s] -- looking for PCL_IO
[4.716s] -- Found PCL_IO: /usr/lib/x86_64-linux-gnu/libpcl_io.so  
[4.717s] -- looking for PCL_FEATURES
[4.718s] -- Found PCL_FEATURES: /usr/lib/x86_64-linux-gnu/libpcl_features.so  
[4.719s] -- looking for PCL_ML
[4.720s] -- Found PCL_ML: /usr/lib/x86_64-linux-gnu/libpcl_ml.so  
[4.720s] -- looking for PCL_SEGMENTATION
[4.722s] -- Found PCL_SEGMENTATION: /usr/lib/x86_64-linux-gnu/libpcl_segmentation.so  
[4.723s] -- looking for PCL_VISUALIZATION
[4.725s] -- Found PCL_VISUALIZATION: /usr/lib/x86_64-linux-gnu/libpcl_visualization.so  
[4.725s] -- looking for PCL_SURFACE
[4.728s] -- Found PCL_SURFACE: /usr/lib/x86_64-linux-gnu/libpcl_surface.so  
[4.728s] -- looking for PCL_REGISTRATION
[4.732s] -- Found PCL_REGISTRATION: /usr/lib/x86_64-linux-gnu/libpcl_registration.so  
[4.732s] -- looking for PCL_KEYPOINTS
[4.737s] -- Found PCL_KEYPOINTS: /usr/lib/x86_64-linux-gnu/libpcl_keypoints.so  
[4.737s] -- looking for PCL_TRACKING
[4.740s] -- Found PCL_TRACKING: /usr/lib/x86_64-linux-gnu/libpcl_tracking.so  
[4.740s] -- looking for PCL_RECOGNITION
[4.743s] -- Found PCL_RECOGNITION: /usr/lib/x86_64-linux-gnu/libpcl_recognition.so  
[4.743s] -- looking for PCL_STEREO
[4.747s] -- Found PCL_STEREO: /usr/lib/x86_64-linux-gnu/libpcl_stereo.so  
[4.748s] -- looking for PCL_APPS
[4.750s] -- Found PCL_APPS: /usr/lib/x86_64-linux-gnu/libpcl_apps.so  
[4.752s] -- looking for PCL_IN_HAND_SCANNER
[4.753s] -- Found PCL_IN_HAND_SCANNER: /usr/include/pcl-1.12  
[4.753s] -- looking for PCL_MODELER
[4.754s] -- Found PCL_MODELER: /usr/include/pcl-1.12  
[4.754s] -- looking for PCL_POINT_CLOUD_EDITOR
[4.755s] -- Found PCL_POINT_CLOUD_EDITOR: /usr/include/pcl-1.12  
[4.755s] -- looking for PCL_OUTOFCORE
[4.759s] -- Found PCL_OUTOFCORE: /usr/lib/x86_64-linux-gnu/libpcl_outofcore.so  
[4.760s] -- looking for PCL_PEOPLE
[4.762s] -- Found PCL_PEOPLE: /usr/lib/x86_64-linux-gnu/libpcl_people.so  
[4.763s] -- Found PCL: pcl_common;pcl_kdtree;pcl_octree;pcl_search;pcl_sample_consensus;pcl_filters;pcl_io;pcl_features;pcl_ml;pcl_segmentation;pcl_visualization;pcl_surface;pcl_registration;pcl_keypoints;pcl_tracking;pcl_recognition;pcl_stereo;pcl_apps;pcl_outofcore;pcl_people;Boost::system;Boost::filesystem;Boost::date_time;Boost::iostreams;Boost::serialization;/usr/lib/libOpenNI.so;libusb::libusb;/usr/lib/x86_64-linux-gnu/libOpenNI2.so;libusb::libusb;VTK::ChartsCore;VTK::CommonColor;VTK::CommonComputationalGeometry;VTK::CommonCore;VTK::CommonDataModel;VTK::CommonExecutionModel;VTK::CommonMath;VTK::CommonMisc;VTK::CommonTransforms;VTK::FiltersCore;VTK::FiltersExtraction;VTK::FiltersGeneral;VTK::FiltersGeometry;VTK::FiltersModeling;VTK::FiltersSources;VTK::ImagingCore;VTK::ImagingSources;VTK::InteractionImage;VTK::InteractionStyle;VTK::InteractionWidgets;VTK::IOCore;VTK::IOGeometry;VTK::IOImage;VTK::IOLegacy;VTK::IOPLY;VTK::RenderingAnnotation;VTK::RenderingCore;VTK::RenderingContext2D;VTK::RenderingLOD;VTK::RenderingFreeType;VTK::ViewsCore;VTK::ViewsContext2D;VTK::RenderingOpenGL2;VTK::GUISupportQt;FLANN::FLANN;QHULL::QHULL  
[4.917s] -- Configuring done
[4.985s] -- Generating done
[4.990s] -- Build files have been written to: /home/mark/thesis/build/point-cloud-process
[5.015s] Invoked command in '/home/mark/thesis/build/point-cloud-process' returned '0': CMAKE_PREFIX_PATH=${CMAKE_PREFIX_PATH}:/home/mark/ros_ws/install/my_ros_01:/home/mark/ros_ws/install/my_package:/home/mark/ros_ws/install/lifecycle_py:/opt/ros/humble /usr/bin/cmake /home/mark/thesis/src/point-cloud-process -DCMAKE_INSTALL_PREFIX=/home/mark/thesis/install/point-cloud-process
[5.018s] Invoking command in '/home/mark/thesis/build/point-cloud-process': CMAKE_PREFIX_PATH=${CMAKE_PREFIX_PATH}:/home/mark/ros_ws/install/my_ros_01:/home/mark/ros_ws/install/my_package:/home/mark/ros_ws/install/lifecycle_py:/opt/ros/humble /usr/bin/cmake --build /home/mark/thesis/build/point-cloud-process -- -j4 -l4
[5.090s] [ 25%] [32mBuilding CXX object CMakeFiles/pcd_import.dir/src/0_table_scene.cpp.o[0m
[5.104s] [ 50%] [32mBuilding CXX object CMakeFiles/plane_cloud.dir/src/1_planner_cloud.cpp.o[0m
[18.124s] [ 75%] [32m[1mLinking CXX executable plane_cloud[0m
[19.058s] [100%] [32m[1mLinking CXX executable pcd_import[0m
[20.256s] [100%] Built target plane_cloud
[20.682s] [100%] Built target pcd_import
[20.738s] Invoked command in '/home/mark/thesis/build/point-cloud-process' returned '0': CMAKE_PREFIX_PATH=${CMAKE_PREFIX_PATH}:/home/mark/ros_ws/install/my_ros_01:/home/mark/ros_ws/install/my_package:/home/mark/ros_ws/install/lifecycle_py:/opt/ros/humble /usr/bin/cmake --build /home/mark/thesis/build/point-cloud-process -- -j4 -l4
[21.049s] Invoking command in '/home/mark/thesis/build/point-cloud-process': CMAKE_PREFIX_PATH=${CMAKE_PREFIX_PATH}:/home/mark/ros_ws/install/my_ros_01:/home/mark/ros_ws/install/my_package:/home/mark/ros_ws/install/lifecycle_py:/opt/ros/humble /usr/bin/cmake --install /home/mark/thesis/build/point-cloud-process
[21.091s] -- Install configuration: ""
[21.092s] -- Installing: /home/mark/thesis/install/point-cloud-process/lib/point-cloud-process/pcd_import
[21.093s] -- Installing: /home/mark/thesis/install/point-cloud-process/lib/point-cloud-process/plane_cloud
[21.093s] -- Installing: /home/mark/thesis/install/point-cloud-process/share/point-cloud-process//launch
[21.094s] -- Installing: /home/mark/thesis/install/point-cloud-process/share/point-cloud-process//launch/rtab_mapping.launch.py
[21.094s] -- Installing: /home/mark/thesis/install/point-cloud-process/share/ament_index/resource_index/package_run_dependencies/point-cloud-process
[21.095s] -- Installing: /home/mark/thesis/install/point-cloud-process/share/ament_index/resource_index/parent_prefix_path/point-cloud-process
[21.095s] -- Installing: /home/mark/thesis/install/point-cloud-process/share/point-cloud-process/environment/ament_prefix_path.sh
[21.096s] -- Installing: /home/mark/thesis/install/point-cloud-process/share/point-cloud-process/environment/ament_prefix_path.dsv
[21.097s] -- Installing: /home/mark/thesis/install/point-cloud-process/share/point-cloud-process/environment/path.sh
[21.101s] -- Installing: /home/mark/thesis/install/point-cloud-process/share/point-cloud-process/environment/path.dsv
[21.101s] -- Installing: /home/mark/thesis/install/point-cloud-process/share/point-cloud-process/local_setup.bash
[21.102s] -- Installing: /home/mark/thesis/install/point-cloud-process/share/point-cloud-process/local_setup.sh
[21.102s] -- Installing: /home/mark/thesis/install/point-cloud-process/share/point-cloud-process/local_setup.zsh
[21.102s] -- Installing: /home/mark/thesis/install/point-cloud-process/share/point-cloud-process/local_setup.dsv
[21.102s] -- Installing: /home/mark/thesis/install/point-cloud-process/share/point-cloud-process/package.dsv
[21.103s] -- Installing: /home/mark/thesis/install/point-cloud-process/share/ament_index/resource_index/packages/point-cloud-process
[21.103s] -- Installing: /home/mark/thesis/install/point-cloud-process/share/point-cloud-process/cmake/point-cloud-processConfig.cmake
[21.103s] -- Installing: /home/mark/thesis/install/point-cloud-process/share/point-cloud-process/cmake/point-cloud-processConfig-version.cmake
[21.104s] -- Installing: /home/mark/thesis/install/point-cloud-process/share/point-cloud-process/package.xml
[21.110s] Invoked command in '/home/mark/thesis/build/point-cloud-process' returned '0': CMAKE_PREFIX_PATH=${CMAKE_PREFIX_PATH}:/home/mark/ros_ws/install/my_ros_01:/home/mark/ros_ws/install/my_package:/home/mark/ros_ws/install/lifecycle_py:/opt/ros/humble /usr/bin/cmake --install /home/mark/thesis/build/point-cloud-process
