[0.069s] Invoking command in '/home/mark/thesis/build/rtabmap_costmap_plugins': /usr/bin/cmake /home/mark/thesis/src/rtabmap_ros/rtabmap_costmap_plugins -DCATKIN_INSTALL_INTO_PREFIX_ROOT=0 -DCMAKE_INSTALL_PREFIX=/home/mark/thesis/install/rtabmap_costmap_plugins
[0.324s] -- The C compiler identification is GNU 11.4.0
[0.529s] -- The CXX compiler identification is GNU 11.4.0
[0.546s] -- Detecting C compiler ABI info
[0.782s] -- Detecting C compiler ABI info - done
[0.809s] -- Check for working C compiler: /usr/bin/cc - skipped
[0.810s] -- Detecting C compile features
[0.812s] -- Detecting C compile features - done
[0.826s] -- Detecting CXX compiler ABI info
[1.031s] -- Detecting CXX compiler ABI info - done
[1.057s] -- Check for working CXX compiler: /usr/bin/c++ - skipped
[1.057s] -- Detecting CXX compile features
[1.059s] -- Detecting CXX compile features - done
[1.111s] -- Configuring incomplete, errors occurred!
[1.111s] See also "/home/mark/thesis/build/rtabmap_costmap_plugins/CMakeFiles/CMakeOutput.log".
[1.111s] [31mCMake Error at CMakeLists.txt:8 (find_package):
[1.112s]   By not providing "Findcatkin.cmake" in CMAKE_MODULE_PATH this project has
[1.112s]   asked CMake to find a package configuration file provided by "catkin", but
[1.112s]   CMake did not find one.
[1.115s] 
[1.116s]   Could not find a package configuration file provided by "catkin" with any
[1.117s]   of the following names:
[1.117s] 
[1.117s]     catkinConfig.cmake
[1.117s]     catkin-config.cmake
[1.117s] 
[1.117s]   Add the installation prefix of "catkin" to CMAKE_PREFIX_PATH or set
[1.118s]   "catkin_DIR" to a directory containing one of the above files.  If "catkin"
[1.118s]   provides a separate development package or SDK, be sure it has been
[1.118s]   installed.
[1.122s] 
[1.122s] [0m
[1.123s] Invoked command in '/home/mark/thesis/build/rtabmap_costmap_plugins' returned '1': /usr/bin/cmake /home/mark/thesis/src/rtabmap_ros/rtabmap_costmap_plugins -DCATKIN_INSTALL_INTO_PREFIX_ROOT=0 -DCMAKE_INSTALL_PREFIX=/home/mark/thesis/install/rtabmap_costmap_plugins
