[0.039s] Invoking command in '/home/mark/thesis/build/ros2_kitti_publishers': CMAKE_PREFIX_PATH=${CMAKE_PREFIX_PATH}:/home/mark/ros_ws/install/my_ros_01:/home/mark/ros_ws/install/my_package:/home/mark/ros_ws/install/lifecycle_py:/opt/ros/humble /usr/bin/cmake /home/mark/thesis/src/ros2_kitti_publishers -DCMAKE_INSTALL_PREFIX=/home/mark/thesis/install/ros2_kitti_publishers
[0.354s] -- The C compiler identification is GNU 11.4.0
[0.614s] -- The CXX compiler identification is GNU 11.4.0
[0.658s] -- Detecting C compiler ABI info
[0.867s] -- Detecting C compiler ABI info - done
[0.915s] -- Check for working C compiler: /usr/bin/cc - skipped
[0.926s] -- Detecting C compile features
[0.927s] -- Detecting C compile features - done
[0.953s] -- Detecting CXX compiler ABI info
[1.347s] -- Detecting CXX compiler ABI info - done
[1.397s] -- Check for working CXX compiler: /usr/bin/c++ - skipped
[1.398s] -- Detecting CXX compile features
[1.400s] -- Detecting CXX compile features - done
[1.412s] -- Looking for pthread.h
[1.830s] -- Looking for pthread.h - found
[1.830s] -- Performing Test CMAKE_HAVE_LIBC_PTHREAD
[2.209s] -- Performing Test CMAKE_HAVE_LIBC_PTHREAD - Success
[2.211s] -- Found Threads: TRUE  
[2.225s] -- Found ament_cmake: 1.3.9 (/opt/ros/humble/share/ament_cmake/cmake)
[3.697s] -- Found Python3: /usr/bin/python3 (found version "3.10.12") found components: Interpreter 
