[0.021s] Invoking command in '/home/mark/thesis/build/point-cloud-process': CMAKE_PREFIX_PATH=${CMAKE_PREFIX_PATH}:/home/mark/ros_ws/install/my_ros_01:/home/mark/ros_ws/install/my_package:/home/mark/ros_ws/install/lifecycle_py:/opt/ros/humble /usr/bin/cmake --build /home/mark/thesis/build/point-cloud-process -- -j4 -l4
[0.138s] [ 50%] Built target pcd_import
[0.154s] [100%] Built target plane_cloud
[0.179s] Invoked command in '/home/mark/thesis/build/point-cloud-process' returned '0': CMAKE_PREFIX_PATH=${CMAKE_PREFIX_PATH}:/home/mark/ros_ws/install/my_ros_01:/home/mark/ros_ws/install/my_package:/home/mark/ros_ws/install/lifecycle_py:/opt/ros/humble /usr/bin/cmake --build /home/mark/thesis/build/point-cloud-process -- -j4 -l4
[0.237s] Invoking command in '/home/mark/thesis/build/point-cloud-process': CMAKE_PREFIX_PATH=${CMAKE_PREFIX_PATH}:/home/mark/ros_ws/install/my_ros_01:/home/mark/ros_ws/install/my_package:/home/mark/ros_ws/install/lifecycle_py:/opt/ros/humble /usr/bin/cmake --install /home/mark/thesis/build/point-cloud-process
[0.248s] -- Install configuration: ""
[0.249s] -- Up-to-date: /home/mark/thesis/install/point-cloud-process/lib/point-cloud-process/pcd_import
[0.249s] -- Up-to-date: /home/mark/thesis/install/point-cloud-process/lib/point-cloud-process/plane_cloud
[0.249s] -- Up-to-date: /home/mark/thesis/install/point-cloud-process/share/point-cloud-process//launch
[0.250s] -- Up-to-date: /home/mark/thesis/install/point-cloud-process/share/point-cloud-process//launch/rtab_mapping.launch.py
[0.250s] -- Up-to-date: /home/mark/thesis/install/point-cloud-process/share/ament_index/resource_index/package_run_dependencies/point-cloud-process
[0.250s] -- Up-to-date: /home/mark/thesis/install/point-cloud-process/share/ament_index/resource_index/parent_prefix_path/point-cloud-process
[0.251s] -- Up-to-date: /home/mark/thesis/install/point-cloud-process/share/point-cloud-process/environment/ament_prefix_path.sh
[0.251s] -- Up-to-date: /home/mark/thesis/install/point-cloud-process/share/point-cloud-process/environment/ament_prefix_path.dsv
[0.251s] -- Up-to-date: /home/mark/thesis/install/point-cloud-process/share/point-cloud-process/environment/path.sh
[0.251s] -- Up-to-date: /home/mark/thesis/install/point-cloud-process/share/point-cloud-process/environment/path.dsv
[0.251s] -- Up-to-date: /home/mark/thesis/install/point-cloud-process/share/point-cloud-process/local_setup.bash
[0.252s] -- Up-to-date: /home/mark/thesis/install/point-cloud-process/share/point-cloud-process/local_setup.sh
[0.252s] -- Up-to-date: /home/mark/thesis/install/point-cloud-process/share/point-cloud-process/local_setup.zsh
[0.252s] -- Up-to-date: /home/mark/thesis/install/point-cloud-process/share/point-cloud-process/local_setup.dsv
[0.252s] -- Installing: /home/mark/thesis/install/point-cloud-process/share/point-cloud-process/package.dsv
[0.252s] -- Up-to-date: /home/mark/thesis/install/point-cloud-process/share/ament_index/resource_index/packages/point-cloud-process
[0.252s] -- Up-to-date: /home/mark/thesis/install/point-cloud-process/share/point-cloud-process/cmake/point-cloud-processConfig.cmake
[0.252s] -- Up-to-date: /home/mark/thesis/install/point-cloud-process/share/point-cloud-process/cmake/point-cloud-processConfig-version.cmake
[0.252s] -- Up-to-date: /home/mark/thesis/install/point-cloud-process/share/point-cloud-process/package.xml
[0.254s] Invoked command in '/home/mark/thesis/build/point-cloud-process' returned '0': CMAKE_PREFIX_PATH=${CMAKE_PREFIX_PATH}:/home/mark/ros_ws/install/my_ros_01:/home/mark/ros_ws/install/my_package:/home/mark/ros_ws/install/lifecycle_py:/opt/ros/humble /usr/bin/cmake --install /home/mark/thesis/build/point-cloud-process
