[0.355s] DEBUG:colcon:Command line arguments: ['/usr/bin/colcon', 'build']
[0.355s] DEBUG:colcon:Parsed command line arguments: Namespace(log_base=None, log_level=None, verb_name='build', build_base='build', install_base='install', merge_install=False, symlink_install=False, test_result_base=None, continue_on_error=False, executor='parallel', parallel_workers=4, event_handlers=None, ignore_user_meta=False, metas=['./colcon.meta'], base_paths=['.'], packages_ignore=None, packages_ignore_regex=None, paths=None, packages_up_to=None, packages_up_to_regex=None, packages_above=None, packages_above_and_dependencies=None, packages_above_depth=None, packages_select_by_dep=None, packages_skip_by_dep=None, packages_skip_up_to=None, packages_select_build_failed=False, packages_skip_build_finished=False, packages_select_test_failures=False, packages_skip_test_passed=False, packages_select=None, packages_skip=None, packages_select_regex=None, packages_skip_regex=None, packages_start=None, packages_end=None, allow_overriding=[], cmake_args=None, cmake_target=None, cmake_target_skip_unavailable=False, cmake_clean_cache=False, cmake_clean_first=False, cmake_force_configure=False, ament_cmake_args=None, catkin_cmake_args=None, catkin_skip_building_tests=False, verb_parser=<colcon_defaults.argument_parser.defaults.DefaultArgumentsDecorator object at 0x787aedd8d0f0>, verb_extension=<colcon_core.verb.build.BuildVerb object at 0x787aedd8caf0>, main=<bound method BuildVerb.main of <colcon_core.verb.build.BuildVerb object at 0x787aedd8caf0>>)
[0.515s] Level 1:colcon.colcon_core.package_discovery:discover_packages(colcon_meta) check parameters
[0.515s] Level 1:colcon.colcon_core.package_discovery:discover_packages(recursive) check parameters
[0.515s] Level 1:colcon.colcon_core.package_discovery:discover_packages(ignore) check parameters
[0.515s] Level 1:colcon.colcon_core.package_discovery:discover_packages(path) check parameters
[0.515s] Level 1:colcon.colcon_core.package_discovery:discover_packages(colcon_meta) discover
[0.515s] Level 1:colcon.colcon_core.package_discovery:discover_packages(recursive) discover
[0.515s] INFO:colcon.colcon_core.package_discovery:Crawling recursively for packages in '/home/mark/thesis'
[0.516s] Level 1:colcon.colcon_core.package_identification:_identify(.) by extensions ['ignore', 'ignore_ament_install']
[0.516s] Level 1:colcon.colcon_core.package_identification:_identify(.) by extension 'ignore'
[0.516s] Level 1:colcon.colcon_core.package_identification:_identify(.) by extension 'ignore_ament_install'
[0.516s] Level 1:colcon.colcon_core.package_identification:_identify(.) by extensions ['colcon_pkg']
[0.516s] Level 1:colcon.colcon_core.package_identification:_identify(.) by extension 'colcon_pkg'
[0.516s] Level 1:colcon.colcon_core.package_identification:_identify(.) by extensions ['colcon_meta']
[0.516s] Level 1:colcon.colcon_core.package_identification:_identify(.) by extension 'colcon_meta'
[0.516s] Level 1:colcon.colcon_core.package_identification:_identify(.) by extensions ['ros']
[0.516s] Level 1:colcon.colcon_core.package_identification:_identify(.) by extension 'ros'
[0.546s] Level 1:colcon.colcon_core.package_identification:_identify(.) by extensions ['cmake', 'python']
[0.546s] Level 1:colcon.colcon_core.package_identification:_identify(.) by extension 'cmake'
[0.546s] Level 1:colcon.colcon_core.package_identification:_identify(.) by extension 'python'
[0.546s] Level 1:colcon.colcon_core.package_identification:_identify(.) by extensions ['python_setup_py']
[0.546s] Level 1:colcon.colcon_core.package_identification:_identify(.) by extension 'python_setup_py'
[0.547s] Level 1:colcon.colcon_core.package_identification:_identify(build) by extensions ['ignore', 'ignore_ament_install']
[0.547s] Level 1:colcon.colcon_core.package_identification:_identify(build) by extension 'ignore'
[0.547s] Level 1:colcon.colcon_core.package_identification:_identify(build) ignored
[0.547s] Level 1:colcon.colcon_core.package_identification:_identify(install) by extensions ['ignore', 'ignore_ament_install']
[0.547s] Level 1:colcon.colcon_core.package_identification:_identify(install) by extension 'ignore'
[0.547s] Level 1:colcon.colcon_core.package_identification:_identify(install) ignored
[0.548s] Level 1:colcon.colcon_core.package_identification:_identify(log) by extensions ['ignore', 'ignore_ament_install']
[0.548s] Level 1:colcon.colcon_core.package_identification:_identify(log) by extension 'ignore'
[0.548s] Level 1:colcon.colcon_core.package_identification:_identify(log) ignored
[0.548s] Level 1:colcon.colcon_core.package_identification:_identify(src) by extensions ['ignore', 'ignore_ament_install']
[0.548s] Level 1:colcon.colcon_core.package_identification:_identify(src) by extension 'ignore'
[0.548s] Level 1:colcon.colcon_core.package_identification:_identify(src) by extension 'ignore_ament_install'
[0.548s] Level 1:colcon.colcon_core.package_identification:_identify(src) by extensions ['colcon_pkg']
[0.548s] Level 1:colcon.colcon_core.package_identification:_identify(src) by extension 'colcon_pkg'
[0.548s] Level 1:colcon.colcon_core.package_identification:_identify(src) by extensions ['colcon_meta']
[0.548s] Level 1:colcon.colcon_core.package_identification:_identify(src) by extension 'colcon_meta'
[0.548s] Level 1:colcon.colcon_core.package_identification:_identify(src) by extensions ['ros']
[0.548s] Level 1:colcon.colcon_core.package_identification:_identify(src) by extension 'ros'
[0.549s] Level 1:colcon.colcon_core.package_identification:_identify(src) by extensions ['cmake', 'python']
[0.549s] Level 1:colcon.colcon_core.package_identification:_identify(src) by extension 'cmake'
[0.549s] Level 1:colcon.colcon_core.package_identification:_identify(src) by extension 'python'
[0.549s] Level 1:colcon.colcon_core.package_identification:_identify(src) by extensions ['python_setup_py']
[0.549s] Level 1:colcon.colcon_core.package_identification:_identify(src) by extension 'python_setup_py'
[0.549s] Level 1:colcon.colcon_core.package_identification:_identify(src/slam_1_pc-process) by extensions ['ignore', 'ignore_ament_install']
[0.549s] Level 1:colcon.colcon_core.package_identification:_identify(src/slam_1_pc-process) by extension 'ignore'
[0.549s] Level 1:colcon.colcon_core.package_identification:_identify(src/slam_1_pc-process) by extension 'ignore_ament_install'
[0.549s] Level 1:colcon.colcon_core.package_identification:_identify(src/slam_1_pc-process) by extensions ['colcon_pkg']
[0.549s] Level 1:colcon.colcon_core.package_identification:_identify(src/slam_1_pc-process) by extension 'colcon_pkg'
[0.549s] Level 1:colcon.colcon_core.package_identification:_identify(src/slam_1_pc-process) by extensions ['colcon_meta']
[0.549s] Level 1:colcon.colcon_core.package_identification:_identify(src/slam_1_pc-process) by extension 'colcon_meta'
[0.549s] Level 1:colcon.colcon_core.package_identification:_identify(src/slam_1_pc-process) by extensions ['ros']
[0.550s] Level 1:colcon.colcon_core.package_identification:_identify(src/slam_1_pc-process) by extension 'ros'
[0.554s] DEBUG:colcon.colcon_core.package_identification:Package 'src/slam_1_pc-process' with type 'ros.ament_cmake' and name 'slam_1_pc-process'
[0.554s] Level 1:colcon.colcon_core.package_discovery:discover_packages(recursive) using defaults
[0.554s] Level 1:colcon.colcon_core.package_discovery:discover_packages(ignore) discover
[0.554s] Level 1:colcon.colcon_core.package_discovery:discover_packages(ignore) using defaults
[0.554s] Level 1:colcon.colcon_core.package_discovery:discover_packages(path) discover
[0.555s] Level 1:colcon.colcon_core.package_discovery:discover_packages(path) using defaults
[0.608s] Level 1:colcon.colcon_core.package_discovery:discover_packages(prefix_path) check parameters
[0.608s] Level 1:colcon.colcon_core.package_discovery:discover_packages(prefix_path) discover
[0.615s] DEBUG:colcon.colcon_installed_package_information.package_discovery:Found 8 installed packages in /home/mark/ros_ws/install
[0.616s] DEBUG:colcon.colcon_installed_package_information.package_discovery:Found 3 installed packages in /home/mark/temp/install
[0.617s] DEBUG:colcon.colcon_installed_package_information.package_discovery:Found 4 installed packages in /home/mark/thesis/install
[0.621s] DEBUG:colcon.colcon_installed_package_information.package_discovery:Found 412 installed packages in /opt/ros/humble
[0.626s] Level 1:colcon.colcon_core.package_discovery:discover_packages(prefix_path) using defaults
[0.754s] Level 5:colcon.colcon_core.verb:set package 'slam_1_pc-process' build argument 'cmake_args' from command line to 'None'
[0.754s] Level 5:colcon.colcon_core.verb:set package 'slam_1_pc-process' build argument 'cmake_target' from command line to 'None'
[0.754s] Level 5:colcon.colcon_core.verb:set package 'slam_1_pc-process' build argument 'cmake_target_skip_unavailable' from command line to 'False'
[0.754s] Level 5:colcon.colcon_core.verb:set package 'slam_1_pc-process' build argument 'cmake_clean_cache' from command line to 'False'
[0.754s] Level 5:colcon.colcon_core.verb:set package 'slam_1_pc-process' build argument 'cmake_clean_first' from command line to 'False'
[0.754s] Level 5:colcon.colcon_core.verb:set package 'slam_1_pc-process' build argument 'cmake_force_configure' from command line to 'False'
[0.755s] Level 5:colcon.colcon_core.verb:set package 'slam_1_pc-process' build argument 'ament_cmake_args' from command line to 'None'
[0.755s] Level 5:colcon.colcon_core.verb:set package 'slam_1_pc-process' build argument 'catkin_cmake_args' from command line to 'None'
[0.755s] Level 5:colcon.colcon_core.verb:set package 'slam_1_pc-process' build argument 'catkin_skip_building_tests' from command line to 'False'
[0.755s] DEBUG:colcon.colcon_core.verb:Building package 'slam_1_pc-process' with the following arguments: {'ament_cmake_args': None, 'build_base': '/home/mark/thesis/build/slam_1_pc-process', 'catkin_cmake_args': None, 'catkin_skip_building_tests': False, 'cmake_args': None, 'cmake_clean_cache': False, 'cmake_clean_first': False, 'cmake_force_configure': False, 'cmake_target': None, 'cmake_target_skip_unavailable': False, 'install_base': '/home/mark/thesis/install/slam_1_pc-process', 'merge_install': False, 'path': '/home/mark/thesis/src/slam_1_pc-process', 'symlink_install': False, 'test_result_base': None}
[0.755s] INFO:colcon.colcon_core.executor:Executing jobs using 'parallel' executor
[0.757s] DEBUG:colcon.colcon_parallel_executor.executor.parallel:run_until_complete
[0.757s] INFO:colcon.colcon_ros.task.ament_cmake.build:Building ROS package in '/home/mark/thesis/src/slam_1_pc-process' with build type 'ament_cmake'
[0.758s] INFO:colcon.colcon_cmake.task.cmake.build:Building CMake package in '/home/mark/thesis/src/slam_1_pc-process'
[0.764s] INFO:colcon.colcon_core.plugin_system:Skipping extension 'colcon_core.shell.bat': Not used on non-Windows systems
[0.765s] INFO:colcon.colcon_core.shell:Skip shell extension 'powershell' for command environment: Not usable outside of PowerShell
[0.765s] DEBUG:colcon.colcon_core.shell:Skip shell extension 'dsv' for command environment
[0.787s] DEBUG:colcon.colcon_core.event_handler.log_command:Invoking command in '/home/mark/thesis/build/slam_1_pc-process': CMAKE_PREFIX_PATH=${CMAKE_PREFIX_PATH}:/home/mark/ros_ws/install/my_ros_01:/home/mark/ros_ws/install/my_package:/home/mark/ros_ws/install/lifecycle_py:/opt/ros/humble /usr/bin/cmake --build /home/mark/thesis/build/slam_1_pc-process -- -j4 -l4
[12.715s] DEBUG:colcon.colcon_core.event_handler.log_command:Invoked command in '/home/mark/thesis/build/slam_1_pc-process' returned '0': CMAKE_PREFIX_PATH=${CMAKE_PREFIX_PATH}:/home/mark/ros_ws/install/my_ros_01:/home/mark/ros_ws/install/my_package:/home/mark/ros_ws/install/lifecycle_py:/opt/ros/humble /usr/bin/cmake --build /home/mark/thesis/build/slam_1_pc-process -- -j4 -l4
[12.775s] DEBUG:colcon.colcon_core.event_handler.log_command:Invoking command in '/home/mark/thesis/build/slam_1_pc-process': CMAKE_PREFIX_PATH=${CMAKE_PREFIX_PATH}:/home/mark/ros_ws/install/my_ros_01:/home/mark/ros_ws/install/my_package:/home/mark/ros_ws/install/lifecycle_py:/opt/ros/humble /usr/bin/cmake --install /home/mark/thesis/build/slam_1_pc-process
[12.792s] Level 1:colcon.colcon_core.environment:create_environment_scripts_only(slam_1_pc-process)
[12.795s] DEBUG:colcon.colcon_core.event_handler.log_command:Invoked command in '/home/mark/thesis/build/slam_1_pc-process' returned '0': CMAKE_PREFIX_PATH=${CMAKE_PREFIX_PATH}:/home/mark/ros_ws/install/my_ros_01:/home/mark/ros_ws/install/my_package:/home/mark/ros_ws/install/lifecycle_py:/opt/ros/humble /usr/bin/cmake --install /home/mark/thesis/build/slam_1_pc-process
[12.798s] Level 1:colcon.colcon_core.environment:checking '/home/mark/thesis/install/slam_1_pc-process' for CMake module files
[12.800s] Level 1:colcon.colcon_core.environment:checking '/home/mark/thesis/install/slam_1_pc-process' for CMake config files
[12.800s] Level 1:colcon.colcon_core.shell:create_environment_hook('slam_1_pc-process', 'cmake_prefix_path')
[12.801s] INFO:colcon.colcon_core.shell:Creating environment hook '/home/mark/thesis/install/slam_1_pc-process/share/slam_1_pc-process/hook/cmake_prefix_path.ps1'
[12.802s] INFO:colcon.colcon_core.shell:Creating environment descriptor '/home/mark/thesis/install/slam_1_pc-process/share/slam_1_pc-process/hook/cmake_prefix_path.dsv'
[12.803s] INFO:colcon.colcon_core.shell:Creating environment hook '/home/mark/thesis/install/slam_1_pc-process/share/slam_1_pc-process/hook/cmake_prefix_path.sh'
[12.804s] Level 1:colcon.colcon_core.environment:checking '/home/mark/thesis/install/slam_1_pc-process/lib'
[12.805s] Level 1:colcon.colcon_core.environment:checking '/home/mark/thesis/install/slam_1_pc-process/bin'
[12.805s] Level 1:colcon.colcon_core.environment:checking '/home/mark/thesis/install/slam_1_pc-process/lib/pkgconfig/slam_1_pc-process.pc'
[12.805s] Level 1:colcon.colcon_core.environment:checking '/home/mark/thesis/install/slam_1_pc-process/lib/python3.10/site-packages'
[12.806s] Level 1:colcon.colcon_core.environment:checking '/home/mark/thesis/install/slam_1_pc-process/bin'
[12.807s] INFO:colcon.colcon_core.shell:Creating package script '/home/mark/thesis/install/slam_1_pc-process/share/slam_1_pc-process/package.ps1'
[12.808s] INFO:colcon.colcon_core.shell:Creating package descriptor '/home/mark/thesis/install/slam_1_pc-process/share/slam_1_pc-process/package.dsv'
[12.809s] INFO:colcon.colcon_core.shell:Creating package script '/home/mark/thesis/install/slam_1_pc-process/share/slam_1_pc-process/package.sh'
[12.811s] INFO:colcon.colcon_core.shell:Creating package script '/home/mark/thesis/install/slam_1_pc-process/share/slam_1_pc-process/package.bash'
[12.812s] INFO:colcon.colcon_core.shell:Creating package script '/home/mark/thesis/install/slam_1_pc-process/share/slam_1_pc-process/package.zsh'
[12.814s] Level 1:colcon.colcon_core.environment:create_file_with_runtime_dependencies(/home/mark/thesis/install/slam_1_pc-process/share/colcon-core/packages/slam_1_pc-process)
[12.863s] Level 1:colcon.colcon_core.environment:create_environment_scripts_only(slam_1_pc-process)
[12.863s] Level 1:colcon.colcon_core.environment:checking '/home/mark/thesis/install/slam_1_pc-process' for CMake module files
[12.864s] Level 1:colcon.colcon_core.environment:checking '/home/mark/thesis/install/slam_1_pc-process' for CMake config files
[12.864s] Level 1:colcon.colcon_core.shell:create_environment_hook('slam_1_pc-process', 'cmake_prefix_path')
[12.865s] INFO:colcon.colcon_core.shell:Creating environment hook '/home/mark/thesis/install/slam_1_pc-process/share/slam_1_pc-process/hook/cmake_prefix_path.ps1'
[12.866s] INFO:colcon.colcon_core.shell:Creating environment descriptor '/home/mark/thesis/install/slam_1_pc-process/share/slam_1_pc-process/hook/cmake_prefix_path.dsv'
[12.866s] INFO:colcon.colcon_core.shell:Creating environment hook '/home/mark/thesis/install/slam_1_pc-process/share/slam_1_pc-process/hook/cmake_prefix_path.sh'
[12.868s] Level 1:colcon.colcon_core.environment:checking '/home/mark/thesis/install/slam_1_pc-process/lib'
[12.868s] Level 1:colcon.colcon_core.environment:checking '/home/mark/thesis/install/slam_1_pc-process/bin'
[12.868s] Level 1:colcon.colcon_core.environment:checking '/home/mark/thesis/install/slam_1_pc-process/lib/pkgconfig/slam_1_pc-process.pc'
[12.869s] Level 1:colcon.colcon_core.environment:checking '/home/mark/thesis/install/slam_1_pc-process/lib/python3.10/site-packages'
[12.869s] Level 1:colcon.colcon_core.environment:checking '/home/mark/thesis/install/slam_1_pc-process/bin'
[12.870s] INFO:colcon.colcon_core.shell:Creating package script '/home/mark/thesis/install/slam_1_pc-process/share/slam_1_pc-process/package.ps1'
[12.872s] INFO:colcon.colcon_core.shell:Creating package descriptor '/home/mark/thesis/install/slam_1_pc-process/share/slam_1_pc-process/package.dsv'
[12.873s] INFO:colcon.colcon_core.shell:Creating package script '/home/mark/thesis/install/slam_1_pc-process/share/slam_1_pc-process/package.sh'
[12.874s] INFO:colcon.colcon_core.shell:Creating package script '/home/mark/thesis/install/slam_1_pc-process/share/slam_1_pc-process/package.bash'
[12.874s] INFO:colcon.colcon_core.shell:Creating package script '/home/mark/thesis/install/slam_1_pc-process/share/slam_1_pc-process/package.zsh'
[12.875s] Level 1:colcon.colcon_core.environment:create_file_with_runtime_dependencies(/home/mark/thesis/install/slam_1_pc-process/share/colcon-core/packages/slam_1_pc-process)
[12.876s] DEBUG:colcon.colcon_parallel_executor.executor.parallel:closing loop
[12.876s] DEBUG:colcon.colcon_parallel_executor.executor.parallel:loop closed
[12.876s] DEBUG:colcon.colcon_parallel_executor.executor.parallel:run_until_complete finished with '0'
[12.876s] DEBUG:colcon.colcon_core.event_reactor:joining thread
[12.884s] INFO:colcon.colcon_core.plugin_system:Skipping extension 'colcon_notification.desktop_notification.terminal_notifier': Not used on non-Darwin systems
[12.884s] INFO:colcon.colcon_core.plugin_system:Skipping extension 'colcon_notification.desktop_notification.win32': Not used on non-Windows systems
[12.884s] INFO:colcon.colcon_notification.desktop_notification:Sending desktop notification using 'notify2'
[12.905s] DEBUG:colcon.colcon_core.event_reactor:joined thread
[12.906s] INFO:colcon.colcon_core.shell:Creating prefix script '/home/mark/thesis/install/local_setup.ps1'
[12.907s] INFO:colcon.colcon_core.shell:Creating prefix util module '/home/mark/thesis/install/_local_setup_util_ps1.py'
[12.910s] INFO:colcon.colcon_core.shell:Creating prefix chain script '/home/mark/thesis/install/setup.ps1'
[12.914s] INFO:colcon.colcon_core.shell:Creating prefix script '/home/mark/thesis/install/local_setup.sh'
[12.916s] INFO:colcon.colcon_core.shell:Creating prefix util module '/home/mark/thesis/install/_local_setup_util_sh.py'
[12.916s] INFO:colcon.colcon_core.shell:Creating prefix chain script '/home/mark/thesis/install/setup.sh'
[12.919s] INFO:colcon.colcon_core.shell:Creating prefix script '/home/mark/thesis/install/local_setup.bash'
[12.919s] INFO:colcon.colcon_core.shell:Creating prefix chain script '/home/mark/thesis/install/setup.bash'
[12.923s] INFO:colcon.colcon_core.shell:Creating prefix script '/home/mark/thesis/install/local_setup.zsh'
[12.925s] INFO:colcon.colcon_core.shell:Creating prefix chain script '/home/mark/thesis/install/setup.zsh'
