[0.044s] Invoking command in '/home/mark/thesis/build/slam_1_pc-process': CMAKE_PREFIX_PATH=${CMAKE_PREFIX_PATH}:/home/mark/ros_ws/install/my_ros_01:/home/mark/ros_ws/install/my_package:/home/mark/ros_ws/install/lifecycle_py:/opt/ros/humble /usr/bin/cmake --build /home/mark/thesis/build/slam_1_pc-process -- -j4 -l4
[0.268s] -- Found ament_cmake: 1.3.9 (/opt/ros/humble/share/ament_cmake/cmake)
[0.848s] -- Eigen found (include: /usr/include/eigen3, version: 3.4.0)
[0.942s] -- FLANN found (include: /usr/include, lib: /usr/lib/x86_64-linux-gnu/libflann_cpp.so)
[1.732s] -- OpenNI found (version: 1.5.4.0, include: /usr/include/ni, lib: /usr/lib/libOpenNI.so;libusb::libusb)
[1.746s] -- OpenNI2 found (version: 2.2.0.33, include: /usr/include/openni2, lib: /usr/lib/x86_64-linux-gnu/libOpenNI2.so;libusb::libusb)
[1.748s] [0m** WARNING ** io features related to pcap will be disabled[0m
[2.037s] -- Eigen found (include: /usr/include/eigen3, version: 3.4.0)
[2.049s] -- OpenNI found (version: 1.5.4.0, include: /usr/include/ni, lib: /usr/lib/libOpenNI.so;libusb::libusb)
[2.058s] -- OpenNI2 found (version: 2.2.0.33, include: /usr/include/openni2, lib: /usr/lib/x86_64-linux-gnu/libOpenNI2.so;libusb::libusb)
[2.334s] -- Found Qhull version 8.0.2
[2.583s] -- OpenNI found (version: 1.5.4.0, include: /usr/include/ni, lib: /usr/lib/libOpenNI.so;libusb::libusb)
[2.833s] -- looking for PCL_COMMON
[2.834s] -- looking for PCL_KDTREE
[2.834s] -- looking for PCL_OCTREE
[2.835s] -- looking for PCL_SEARCH
[2.836s] -- looking for PCL_SAMPLE_CONSENSUS
[2.836s] -- looking for PCL_FILTERS
[2.837s] -- looking for PCL_2D
[2.837s] -- looking for PCL_GEOMETRY
[2.838s] -- looking for PCL_IO
[2.839s] -- looking for PCL_FEATURES
[2.839s] -- looking for PCL_ML
[2.840s] -- looking for PCL_SEGMENTATION
[2.841s] -- looking for PCL_VISUALIZATION
[2.842s] -- looking for PCL_SURFACE
[2.844s] -- looking for PCL_REGISTRATION
[2.845s] -- looking for PCL_KEYPOINTS
[2.845s] -- looking for PCL_TRACKING
[2.846s] -- looking for PCL_RECOGNITION
[2.848s] -- looking for PCL_STEREO
[2.848s] -- looking for PCL_APPS
[2.849s] -- looking for PCL_IN_HAND_SCANNER
[2.850s] -- looking for PCL_MODELER
[2.851s] -- looking for PCL_POINT_CLOUD_EDITOR
[2.851s] -- looking for PCL_OUTOFCORE
[2.852s] -- looking for PCL_PEOPLE
[2.855s] -- Found rclcpp: 16.0.9 (/opt/ros/humble/share/rclcpp/cmake)
[2.907s] -- Found rosidl_generator_c: 3.1.5 (/opt/ros/humble/share/rosidl_generator_c/cmake)
[2.912s] -- Found rosidl_adapter: 3.1.5 (/opt/ros/humble/share/rosidl_adapter/cmake)
[2.927s] -- Found rosidl_generator_cpp: 3.1.5 (/opt/ros/humble/share/rosidl_generator_cpp/cmake)
[2.963s] -- Using all available rosidl_typesupport_c: rosidl_typesupport_fastrtps_c;rosidl_typesupport_introspection_c
[3.101s] -- Using all available rosidl_typesupport_cpp: rosidl_typesupport_fastrtps_cpp;rosidl_typesupport_introspection_cpp
[3.277s] -- Found rmw_implementation_cmake: 6.1.2 (/opt/ros/humble/share/rmw_implementation_cmake/cmake)
[3.282s] -- Found rmw_fastrtps_cpp: 6.2.6 (/opt/ros/humble/share/rmw_fastrtps_cpp/cmake)
[3.528s] -- Using RMW implementation 'rmw_fastrtps_cpp' as default
[3.999s] -- Configuring done
[4.113s] -- Generating done
[4.117s] -- Build files have been written to: /home/mark/thesis/build/slam_1_pc-process
[4.183s] [35m[1mConsolidate compiler generated dependencies of target 2_manual_pcd[0m
[4.195s] [35m[1mConsolidate compiler generated dependencies of target 1_import_pcd[0m
[4.202s] [ 12%] [32mBuilding CXX object CMakeFiles/3_voxel_grid.dir/src/3_voxel_grid.cpp.o[0m
[4.260s] [ 25%] [32mBuilding CXX object CMakeFiles/4_passthrough.dir/src/4_passthrough.cpp.o[0m
[4.286s] [ 50%] Built target 1_import_pcd
[4.297s] [ 75%] Built target 2_manual_pcd
[13.063s] [ 87%] [32m[1mLinking CXX executable 4_passthrough[0m
[13.816s] [100%] [32m[1mLinking CXX executable 3_voxel_grid[0m
[15.114s] [100%] Built target 4_passthrough
[15.146s] [100%] Built target 3_voxel_grid
[15.166s] Invoked command in '/home/mark/thesis/build/slam_1_pc-process' returned '0': CMAKE_PREFIX_PATH=${CMAKE_PREFIX_PATH}:/home/mark/ros_ws/install/my_ros_01:/home/mark/ros_ws/install/my_package:/home/mark/ros_ws/install/lifecycle_py:/opt/ros/humble /usr/bin/cmake --build /home/mark/thesis/build/slam_1_pc-process -- -j4 -l4
[15.227s] Invoking command in '/home/mark/thesis/build/slam_1_pc-process': CMAKE_PREFIX_PATH=${CMAKE_PREFIX_PATH}:/home/mark/ros_ws/install/my_ros_01:/home/mark/ros_ws/install/my_package:/home/mark/ros_ws/install/lifecycle_py:/opt/ros/humble /usr/bin/cmake --install /home/mark/thesis/build/slam_1_pc-process
[15.239s] -- Install configuration: ""
[15.240s] -- Up-to-date: /home/mark/thesis/install/slam_1_pc-process/lib/slam_1_pc-process/1_import_pcd
[15.241s] -- Up-to-date: /home/mark/thesis/install/slam_1_pc-process/lib/slam_1_pc-process/2_manual_pcd
[15.242s] -- Installing: /home/mark/thesis/install/slam_1_pc-process/lib/slam_1_pc-process/3_voxel_grid
[15.243s] -- Installing: /home/mark/thesis/install/slam_1_pc-process/lib/slam_1_pc-process/4_passthrough
[15.244s] -- Up-to-date: /home/mark/thesis/install/slam_1_pc-process/share/slam_1_pc-process/
[15.244s] -- Up-to-date: /home/mark/thesis/install/slam_1_pc-process/share/ament_index/resource_index/package_run_dependencies/slam_1_pc-process
[15.245s] -- Up-to-date: /home/mark/thesis/install/slam_1_pc-process/share/ament_index/resource_index/parent_prefix_path/slam_1_pc-process
[15.245s] -- Up-to-date: /home/mark/thesis/install/slam_1_pc-process/share/slam_1_pc-process/environment/ament_prefix_path.sh
[15.246s] -- Installing: /home/mark/thesis/install/slam_1_pc-process/share/slam_1_pc-process/environment/ament_prefix_path.dsv
[15.246s] -- Up-to-date: /home/mark/thesis/install/slam_1_pc-process/share/slam_1_pc-process/environment/path.sh
[15.247s] -- Installing: /home/mark/thesis/install/slam_1_pc-process/share/slam_1_pc-process/environment/path.dsv
[15.247s] -- Up-to-date: /home/mark/thesis/install/slam_1_pc-process/share/slam_1_pc-process/local_setup.bash
[15.247s] -- Up-to-date: /home/mark/thesis/install/slam_1_pc-process/share/slam_1_pc-process/local_setup.sh
[15.248s] -- Up-to-date: /home/mark/thesis/install/slam_1_pc-process/share/slam_1_pc-process/local_setup.zsh
[15.248s] -- Installing: /home/mark/thesis/install/slam_1_pc-process/share/slam_1_pc-process/local_setup.dsv
[15.248s] -- Installing: /home/mark/thesis/install/slam_1_pc-process/share/slam_1_pc-process/package.dsv
[15.249s] -- Up-to-date: /home/mark/thesis/install/slam_1_pc-process/share/ament_index/resource_index/packages/slam_1_pc-process
[15.249s] -- Up-to-date: /home/mark/thesis/install/slam_1_pc-process/share/slam_1_pc-process/cmake/slam_1_pc-processConfig.cmake
[15.249s] -- Up-to-date: /home/mark/thesis/install/slam_1_pc-process/share/slam_1_pc-process/cmake/slam_1_pc-processConfig-version.cmake
[15.249s] -- Up-to-date: /home/mark/thesis/install/slam_1_pc-process/share/slam_1_pc-process/package.xml
[15.254s] Invoked command in '/home/mark/thesis/build/slam_1_pc-process' returned '0': CMAKE_PREFIX_PATH=${CMAKE_PREFIX_PATH}:/home/mark/ros_ws/install/my_ros_01:/home/mark/ros_ws/install/my_package:/home/mark/ros_ws/install/lifecycle_py:/opt/ros/humble /usr/bin/cmake --install /home/mark/thesis/build/slam_1_pc-process
