[0.033s] Invoking command in '/home/mark/thesis/build/slam_0_bringup': CMAKE_PREFIX_PATH=${CMAKE_PREFIX_PATH}:/home/mark/ros_ws/install/my_ros_01:/home/mark/ros_ws/install/my_package:/home/mark/ros_ws/install/lifecycle_py:/opt/ros/humble /usr/bin/cmake /home/mark/thesis/src/slam_0_bringup -DCMAKE_INSTALL_PREFIX=/home/mark/thesis/install/slam_0_bringup
[0.306s] -- The C compiler identification is GNU 11.4.0
[0.601s] -- The CXX compiler identification is GNU 11.4.0
[0.631s] -- Detecting C compiler ABI info
[0.895s] -- Detecting C compiler ABI info - done
[0.956s] -- Check for working C compiler: /usr/bin/cc - skipped
[0.956s] -- Detecting C compile features
[0.957s] -- Detecting C compile features - done
[0.973s] -- Detecting CXX compiler ABI info
[1.301s] -- Detecting CXX compiler ABI info - done
[1.337s] -- Check for working CXX compiler: /usr/bin/c++ - skipped
[1.338s] -- Detecting CXX compile features
[1.349s] -- Detecting CXX compile features - done
[1.371s] -- Found ament_cmake: 1.3.9 (/opt/ros/humble/share/ament_cmake/cmake)
[2.523s] -- Found Python3: /usr/bin/python3 (found version "3.10.12") found components: Interpreter 
[3.285s] -- Configuring done
[3.291s] -- Generating done
[3.296s] -- Build files have been written to: /home/mark/thesis/build/slam_0_bringup
[3.317s] Invoked command in '/home/mark/thesis/build/slam_0_bringup' returned '0': CMAKE_PREFIX_PATH=${CMAKE_PREFIX_PATH}:/home/mark/ros_ws/install/my_ros_01:/home/mark/ros_ws/install/my_package:/home/mark/ros_ws/install/lifecycle_py:/opt/ros/humble /usr/bin/cmake /home/mark/thesis/src/slam_0_bringup -DCMAKE_INSTALL_PREFIX=/home/mark/thesis/install/slam_0_bringup
[3.319s] Invoking command in '/home/mark/thesis/build/slam_0_bringup': CMAKE_PREFIX_PATH=${CMAKE_PREFIX_PATH}:/home/mark/ros_ws/install/my_ros_01:/home/mark/ros_ws/install/my_package:/home/mark/ros_ws/install/lifecycle_py:/opt/ros/humble /usr/bin/cmake --build /home/mark/thesis/build/slam_0_bringup -- -j4 -l4
[3.465s] Invoked command in '/home/mark/thesis/build/slam_0_bringup' returned '0': CMAKE_PREFIX_PATH=${CMAKE_PREFIX_PATH}:/home/mark/ros_ws/install/my_ros_01:/home/mark/ros_ws/install/my_package:/home/mark/ros_ws/install/lifecycle_py:/opt/ros/humble /usr/bin/cmake --build /home/mark/thesis/build/slam_0_bringup -- -j4 -l4
[3.565s] Invoking command in '/home/mark/thesis/build/slam_0_bringup': CMAKE_PREFIX_PATH=${CMAKE_PREFIX_PATH}:/home/mark/ros_ws/install/my_ros_01:/home/mark/ros_ws/install/my_package:/home/mark/ros_ws/install/lifecycle_py:/opt/ros/humble /usr/bin/cmake --install /home/mark/thesis/build/slam_0_bringup
[3.584s] -- Install configuration: ""
[3.585s] -- Installing: /home/mark/thesis/install/slam_0_bringup/share/slam_0_bringup//launch
[3.587s] -- Installing: /home/mark/thesis/install/slam_0_bringup/share/slam_0_bringup//launch/publish_kitti.launch.py
[3.591s] -- Installing: /home/mark/thesis/install/slam_0_bringup/share/slam_0_bringup//launch/my_rviz.launch.py
[3.595s] -- Installing: /home/mark/thesis/install/slam_0_bringup/share/slam_0_bringup//launch/rtab_mapping.launch.py
[3.596s] -- Installing: /home/mark/thesis/install/slam_0_bringup/share/slam_0_bringup//rviz
[3.596s] -- Installing: /home/mark/thesis/install/slam_0_bringup/share/slam_0_bringup//rviz/rviz_kitti.rviz
[3.598s] -- Installing: /home/mark/thesis/install/slam_0_bringup/share/ament_index/resource_index/package_run_dependencies/slam_0_bringup
[3.598s] -- Installing: /home/mark/thesis/install/slam_0_bringup/share/ament_index/resource_index/parent_prefix_path/slam_0_bringup
[3.599s] -- Installing: /home/mark/thesis/install/slam_0_bringup/share/slam_0_bringup/environment/ament_prefix_path.sh
[3.602s] -- Installing: /home/mark/thesis/install/slam_0_bringup/share/slam_0_bringup/environment/ament_prefix_path.dsv
[3.604s] -- Installing: /home/mark/thesis/install/slam_0_bringup/share/slam_0_bringup/environment/path.sh
[3.606s] -- Installing: /home/mark/thesis/install/slam_0_bringup/share/slam_0_bringup/environment/path.dsv
[3.607s] -- Installing: /home/mark/thesis/install/slam_0_bringup/share/slam_0_bringup/local_setup.bash
[3.609s] -- Installing: /home/mark/thesis/install/slam_0_bringup/share/slam_0_bringup/local_setup.sh
[3.611s] -- Installing: /home/mark/thesis/install/slam_0_bringup/share/slam_0_bringup/local_setup.zsh
[3.611s] -- Installing: /home/mark/thesis/install/slam_0_bringup/share/slam_0_bringup/local_setup.dsv
[3.611s] -- Installing: /home/mark/thesis/install/slam_0_bringup/share/slam_0_bringup/package.dsv
[3.612s] -- Installing: /home/mark/thesis/install/slam_0_bringup/share/ament_index/resource_index/packages/slam_0_bringup
[3.612s] -- Installing: /home/mark/thesis/install/slam_0_bringup/share/slam_0_bringup/cmake/slam_0_bringupConfig.cmake
[3.612s] -- Installing: /home/mark/thesis/install/slam_0_bringup/share/slam_0_bringup/cmake/slam_0_bringupConfig-version.cmake
[3.612s] -- Installing: /home/mark/thesis/install/slam_0_bringup/share/slam_0_bringup/package.xml
[3.621s] Invoked command in '/home/mark/thesis/build/slam_0_bringup' returned '0': CMAKE_PREFIX_PATH=${CMAKE_PREFIX_PATH}:/home/mark/ros_ws/install/my_ros_01:/home/mark/ros_ws/install/my_package:/home/mark/ros_ws/install/lifecycle_py:/opt/ros/humble /usr/bin/cmake --install /home/mark/thesis/build/slam_0_bringup
