[0.043s] Invoking command in '/home/mark/thesis/build/slam_0_bringup': CMAKE_PREFIX_PATH=${CMAKE_PREFIX_PATH}:/home/mark/ros_ws/install/my_ros_01:/home/mark/ros_ws/install/my_package:/home/mark/ros_ws/install/lifecycle_py:/opt/ros/humble /usr/bin/cmake --build /home/mark/thesis/build/slam_0_bringup -- -j4 -l4
[0.202s] -- Found ament_cmake: 1.3.9 (/opt/ros/humble/share/ament_cmake/cmake)
[1.072s] -- Configuring done
[1.080s] -- Generating done
[1.097s] -- Build files have been written to: /home/mark/thesis/build/slam_0_bringup
[1.173s] Invoked command in '/home/mark/thesis/build/slam_0_bringup' returned '0': CMAKE_PREFIX_PATH=${CMAKE_PREFIX_PATH}:/home/mark/ros_ws/install/my_ros_01:/home/mark/ros_ws/install/my_package:/home/mark/ros_ws/install/lifecycle_py:/opt/ros/humble /usr/bin/cmake --build /home/mark/thesis/build/slam_0_bringup -- -j4 -l4
[1.261s] Invoking command in '/home/mark/thesis/build/slam_0_bringup': CMAKE_PREFIX_PATH=${CMAKE_PREFIX_PATH}:/home/mark/ros_ws/install/my_ros_01:/home/mark/ros_ws/install/my_package:/home/mark/ros_ws/install/lifecycle_py:/opt/ros/humble /usr/bin/cmake --install /home/mark/thesis/build/slam_0_bringup
[1.293s] -- Install configuration: ""
[1.293s] -- Up-to-date: /home/mark/thesis/install/slam_0_bringup/share/slam_0_bringup//launch
[1.294s] -- Installing: /home/mark/thesis/install/slam_0_bringup/share/slam_0_bringup//launch/publish_kitti.launch.py
[1.300s] -- Installing: /home/mark/thesis/install/slam_0_bringup/share/slam_0_bringup//launch/my_rviz.launch.py
[1.300s] -- Up-to-date: /home/mark/thesis/install/slam_0_bringup/share/slam_0_bringup//launch/rtab_mapping.launch.py
[1.300s] -- Installing: /home/mark/thesis/install/slam_0_bringup/share/slam_0_bringup//rviz
[1.301s] -- Installing: /home/mark/thesis/install/slam_0_bringup/share/slam_0_bringup//rviz/kitti_viz.rviz
[1.301s] -- Up-to-date: /home/mark/thesis/install/slam_0_bringup/share/ament_index/resource_index/package_run_dependencies/slam_0_bringup
[1.301s] -- Installing: /home/mark/thesis/install/slam_0_bringup/share/ament_index/resource_index/parent_prefix_path/slam_0_bringup
[1.301s] -- Up-to-date: /home/mark/thesis/install/slam_0_bringup/share/slam_0_bringup/environment/ament_prefix_path.sh
[1.301s] -- Installing: /home/mark/thesis/install/slam_0_bringup/share/slam_0_bringup/environment/ament_prefix_path.dsv
[1.301s] -- Up-to-date: /home/mark/thesis/install/slam_0_bringup/share/slam_0_bringup/environment/path.sh
[1.301s] -- Installing: /home/mark/thesis/install/slam_0_bringup/share/slam_0_bringup/environment/path.dsv
[1.312s] -- Up-to-date: /home/mark/thesis/install/slam_0_bringup/share/slam_0_bringup/local_setup.bash
[1.312s] -- Up-to-date: /home/mark/thesis/install/slam_0_bringup/share/slam_0_bringup/local_setup.sh
[1.312s] -- Up-to-date: /home/mark/thesis/install/slam_0_bringup/share/slam_0_bringup/local_setup.zsh
[1.313s] -- Installing: /home/mark/thesis/install/slam_0_bringup/share/slam_0_bringup/local_setup.dsv
[1.313s] -- Installing: /home/mark/thesis/install/slam_0_bringup/share/slam_0_bringup/package.dsv
[1.313s] -- Up-to-date: /home/mark/thesis/install/slam_0_bringup/share/ament_index/resource_index/packages/slam_0_bringup
[1.313s] -- Up-to-date: /home/mark/thesis/install/slam_0_bringup/share/slam_0_bringup/cmake/slam_0_bringupConfig.cmake
[1.313s] -- Up-to-date: /home/mark/thesis/install/slam_0_bringup/share/slam_0_bringup/cmake/slam_0_bringupConfig-version.cmake
[1.313s] -- Up-to-date: /home/mark/thesis/install/slam_0_bringup/share/slam_0_bringup/package.xml
[1.332s] Invoked command in '/home/mark/thesis/build/slam_0_bringup' returned '0': CMAKE_PREFIX_PATH=${CMAKE_PREFIX_PATH}:/home/mark/ros_ws/install/my_ros_01:/home/mark/ros_ws/install/my_package:/home/mark/ros_ws/install/lifecycle_py:/opt/ros/humble /usr/bin/cmake --install /home/mark/thesis/build/slam_0_bringup
