[0.085s] Invoking command in '/home/mark/thesis/build/turtlebot3_gazebo': CMAKE_PREFIX_PATH=${CMAKE_PREFIX_PATH}:/home/mark/ros_ws/install/my_ros_01:/home/mark/ros_ws/install/my_package:/home/mark/ros_ws/install/lifecycle_py:/opt/ros/humble /usr/bin/cmake --build /home/mark/thesis/build/turtlebot3_gazebo -- -j4 -l4
[0.424s] [ 25%] Built target turtlebot3_drive
[0.595s] [ 50%] Built target obstacle1
[0.605s] [100%] Built target obstacles
[0.605s] [100%] Built target obstacle2
[0.654s] Invoked command in '/home/mark/thesis/build/turtlebot3_gazebo' returned '0': CMAKE_PREFIX_PATH=${CMAKE_PREFIX_PATH}:/home/mark/ros_ws/install/my_ros_01:/home/mark/ros_ws/install/my_package:/home/mark/ros_ws/install/lifecycle_py:/opt/ros/humble /usr/bin/cmake --build /home/mark/thesis/build/turtlebot3_gazebo -- -j4 -l4
[0.948s] Invoking command in '/home/mark/thesis/build/turtlebot3_gazebo': CMAKE_PREFIX_PATH=${CMAKE_PREFIX_PATH}:/home/mark/ros_ws/install/my_ros_01:/home/mark/ros_ws/install/my_package:/home/mark/ros_ws/install/lifecycle_py:/opt/ros/humble /usr/bin/cmake --install /home/mark/thesis/build/turtlebot3_gazebo
[0.975s] -- Install configuration: ""
[0.977s] -- Up-to-date: /home/mark/thesis/install/turtlebot3_gazebo/lib/turtlebot3_gazebo/turtlebot3_drive
[0.978s] -- Up-to-date: /home/mark/thesis/install/turtlebot3_gazebo/share/turtlebot3_gazebo//launch
[0.979s] -- Up-to-date: /home/mark/thesis/install/turtlebot3_gazebo/share/turtlebot3_gazebo//launch/turtlebot3_world.launch.py
[0.979s] -- Up-to-date: /home/mark/thesis/install/turtlebot3_gazebo/share/turtlebot3_gazebo//launch/turtlebot3_dqn_stage3.launch.py
[0.979s] -- Up-to-date: /home/mark/thesis/install/turtlebot3_gazebo/share/turtlebot3_gazebo//launch/spawn_turtlebot3.launch.py
[0.979s] -- Up-to-date: /home/mark/thesis/install/turtlebot3_gazebo/share/turtlebot3_gazebo//launch/empty_world.launch.py
[0.980s] -- Up-to-date: /home/mark/thesis/install/turtlebot3_gazebo/share/turtlebot3_gazebo//launch/turtlebot3_dqn_stage2.launch.py
[0.980s] -- Up-to-date: /home/mark/thesis/install/turtlebot3_gazebo/share/turtlebot3_gazebo//launch/turtlebot3_house.launch.py
[0.980s] -- Up-to-date: /home/mark/thesis/install/turtlebot3_gazebo/share/turtlebot3_gazebo//launch/robot_state_publisher.launch.py
[0.980s] -- Up-to-date: /home/mark/thesis/install/turtlebot3_gazebo/share/turtlebot3_gazebo//launch/turtlebot3_dqn_stage1.launch.py
[0.980s] -- Up-to-date: /home/mark/thesis/install/turtlebot3_gazebo/share/turtlebot3_gazebo//launch/turtlebot3_dqn_stage4.launch.py
[0.981s] -- Up-to-date: /home/mark/thesis/install/turtlebot3_gazebo/share/turtlebot3_gazebo//models
[0.990s] -- Up-to-date: /home/mark/thesis/install/turtlebot3_gazebo/share/turtlebot3_gazebo//models/turtlebot3_dqn_world
[0.993s] -- Up-to-date: /home/mark/thesis/install/turtlebot3_gazebo/share/turtlebot3_gazebo//models/turtlebot3_dqn_world/inner_walls
[0.994s] -- Up-to-date: /home/mark/thesis/install/turtlebot3_gazebo/share/turtlebot3_gazebo//models/turtlebot3_dqn_world/inner_walls/model.config
[0.994s] -- Up-to-date: /home/mark/thesis/install/turtlebot3_gazebo/share/turtlebot3_gazebo//models/turtlebot3_dqn_world/inner_walls/model.sdf
[0.994s] -- Up-to-date: /home/mark/thesis/install/turtlebot3_gazebo/share/turtlebot3_gazebo//models/turtlebot3_dqn_world/obstacles
[0.998s] -- Up-to-date: /home/mark/thesis/install/turtlebot3_gazebo/share/turtlebot3_gazebo//models/turtlebot3_dqn_world/obstacles/model.config
[0.998s] -- Up-to-date: /home/mark/thesis/install/turtlebot3_gazebo/share/turtlebot3_gazebo//models/turtlebot3_dqn_world/obstacles/model.sdf
[0.998s] -- Up-to-date: /home/mark/thesis/install/turtlebot3_gazebo/share/turtlebot3_gazebo//models/turtlebot3_dqn_world/model.config
[0.999s] -- Up-to-date: /home/mark/thesis/install/turtlebot3_gazebo/share/turtlebot3_gazebo//models/turtlebot3_dqn_world/goal_box
[0.999s] -- Up-to-date: /home/mark/thesis/install/turtlebot3_gazebo/share/turtlebot3_gazebo//models/turtlebot3_dqn_world/goal_box/model.config
[0.999s] -- Up-to-date: /home/mark/thesis/install/turtlebot3_gazebo/share/turtlebot3_gazebo//models/turtlebot3_dqn_world/goal_box/model.sdf
[0.999s] -- Up-to-date: /home/mark/thesis/install/turtlebot3_gazebo/share/turtlebot3_gazebo//models/turtlebot3_dqn_world/obstacle1
[1.000s] -- Up-to-date: /home/mark/thesis/install/turtlebot3_gazebo/share/turtlebot3_gazebo//models/turtlebot3_dqn_world/obstacle1/model.config
[1.000s] -- Up-to-date: /home/mark/thesis/install/turtlebot3_gazebo/share/turtlebot3_gazebo//models/turtlebot3_dqn_world/obstacle1/model.sdf
[1.000s] -- Up-to-date: /home/mark/thesis/install/turtlebot3_gazebo/share/turtlebot3_gazebo//models/turtlebot3_dqn_world/obstacle_plugin
[1.000s] -- Up-to-date: /home/mark/thesis/install/turtlebot3_gazebo/share/turtlebot3_gazebo//models/turtlebot3_dqn_world/obstacle_plugin/obstacle2.cc
[1.000s] -- Up-to-date: /home/mark/thesis/install/turtlebot3_gazebo/share/turtlebot3_gazebo//models/turtlebot3_dqn_world/obstacle_plugin/CMakeLists.txt
[1.001s] -- Up-to-date: /home/mark/thesis/install/turtlebot3_gazebo/share/turtlebot3_gazebo//models/turtlebot3_dqn_world/obstacle_plugin/obstacles.cc
[1.001s] -- Up-to-date: /home/mark/thesis/install/turtlebot3_gazebo/share/turtlebot3_gazebo//models/turtlebot3_dqn_world/obstacle_plugin/obstacle1.cc
[1.001s] -- Up-to-date: /home/mark/thesis/install/turtlebot3_gazebo/share/turtlebot3_gazebo//models/turtlebot3_dqn_world/obstacle2
[1.001s] -- Up-to-date: /home/mark/thesis/install/turtlebot3_gazebo/share/turtlebot3_gazebo//models/turtlebot3_dqn_world/obstacle2/model.config
[1.002s] -- Up-to-date: /home/mark/thesis/install/turtlebot3_gazebo/share/turtlebot3_gazebo//models/turtlebot3_dqn_world/obstacle2/model.sdf
[1.002s] -- Up-to-date: /home/mark/thesis/install/turtlebot3_gazebo/share/turtlebot3_gazebo//models/turtlebot3_dqn_world/model.sdf
[1.002s] -- Up-to-date: /home/mark/thesis/install/turtlebot3_gazebo/share/turtlebot3_gazebo//models/turtlebot3_waffle
[1.002s] -- Up-to-date: /home/mark/thesis/install/turtlebot3_gazebo/share/turtlebot3_gazebo//models/turtlebot3_waffle/model.config
[1.003s] -- Up-to-date: /home/mark/thesis/install/turtlebot3_gazebo/share/turtlebot3_gazebo//models/turtlebot3_waffle/model-1_4.sdf
[1.003s] -- Up-to-date: /home/mark/thesis/install/turtlebot3_gazebo/share/turtlebot3_gazebo//models/turtlebot3_waffle/model.sdf
[1.003s] -- Up-to-date: /home/mark/thesis/install/turtlebot3_gazebo/share/turtlebot3_gazebo//models/turtlebot3_world
[1.003s] -- Up-to-date: /home/mark/thesis/install/turtlebot3_gazebo/share/turtlebot3_gazebo//models/turtlebot3_world/model.config
[1.004s] -- Up-to-date: /home/mark/thesis/install/turtlebot3_gazebo/share/turtlebot3_gazebo//models/turtlebot3_world/meshes
[1.004s] -- Up-to-date: /home/mark/thesis/install/turtlebot3_gazebo/share/turtlebot3_gazebo//models/turtlebot3_world/meshes/wall.dae
[1.004s] -- Up-to-date: /home/mark/thesis/install/turtlebot3_gazebo/share/turtlebot3_gazebo//models/turtlebot3_world/meshes/hexagon.dae
[1.004s] -- Up-to-date: /home/mark/thesis/install/turtlebot3_gazebo/share/turtlebot3_gazebo//models/turtlebot3_world/model-1_4.sdf
[1.005s] -- Up-to-date: /home/mark/thesis/install/turtlebot3_gazebo/share/turtlebot3_gazebo//models/turtlebot3_world/model.sdf
[1.005s] -- Up-to-date: /home/mark/thesis/install/turtlebot3_gazebo/share/turtlebot3_gazebo//rviz
[1.005s] -- Up-to-date: /home/mark/thesis/install/turtlebot3_gazebo/share/turtlebot3_gazebo//rviz/tb3_gazebo.rviz
[1.005s] -- Up-to-date: /home/mark/thesis/install/turtlebot3_gazebo/share/turtlebot3_gazebo//urdf
[1.006s] -- Up-to-date: /home/mark/thesis/install/turtlebot3_gazebo/share/turtlebot3_gazebo//urdf/turtlebot3_waffle.urdf
[1.006s] -- Up-to-date: /home/mark/thesis/install/turtlebot3_gazebo/share/turtlebot3_gazebo//worlds
[1.006s] -- Up-to-date: /home/mark/thesis/install/turtlebot3_gazebo/share/turtlebot3_gazebo//worlds/turtlebot3_world.world
[1.006s] -- Up-to-date: /home/mark/thesis/install/turtlebot3_gazebo/share/turtlebot3_gazebo//worlds/empty_world.world
[1.007s] -- Up-to-date: /home/mark/thesis/install/turtlebot3_gazebo/include/
[1.007s] -- Up-to-date: /home/mark/thesis/install/turtlebot3_gazebo/include//turtlebot3_gazebo
[1.007s] -- Up-to-date: /home/mark/thesis/install/turtlebot3_gazebo/include//turtlebot3_gazebo/turtlebot3_drive.hpp
[1.007s] -- Up-to-date: /home/mark/thesis/install/turtlebot3_gazebo/share/ament_index/resource_index/package_run_dependencies/turtlebot3_gazebo
[1.008s] -- Up-to-date: /home/mark/thesis/install/turtlebot3_gazebo/share/ament_index/resource_index/parent_prefix_path/turtlebot3_gazebo
[1.008s] -- Up-to-date: /home/mark/thesis/install/turtlebot3_gazebo/share/turtlebot3_gazebo/environment/ament_prefix_path.sh
[1.009s] -- Up-to-date: /home/mark/thesis/install/turtlebot3_gazebo/share/turtlebot3_gazebo/environment/ament_prefix_path.dsv
[1.009s] -- Up-to-date: /home/mark/thesis/install/turtlebot3_gazebo/share/turtlebot3_gazebo/environment/path.sh
[1.009s] -- Up-to-date: /home/mark/thesis/install/turtlebot3_gazebo/share/turtlebot3_gazebo/environment/path.dsv
[1.009s] -- Up-to-date: /home/mark/thesis/install/turtlebot3_gazebo/share/turtlebot3_gazebo/local_setup.bash
[1.009s] -- Up-to-date: /home/mark/thesis/install/turtlebot3_gazebo/share/turtlebot3_gazebo/local_setup.sh
[1.009s] -- Up-to-date: /home/mark/thesis/install/turtlebot3_gazebo/share/turtlebot3_gazebo/local_setup.zsh
[1.010s] -- Up-to-date: /home/mark/thesis/install/turtlebot3_gazebo/share/turtlebot3_gazebo/local_setup.dsv
[1.010s] -- Installing: /home/mark/thesis/install/turtlebot3_gazebo/share/turtlebot3_gazebo/package.dsv
[1.010s] -- Up-to-date: /home/mark/thesis/install/turtlebot3_gazebo/share/ament_index/resource_index/packages/turtlebot3_gazebo
[1.010s] -- Up-to-date: /home/mark/thesis/install/turtlebot3_gazebo/share/turtlebot3_gazebo/cmake/ament_cmake_export_include_directories-extras.cmake
[1.010s] -- Up-to-date: /home/mark/thesis/install/turtlebot3_gazebo/share/turtlebot3_gazebo/cmake/ament_cmake_export_dependencies-extras.cmake
[1.010s] -- Up-to-date: /home/mark/thesis/install/turtlebot3_gazebo/share/turtlebot3_gazebo/cmake/turtlebot3_gazeboConfig.cmake
[1.010s] -- Up-to-date: /home/mark/thesis/install/turtlebot3_gazebo/share/turtlebot3_gazebo/cmake/turtlebot3_gazeboConfig-version.cmake
[1.011s] -- Up-to-date: /home/mark/thesis/install/turtlebot3_gazebo/share/turtlebot3_gazebo/package.xml
[1.027s] Invoked command in '/home/mark/thesis/build/turtlebot3_gazebo' returned '0': CMAKE_PREFIX_PATH=${CMAKE_PREFIX_PATH}:/home/mark/ros_ws/install/my_ros_01:/home/mark/ros_ws/install/my_package:/home/mark/ros_ws/install/lifecycle_py:/opt/ros/humble /usr/bin/cmake --install /home/mark/thesis/build/turtlebot3_gazebo
