[0.042s] Invoking command in '/home/mark/thesis/build/slam_0_bringup': CMAKE_PREFIX_PATH=${CMAKE_PREFIX_PATH}:/home/mark/ros_ws/install/my_ros_01:/home/mark/ros_ws/install/my_package:/home/mark/ros_ws/install/lifecycle_py:/opt/ros/humble /usr/bin/cmake --build /home/mark/thesis/build/slam_0_bringup -- -j4 -l4
[0.149s] Invoked command in '/home/mark/thesis/build/slam_0_bringup' returned '0': CMAKE_PREFIX_PATH=${CMAKE_PREFIX_PATH}:/home/mark/ros_ws/install/my_ros_01:/home/mark/ros_ws/install/my_package:/home/mark/ros_ws/install/lifecycle_py:/opt/ros/humble /usr/bin/cmake --build /home/mark/thesis/build/slam_0_bringup -- -j4 -l4
[0.491s] Invoking command in '/home/mark/thesis/build/slam_0_bringup': CMAKE_PREFIX_PATH=${CMAKE_PREFIX_PATH}:/home/mark/ros_ws/install/my_ros_01:/home/mark/ros_ws/install/my_package:/home/mark/ros_ws/install/lifecycle_py:/opt/ros/humble /usr/bin/cmake --install /home/mark/thesis/build/slam_0_bringup
[0.565s] -- Install configuration: ""
[0.566s] -- Up-to-date: /home/mark/thesis/install/slam_0_bringup/share/slam_0_bringup//launch
[0.566s] -- Up-to-date: /home/mark/thesis/install/slam_0_bringup/share/slam_0_bringup//launch/publish_kitti.launch.py
[0.570s] -- Up-to-date: /home/mark/thesis/install/slam_0_bringup/share/slam_0_bringup//launch/my_rviz.launch.py
[0.571s] -- Up-to-date: /home/mark/thesis/install/slam_0_bringup/share/slam_0_bringup//launch/rtab_mapping.launch.py
[0.571s] -- Up-to-date: /home/mark/thesis/install/slam_0_bringup/share/slam_0_bringup//rviz
[0.571s] -- Up-to-date: /home/mark/thesis/install/slam_0_bringup/share/slam_0_bringup//rviz/rviz_kitti.rviz
[0.572s] -- Up-to-date: /home/mark/thesis/install/slam_0_bringup/share/ament_index/resource_index/package_run_dependencies/slam_0_bringup
[0.572s] -- Up-to-date: /home/mark/thesis/install/slam_0_bringup/share/ament_index/resource_index/parent_prefix_path/slam_0_bringup
[0.572s] -- Up-to-date: /home/mark/thesis/install/slam_0_bringup/share/slam_0_bringup/environment/ament_prefix_path.sh
[0.573s] -- Up-to-date: /home/mark/thesis/install/slam_0_bringup/share/slam_0_bringup/environment/ament_prefix_path.dsv
[0.573s] -- Up-to-date: /home/mark/thesis/install/slam_0_bringup/share/slam_0_bringup/environment/path.sh
[0.573s] -- Up-to-date: /home/mark/thesis/install/slam_0_bringup/share/slam_0_bringup/environment/path.dsv
[0.573s] -- Up-to-date: /home/mark/thesis/install/slam_0_bringup/share/slam_0_bringup/local_setup.bash
[0.573s] -- Up-to-date: /home/mark/thesis/install/slam_0_bringup/share/slam_0_bringup/local_setup.sh
[0.574s] -- Up-to-date: /home/mark/thesis/install/slam_0_bringup/share/slam_0_bringup/local_setup.zsh
[0.574s] -- Up-to-date: /home/mark/thesis/install/slam_0_bringup/share/slam_0_bringup/local_setup.dsv
[0.574s] -- Installing: /home/mark/thesis/install/slam_0_bringup/share/slam_0_bringup/package.dsv
[0.574s] -- Up-to-date: /home/mark/thesis/install/slam_0_bringup/share/ament_index/resource_index/packages/slam_0_bringup
[0.574s] -- Up-to-date: /home/mark/thesis/install/slam_0_bringup/share/slam_0_bringup/cmake/slam_0_bringupConfig.cmake
[0.581s] -- Up-to-date: /home/mark/thesis/install/slam_0_bringup/share/slam_0_bringup/cmake/slam_0_bringupConfig-version.cmake
[0.587s] -- Up-to-date: /home/mark/thesis/install/slam_0_bringup/share/slam_0_bringup/package.xml
[0.598s] Invoked command in '/home/mark/thesis/build/slam_0_bringup' returned '0': CMAKE_PREFIX_PATH=${CMAKE_PREFIX_PATH}:/home/mark/ros_ws/install/my_ros_01:/home/mark/ros_ws/install/my_package:/home/mark/ros_ws/install/lifecycle_py:/opt/ros/humble /usr/bin/cmake --install /home/mark/thesis/build/slam_0_bringup
