[0.047s] Invoking command in '/home/mark/thesis/build/ros2_kitti_publishers': CMAKE_PREFIX_PATH=${CMAKE_PREFIX_PATH}:/home/mark/ros_ws/install/my_ros_01:/home/mark/ros_ws/install/my_package:/home/mark/ros_ws/install/lifecycle_py:/opt/ros/humble /usr/bin/cmake --build /home/mark/thesis/build/ros2_kitti_publishers -- -j4 -l4
[0.174s] [35m[1mConsolidate compiler generated dependencies of target ros2_kitti_publishers[0m
[0.495s] [ 50%] Built target ros2_kitti_publishers
[0.587s] [35m[1mConsolidate compiler generated dependencies of target kitti_publishers[0m
[0.738s] [100%] Built target kitti_publishers
[0.798s] Invoked command in '/home/mark/thesis/build/ros2_kitti_publishers' returned '0': CMAKE_PREFIX_PATH=${CMAKE_PREFIX_PATH}:/home/mark/ros_ws/install/my_ros_01:/home/mark/ros_ws/install/my_package:/home/mark/ros_ws/install/lifecycle_py:/opt/ros/humble /usr/bin/cmake --build /home/mark/thesis/build/ros2_kitti_publishers -- -j4 -l4
[0.944s] Invoking command in '/home/mark/thesis/build/ros2_kitti_publishers': CMAKE_PREFIX_PATH=${CMAKE_PREFIX_PATH}:/home/mark/ros_ws/install/my_ros_01:/home/mark/ros_ws/install/my_package:/home/mark/ros_ws/install/lifecycle_py:/opt/ros/humble /usr/bin/cmake --install /home/mark/thesis/build/ros2_kitti_publishers
[0.958s] -- Install configuration: ""
[0.958s] -- Up-to-date: /home/mark/thesis/install/ros2_kitti_publishers/include/
[0.958s] -- Up-to-date: /home/mark/thesis/install/ros2_kitti_publishers/include//ros2_kitti_publishers
[0.958s] -- Up-to-date: /home/mark/thesis/install/ros2_kitti_publishers/include//ros2_kitti_publishers/kitti_publishers_node.hpp
[0.959s] -- Up-to-date: /home/mark/thesis/install/ros2_kitti_publishers/include//ros2_kitti_publishers/WGS84toCartesian.hpp
[0.959s] -- Up-to-date: /home/mark/thesis/install/ros2_kitti_publishers/include//ros2_kitti_publishers/visibility.h
[0.959s] -- Up-to-date: /home/mark/thesis/install/ros2_kitti_publishers/share/ros2_kitti_publishers/launch
[0.959s] -- Up-to-date: /home/mark/thesis/install/ros2_kitti_publishers/share/ros2_kitti_publishers/launch/README.md
[0.960s] -- Up-to-date: /home/mark/thesis/install/ros2_kitti_publishers/lib/libros2_kitti_publishers.so
[0.960s] -- Up-to-date: /home/mark/thesis/install/ros2_kitti_publishers/lib/ros2_kitti_publishers/kitti_publishers
[0.960s] -- Up-to-date: /home/mark/thesis/install/ros2_kitti_publishers/share/ament_index/resource_index/package_run_dependencies/ros2_kitti_publishers
[0.961s] -- Up-to-date: /home/mark/thesis/install/ros2_kitti_publishers/share/ament_index/resource_index/parent_prefix_path/ros2_kitti_publishers
[0.961s] -- Up-to-date: /home/mark/thesis/install/ros2_kitti_publishers/share/ros2_kitti_publishers/environment/ament_prefix_path.sh
[0.961s] -- Up-to-date: /home/mark/thesis/install/ros2_kitti_publishers/share/ros2_kitti_publishers/environment/ament_prefix_path.dsv
[0.961s] -- Up-to-date: /home/mark/thesis/install/ros2_kitti_publishers/share/ros2_kitti_publishers/environment/path.sh
[0.961s] -- Up-to-date: /home/mark/thesis/install/ros2_kitti_publishers/share/ros2_kitti_publishers/environment/path.dsv
[0.962s] -- Up-to-date: /home/mark/thesis/install/ros2_kitti_publishers/share/ros2_kitti_publishers/local_setup.bash
[0.962s] -- Up-to-date: /home/mark/thesis/install/ros2_kitti_publishers/share/ros2_kitti_publishers/local_setup.sh
[0.962s] -- Up-to-date: /home/mark/thesis/install/ros2_kitti_publishers/share/ros2_kitti_publishers/local_setup.zsh
[0.962s] -- Up-to-date: /home/mark/thesis/install/ros2_kitti_publishers/share/ros2_kitti_publishers/local_setup.dsv
[0.962s] -- Installing: /home/mark/thesis/install/ros2_kitti_publishers/share/ros2_kitti_publishers/package.dsv
[0.963s] -- Up-to-date: /home/mark/thesis/install/ros2_kitti_publishers/share/ament_index/resource_index/packages/ros2_kitti_publishers
[0.963s] -- Up-to-date: /home/mark/thesis/install/ros2_kitti_publishers/share/ros2_kitti_publishers/cmake/ros2_kitti_publishersConfig.cmake
[0.963s] -- Up-to-date: /home/mark/thesis/install/ros2_kitti_publishers/share/ros2_kitti_publishers/cmake/ros2_kitti_publishersConfig-version.cmake
[0.963s] -- Up-to-date: /home/mark/thesis/install/ros2_kitti_publishers/share/ros2_kitti_publishers/package.xml
[0.975s] Invoked command in '/home/mark/thesis/build/ros2_kitti_publishers' returned '0': CMAKE_PREFIX_PATH=${CMAKE_PREFIX_PATH}:/home/mark/ros_ws/install/my_ros_01:/home/mark/ros_ws/install/my_package:/home/mark/ros_ws/install/lifecycle_py:/opt/ros/humble /usr/bin/cmake --install /home/mark/thesis/build/ros2_kitti_publishers
