[0.039s] Invoking command in '/home/mark/thesis/build/point-cloud-process': CMAKE_PREFIX_PATH=${CMAKE_PREFIX_PATH}:/home/mark/ros_ws/install/my_ros_01:/home/mark/ros_ws/install/my_package:/home/mark/ros_ws/install/lifecycle_py:/opt/ros/humble /usr/bin/cmake --build /home/mark/thesis/build/point-cloud-process -- -j4 -l4
[0.199s] -- Found ament_cmake: 1.3.9 (/opt/ros/humble/share/ament_cmake/cmake)
[0.482s] -- Eigen found (include: /usr/include/eigen3, version: 3.4.0)
[0.565s] -- FLANN found (include: /usr/include, lib: /usr/lib/x86_64-linux-gnu/libflann_cpp.so)
[1.137s] -- OpenNI found (version: 1.5.4.0, include: /usr/include/ni, lib: /usr/lib/libOpenNI.so;libusb::libusb)
[1.148s] -- OpenNI2 found (version: 2.2.0.33, include: /usr/include/openni2, lib: /usr/lib/x86_64-linux-gnu/libOpenNI2.so;libusb::libusb)
[1.149s] [0m** WARNING ** io features related to pcap will be disabled[0m
[1.439s] -- Eigen found (include: /usr/include/eigen3, version: 3.4.0)
[1.448s] -- OpenNI found (version: 1.5.4.0, include: /usr/include/ni, lib: /usr/lib/libOpenNI.so;libusb::libusb)
[1.456s] -- OpenNI2 found (version: 2.2.0.33, include: /usr/include/openni2, lib: /usr/lib/x86_64-linux-gnu/libOpenNI2.so;libusb::libusb)
[1.668s] -- Found Qhull version 8.0.2
[1.929s] -- OpenNI found (version: 1.5.4.0, include: /usr/include/ni, lib: /usr/lib/libOpenNI.so;libusb::libusb)
[2.250s] -- looking for PCL_COMMON
[2.250s] -- looking for PCL_KDTREE
[2.251s] -- looking for PCL_OCTREE
[2.251s] -- looking for PCL_SEARCH
[2.252s] -- looking for PCL_SAMPLE_CONSENSUS
[2.253s] -- looking for PCL_FILTERS
[2.254s] -- looking for PCL_2D
[2.255s] -- looking for PCL_GEOMETRY
[2.255s] -- looking for PCL_IO
[2.256s] -- looking for PCL_FEATURES
[2.257s] -- looking for PCL_ML
[2.258s] -- looking for PCL_SEGMENTATION
[2.261s] -- looking for PCL_VISUALIZATION
[2.261s] -- looking for PCL_SURFACE
[2.261s] -- looking for PCL_REGISTRATION
[2.263s] -- looking for PCL_KEYPOINTS
[2.264s] -- looking for PCL_TRACKING
[2.264s] -- looking for PCL_RECOGNITION
[2.265s] -- looking for PCL_STEREO
[2.266s] -- looking for PCL_APPS
[2.267s] -- looking for PCL_IN_HAND_SCANNER
[2.267s] -- looking for PCL_MODELER
[2.268s] -- looking for PCL_POINT_CLOUD_EDITOR
[2.269s] -- looking for PCL_OUTOFCORE
[2.269s] -- looking for PCL_PEOPLE
[2.377s] -- Configuring done
[2.433s] -- Generating done
[2.436s] -- Build files have been written to: /home/mark/thesis/build/point-cloud-process
[2.479s] [35m[1mConsolidate compiler generated dependencies of target pcd_import[0m
[2.485s] [35m[1mConsolidate compiler generated dependencies of target plane_cloud[0m
[2.521s] [ 50%] Built target plane_cloud
[2.526s] [100%] Built target pcd_import
